<?xml version="1.0" encoding="UTF-8"?>
<coverage generated="1763678484482" clover="3.2.0">
  <project timestamp="1763678484482" name="All files">
    <metrics statements="622" coveredstatements="165" conditionals="228" coveredconditionals="111" methods="254" coveredmethods="41" elements="1104" coveredelements="317" complexity="0" loc="622" ncloc="622" packages="12" files="36" classes="36"/>
    <package name="src">
      <metrics statements="4" coveredstatements="0" conditionals="2" coveredconditionals="0" methods="2" coveredmethods="0"/>
      <file name="App.tsx" path="/Users/nose/work/codep/TASK_2309/model_b/hacknews-rn/src/App.tsx">
        <metrics statements="4" coveredstatements="0" conditionals="2" coveredconditionals="0" methods="2" coveredmethods="0"/>
        <line num="9" count="0" type="stmt"/>
        <line num="21" count="0" type="stmt"/>
        <line num="23" count="0" type="stmt"/>
        <line num="33" count="0" type="stmt"/>
      </file>
    </package>
    <package name="src.api">
      <metrics statements="40" coveredstatements="22" conditionals="13" coveredconditionals="7" methods="15" coveredmethods="9"/>
      <file name="client.ts" path="/Users/nose/work/codep/TASK_2309/model_b/hacknews-rn/src/api/client.ts">
        <metrics statements="12" coveredstatements="5" conditionals="4" coveredconditionals="0" methods="4" coveredmethods="2"/>
        <line num="5" count="2" type="stmt"/>
        <line num="14" count="2" type="stmt"/>
        <line num="17" count="15" type="stmt"/>
        <line num="19" count="0" type="stmt"/>
        <line num="23" count="2" type="stmt"/>
        <line num="24" count="15" type="stmt"/>
        <line num="27" count="0" type="cond" truecount="0" falsecount="2"/>
        <line num="29" count="0" type="stmt"/>
        <line num="30" count="0" type="cond" truecount="0" falsecount="2"/>
        <line num="32" count="0" type="stmt"/>
        <line num="35" count="0" type="stmt"/>
        <line num="37" count="0" type="stmt"/>
      </file>
      <file name="hnApi.ts" path="/Users/nose/work/codep/TASK_2309/model_b/hacknews-rn/src/api/hnApi.ts">
        <metrics statements="28" coveredstatements="17" conditionals="9" coveredconditionals="7" methods="11" coveredmethods="7"/>
        <line num="10" count="6" type="stmt"/>
        <line num="19" count="6" type="stmt"/>
        <line num="20" count="6" type="stmt"/>
        <line num="27" count="9" type="stmt"/>
        <line num="28" count="9" type="stmt"/>
        <line num="31" count="9" type="stmt"/>
        <line num="33" count="0" type="stmt"/>
        <line num="34" count="0" type="stmt"/>
        <line num="42" count="8" type="stmt"/>
        <line num="43" count="8" type="cond" truecount="4" falsecount="1"/>
        <line num="44" count="1" type="stmt"/>
        <line num="46" count="7" type="stmt"/>
        <line num="53" count="5" type="stmt"/>
        <line num="54" count="1" type="stmt"/>
        <line num="56" count="5" type="stmt"/>
        <line num="63" count="1" type="stmt"/>
        <line num="64" count="1" type="cond" truecount="3" falsecount="1"/>
        <line num="65" count="0" type="stmt"/>
        <line num="67" count="1" type="stmt"/>
        <line num="74" count="0" type="stmt"/>
        <line num="75" count="0" type="stmt"/>
        <line num="76" count="0" type="stmt"/>
        <line num="83" count="0" type="stmt"/>
        <line num="84" count="0" type="stmt"/>
        <line num="87" count="0" type="stmt"/>
        <line num="89" count="0" type="stmt"/>
        <line num="90" count="0" type="stmt"/>
        <line num="96" count="2" type="stmt"/>
      </file>
      <file name="types.ts" path="/Users/nose/work/codep/TASK_2309/model_b/hacknews-rn/src/api/types.ts">
        <metrics statements="0" coveredstatements="0" conditionals="0" coveredconditionals="0" methods="0" coveredmethods="0"/>
      </file>
    </package>
    <package name="src.components.comment">
      <metrics statements="24" coveredstatements="21" conditionals="34" coveredconditionals="23" methods="6" coveredmethods="4"/>
      <file name="CommentItem.tsx" path="/Users/nose/work/codep/TASK_2309/model_b/hacknews-rn/src/components/comment/CommentItem.tsx">
        <metrics statements="10" coveredstatements="7" conditionals="26" coveredconditionals="16" methods="3" coveredmethods="1"/>
        <line num="21" count="7" type="stmt"/>
        <line num="22" count="7" type="stmt"/>
        <line num="25" count="7" type="stmt"/>
        <line num="30" count="7" type="cond" truecount="3" falsecount="1"/>
        <line num="31" count="0" type="stmt"/>
        <line num="45" count="7" type="cond" truecount="1" falsecount="1"/>
        <line num="47" count="7" type="stmt"/>
        <line num="60" count="0" type="stmt"/>
        <line num="100" count="0" type="stmt"/>
        <line num="127" count="1" type="stmt"/>
      </file>
      <file name="CommentThread.tsx" path="/Users/nose/work/codep/TASK_2309/model_b/hacknews-rn/src/components/comment/CommentThread.tsx">
        <metrics statements="8" coveredstatements="8" conditionals="6" coveredconditionals="6" methods="2" coveredmethods="2"/>
        <line num="15" count="12" type="stmt"/>
        <line num="17" count="12" type="cond" truecount="2" falsecount="0"/>
        <line num="18" count="1" type="stmt"/>
        <line num="21" count="11" type="cond" truecount="4" falsecount="0"/>
        <line num="22" count="7" type="stmt"/>
        <line num="25" count="4" type="stmt"/>
        <line num="31" count="7" type="stmt"/>
        <line num="37" count="1" type="stmt"/>
      </file>
      <file name="HtmlRenderer.tsx" path="/Users/nose/work/codep/TASK_2309/model_b/hacknews-rn/src/components/comment/HtmlRenderer.tsx">
        <metrics statements="6" coveredstatements="6" conditionals="2" coveredconditionals="1" methods="1" coveredmethods="1"/>
        <line num="15" count="7" type="stmt"/>
        <line num="17" count="7" type="cond" truecount="1" falsecount="1"/>
        <line num="20" count="7" type="stmt"/>
        <line num="21" count="7" type="stmt"/>
        <line num="23" count="7" type="stmt"/>
        <line num="28" count="1" type="stmt"/>
      </file>
    </package>
    <package name="src.components.common">
      <metrics statements="9" coveredstatements="6" conditionals="5" coveredconditionals="3" methods="3" coveredmethods="2"/>
      <file name="EmptyState.tsx" path="/Users/nose/work/codep/TASK_2309/model_b/hacknews-rn/src/components/common/EmptyState.tsx">
        <metrics statements="3" coveredstatements="3" conditionals="0" coveredconditionals="0" methods="1" coveredmethods="1"/>
        <line num="11" count="10" type="stmt"/>
        <line num="13" count="10" type="stmt"/>
        <line num="22" count="2" type="stmt"/>
      </file>
      <file name="ErrorMessage.tsx" path="/Users/nose/work/codep/TASK_2309/model_b/hacknews-rn/src/components/common/ErrorMessage.tsx">
        <metrics statements="3" coveredstatements="0" conditionals="2" coveredconditionals="0" methods="1" coveredmethods="0"/>
        <line num="12" count="0" type="stmt"/>
        <line num="14" count="0" type="stmt"/>
        <line num="29" count="0" type="stmt"/>
      </file>
      <file name="LoadingSpinner.tsx" path="/Users/nose/work/codep/TASK_2309/model_b/hacknews-rn/src/components/common/LoadingSpinner.tsx">
        <metrics statements="3" coveredstatements="3" conditionals="3" coveredconditionals="3" methods="1" coveredmethods="1"/>
        <line num="15" count="6" type="stmt"/>
        <line num="17" count="6" type="stmt"/>
        <line num="29" count="3" type="stmt"/>
      </file>
    </package>
    <package name="src.components.story">
      <metrics statements="24" coveredstatements="23" conditionals="26" coveredconditionals="22" methods="8" coveredmethods="7"/>
      <file name="StoryList.tsx" path="/Users/nose/work/codep/TASK_2309/model_b/hacknews-rn/src/components/story/StoryList.tsx">
        <metrics statements="11" coveredstatements="11" conditionals="9" coveredconditionals="9" methods="5" coveredmethods="5"/>
        <line num="32" count="13" type="stmt"/>
        <line num="34" count="13" type="cond" truecount="5" falsecount="0"/>
        <line num="35" count="1" type="stmt"/>
        <line num="38" count="12" type="cond" truecount="4" falsecount="0"/>
        <line num="39" count="3" type="stmt"/>
        <line num="42" count="9" type="stmt"/>
        <line num="47" count="58" type="stmt"/>
        <line num="50" count="2" type="stmt"/>
        <line num="51" count="1" type="stmt"/>
        <line num="54" count="82" type="stmt"/>
        <line num="71" count="1" type="stmt"/>
      </file>
      <file name="StoryListItem.tsx" path="/Users/nose/work/codep/TASK_2309/model_b/hacknews-rn/src/components/story/StoryListItem.tsx">
        <metrics statements="10" coveredstatements="9" conditionals="12" coveredconditionals="9" methods="2" coveredmethods="1"/>
        <line num="24" count="65" type="stmt"/>
        <line num="25" count="65" type="stmt"/>
        <line num="26" count="65" type="stmt"/>
        <line num="28" count="65" type="cond" truecount="2" falsecount="0"/>
        <line num="29" count="65" type="stmt"/>
        <line num="30" count="65" type="stmt"/>
        <line num="32" count="65" type="stmt"/>
        <line num="33" count="0" type="stmt"/>
        <line num="36" count="65" type="stmt"/>
        <line num="105" count="2" type="stmt"/>
      </file>
      <file name="StoryMetadata.tsx" path="/Users/nose/work/codep/TASK_2309/model_b/hacknews-rn/src/components/story/StoryMetadata.tsx">
        <metrics statements="3" coveredstatements="3" conditionals="5" coveredconditionals="4" methods="1" coveredmethods="1"/>
        <line num="24" count="77" type="stmt"/>
        <line num="26" count="77" type="stmt"/>
        <line num="62" count="3" type="stmt"/>
      </file>
    </package>
    <package name="src.hooks">
      <metrics statements="111" coveredstatements="0" conditionals="19" coveredconditionals="0" methods="48" coveredmethods="0"/>
      <file name="useInfiniteStories.test.ts" path="/Users/nose/work/codep/TASK_2309/model_b/hacknews-rn/src/hooks/useInfiniteStories.test.ts">
        <metrics statements="84" coveredstatements="0" conditionals="0" coveredconditionals="0" methods="37" coveredmethods="0"/>
        <line num="9" count="0" type="stmt"/>
        <line num="11" count="0" type="stmt"/>
        <line num="13" count="0" type="stmt"/>
        <line num="14" count="0" type="stmt"/>
        <line num="22" count="0" type="stmt"/>
        <line num="23" count="0" type="stmt"/>
        <line num="27" count="0" type="stmt"/>
        <line num="28" count="0" type="stmt"/>
        <line num="29" count="0" type="stmt"/>
        <line num="32" count="0" type="stmt"/>
        <line num="33" count="0" type="stmt"/>
        <line num="34" count="0" type="stmt"/>
        <line num="44" count="0" type="stmt"/>
        <line num="45" count="0" type="stmt"/>
        <line num="47" count="0" type="stmt"/>
        <line num="51" count="0" type="stmt"/>
        <line num="53" count="0" type="stmt"/>
        <line num="54" count="0" type="stmt"/>
        <line num="55" count="0" type="stmt"/>
        <line num="56" count="0" type="stmt"/>
        <line num="57" count="0" type="stmt"/>
        <line num="60" count="0" type="stmt"/>
        <line num="61" count="0" type="stmt"/>
        <line num="62" count="0" type="stmt"/>
        <line num="71" count="0" type="stmt"/>
        <line num="81" count="0" type="stmt"/>
        <line num="82" count="0" type="stmt"/>
        <line num="86" count="0" type="stmt"/>
        <line num="91" count="0" type="stmt"/>
        <line num="92" count="0" type="stmt"/>
        <line num="95" count="0" type="stmt"/>
        <line num="97" count="0" type="stmt"/>
        <line num="100" count="0" type="stmt"/>
        <line num="101" count="0" type="stmt"/>
        <line num="102" count="0" type="stmt"/>
        <line num="103" count="0" type="stmt"/>
        <line num="106" count="0" type="stmt"/>
        <line num="107" count="0" type="stmt"/>
        <line num="108" count="0" type="stmt"/>
        <line num="117" count="0" type="stmt"/>
        <line num="127" count="0" type="stmt"/>
        <line num="128" count="0" type="stmt"/>
        <line num="132" count="0" type="stmt"/>
        <line num="137" count="0" type="stmt"/>
        <line num="138" count="0" type="stmt"/>
        <line num="141" count="0" type="stmt"/>
        <line num="143" count="0" type="stmt"/>
        <line num="146" count="0" type="stmt"/>
        <line num="147" count="0" type="stmt"/>
        <line num="150" count="0" type="stmt"/>
        <line num="151" count="0" type="stmt"/>
        <line num="153" count="0" type="stmt"/>
        <line num="157" count="0" type="stmt"/>
        <line num="159" count="0" type="stmt"/>
        <line num="162" count="0" type="stmt"/>
        <line num="163" count="0" type="stmt"/>
        <line num="164" count="0" type="stmt"/>
        <line num="174" count="0" type="stmt"/>
        <line num="175" count="0" type="stmt"/>
        <line num="177" count="0" type="stmt"/>
        <line num="181" count="0" type="stmt"/>
        <line num="184" count="0" type="stmt"/>
        <line num="186" count="0" type="stmt"/>
        <line num="189" count="0" type="stmt"/>
        <line num="193" count="0" type="stmt"/>
        <line num="194" count="0" type="stmt"/>
        <line num="195" count="0" type="stmt"/>
        <line num="212" count="0" type="stmt"/>
        <line num="214" count="0" type="stmt"/>
        <line num="215" count="0" type="stmt"/>
        <line num="216" count="0" type="stmt"/>
        <line num="217" count="0" type="stmt"/>
        <line num="218" count="0" type="stmt"/>
        <line num="221" count="0" type="stmt"/>
        <line num="222" count="0" type="stmt"/>
        <line num="224" count="0" type="stmt"/>
        <line num="227" count="0" type="stmt"/>
        <line num="228" count="0" type="stmt"/>
        <line num="230" count="0" type="stmt"/>
        <line num="233" count="0" type="stmt"/>
        <line num="234" count="0" type="stmt"/>
        <line num="244" count="0" type="stmt"/>
        <line num="246" count="0" type="stmt"/>
        <line num="247" count="0" type="stmt"/>
      </file>
      <file name="useInfiniteStories.ts" path="/Users/nose/work/codep/TASK_2309/model_b/hacknews-rn/src/hooks/useInfiniteStories.ts">
        <metrics statements="12" coveredstatements="0" conditionals="5" coveredconditionals="0" methods="5" coveredmethods="0"/>
        <line num="22" count="0" type="stmt"/>
        <line num="26" count="0" type="stmt"/>
        <line num="29" count="0" type="stmt"/>
        <line num="30" count="0" type="stmt"/>
        <line num="31" count="0" type="stmt"/>
        <line num="34" count="0" type="stmt"/>
        <line num="37" count="0" type="stmt"/>
        <line num="38" count="0" type="cond" truecount="0" falsecount="2"/>
        <line num="40" count="0" type="stmt"/>
        <line num="45" count="0" type="stmt"/>
        <line num="58" count="0" type="cond" truecount="0" falsecount="2"/>
        <line num="59" count="0" type="stmt"/>
      </file>
      <file name="useStoryDetail.ts" path="/Users/nose/work/codep/TASK_2309/model_b/hacknews-rn/src/hooks/useStoryDetail.ts">
        <metrics statements="15" coveredstatements="0" conditionals="14" coveredconditionals="0" methods="6" coveredmethods="0"/>
        <line num="12" count="0" type="stmt"/>
        <line num="15" count="0" type="stmt"/>
        <line num="16" count="0" type="cond" truecount="0" falsecount="2"/>
        <line num="17" count="0" type="stmt"/>
        <line num="19" count="0" type="stmt"/>
        <line num="33" count="0" type="stmt"/>
        <line num="36" count="0" type="cond" truecount="0" falsecount="4"/>
        <line num="37" count="0" type="stmt"/>
        <line num="39" count="0" type="stmt"/>
        <line num="40" count="0" type="stmt"/>
        <line num="54" count="0" type="stmt"/>
        <line num="57" count="0" type="cond" truecount="0" falsecount="4"/>
        <line num="58" count="0" type="stmt"/>
        <line num="60" count="0" type="stmt"/>
        <line num="61" count="0" type="stmt"/>
      </file>
    </package>
    <package name="src.navigation">
      <metrics statements="17" coveredstatements="3" conditionals="0" coveredconditionals="0" methods="8" coveredmethods="1"/>
      <file name="AppNavigator.tsx" path="/Users/nose/work/codep/TASK_2309/model_b/hacknews-rn/src/navigation/AppNavigator.tsx">
        <metrics statements="14" coveredstatements="0" conditionals="0" coveredconditionals="0" methods="7" coveredmethods="0"/>
        <line num="14" count="0" type="stmt"/>
        <line num="15" count="0" type="stmt"/>
        <line num="19" count="0" type="stmt"/>
        <line num="21" count="0" type="stmt"/>
        <line num="73" count="0" type="stmt"/>
        <line num="74" count="0" type="stmt"/>
        <line num="76" count="0" type="stmt"/>
        <line num="79" count="0" type="stmt"/>
        <line num="87" count="0" type="stmt"/>
        <line num="100" count="0" type="stmt"/>
        <line num="102" count="0" type="stmt"/>
        <line num="152" count="0" type="stmt"/>
        <line num="163" count="0" type="stmt"/>
        <line num="180" count="0" type="stmt"/>
      </file>
      <file name="types.ts" path="/Users/nose/work/codep/TASK_2309/model_b/hacknews-rn/src/navigation/types.ts">
        <metrics statements="3" coveredstatements="3" conditionals="0" coveredconditionals="0" methods="1" coveredmethods="1"/>
        <line num="35" count="1" type="stmt"/>
        <line num="38" count="15" type="stmt"/>
        <line num="46" count="15" type="stmt"/>
      </file>
    </package>
    <package name="src.screens">
      <metrics statements="86" coveredstatements="40" conditionals="46" coveredconditionals="25" methods="27" coveredmethods="9"/>
      <file name="ArticleScreen.tsx" path="/Users/nose/work/codep/TASK_2309/model_b/hacknews-rn/src/screens/ArticleScreen.tsx">
        <metrics statements="11" coveredstatements="0" conditionals="2" coveredconditionals="0" methods="4" coveredmethods="0"/>
        <line num="10" count="0" type="stmt"/>
        <line num="11" count="0" type="stmt"/>
        <line num="12" count="0" type="stmt"/>
        <line num="13" count="0" type="stmt"/>
        <line num="14" count="0" type="stmt"/>
        <line num="17" count="0" type="stmt"/>
        <line num="18" count="0" type="stmt"/>
        <line num="21" count="0" type="stmt"/>
        <line num="25" count="0" type="stmt"/>
        <line num="26" count="0" type="stmt"/>
        <line num="43" count="0" type="stmt"/>
      </file>
      <file name="BookmarksScreen.tsx" path="/Users/nose/work/codep/TASK_2309/model_b/hacknews-rn/src/screens/BookmarksScreen.tsx">
        <metrics statements="16" coveredstatements="0" conditionals="6" coveredconditionals="0" methods="6" coveredmethods="0"/>
        <line num="11" count="0" type="stmt"/>
        <line num="12" count="0" type="stmt"/>
        <line num="13" count="0" type="stmt"/>
        <line num="16" count="0" type="stmt"/>
        <line num="18" count="0" type="stmt"/>
        <line num="19" count="0" type="cond" truecount="0" falsecount="2"/>
        <line num="20" count="0" type="stmt"/>
        <line num="26" count="0" type="stmt"/>
        <line num="30" count="0" type="stmt"/>
        <line num="31" count="0" type="stmt"/>
        <line num="34" count="0" type="stmt"/>
        <line num="35" count="0" type="stmt"/>
        <line num="38" count="0" type="cond" truecount="0" falsecount="2"/>
        <line num="39" count="0" type="stmt"/>
        <line num="56" count="0" type="stmt"/>
        <line num="80" count="0" type="stmt"/>
      </file>
      <file name="FeedScreen.tsx" path="/Users/nose/work/codep/TASK_2309/model_b/hacknews-rn/src/screens/FeedScreen.tsx">
        <metrics statements="29" coveredstatements="28" conditionals="22" coveredconditionals="19" methods="7" coveredmethods="6"/>
        <line num="14" count="15" type="stmt"/>
        <line num="15" count="15" type="stmt"/>
        <line num="16" count="15" type="stmt"/>
        <line num="19" count="15" type="stmt"/>
        <line num="30" count="15" type="stmt"/>
        <line num="33" count="15" type="cond" truecount="2" falsecount="0"/>
        <line num="35" count="15" type="stmt"/>
        <line num="36" count="0" type="stmt"/>
        <line num="39" count="15" type="stmt"/>
        <line num="40" count="1" type="cond" truecount="3" falsecount="1"/>
        <line num="41" count="1" type="stmt"/>
        <line num="45" count="15" type="stmt"/>
        <line num="46" count="2" type="cond" truecount="2" falsecount="0"/>
        <line num="47" count="1" type="stmt"/>
        <line num="54" count="1" type="stmt"/>
        <line num="58" count="15" type="stmt"/>
        <line num="59" count="1" type="stmt"/>
        <line num="63" count="15" type="stmt"/>
        <line num="64" count="13" type="cond" truecount="4" falsecount="0"/>
        <line num="67" count="9" type="cond" truecount="2" falsecount="0"/>
        <line num="68" count="1" type="stmt"/>
        <line num="79" count="8" type="cond" truecount="2" falsecount="0"/>
        <line num="80" count="4" type="stmt"/>
        <line num="93" count="4" type="stmt"/>
        <line num="102" count="15" type="cond" truecount="2" falsecount="0"/>
        <line num="103" count="2" type="stmt"/>
        <line num="110" count="1" type="stmt"/>
        <line num="118" count="13" type="stmt"/>
        <line num="133" count="1" type="stmt"/>
      </file>
      <file name="HistoryScreen.tsx" path="/Users/nose/work/codep/TASK_2309/model_b/hacknews-rn/src/screens/HistoryScreen.tsx">
        <metrics statements="16" coveredstatements="0" conditionals="6" coveredconditionals="0" methods="6" coveredmethods="0"/>
        <line num="11" count="0" type="stmt"/>
        <line num="12" count="0" type="stmt"/>
        <line num="13" count="0" type="stmt"/>
        <line num="16" count="0" type="stmt"/>
        <line num="18" count="0" type="stmt"/>
        <line num="19" count="0" type="cond" truecount="0" falsecount="2"/>
        <line num="20" count="0" type="stmt"/>
        <line num="26" count="0" type="stmt"/>
        <line num="30" count="0" type="stmt"/>
        <line num="31" count="0" type="stmt"/>
        <line num="34" count="0" type="stmt"/>
        <line num="35" count="0" type="stmt"/>
        <line num="38" count="0" type="cond" truecount="0" falsecount="2"/>
        <line num="39" count="0" type="stmt"/>
        <line num="56" count="0" type="stmt"/>
        <line num="80" count="0" type="stmt"/>
      </file>
      <file name="StoryDetailScreen.tsx" path="/Users/nose/work/codep/TASK_2309/model_b/hacknews-rn/src/screens/StoryDetailScreen.tsx">
        <metrics statements="14" coveredstatements="12" conditionals="10" coveredconditionals="6" methods="4" coveredmethods="3"/>
        <line num="14" count="12" type="stmt"/>
        <line num="15" count="12" type="stmt"/>
        <line num="16" count="12" type="stmt"/>
        <line num="17" count="12" type="stmt"/>
        <line num="18" count="12" type="stmt"/>
        <line num="21" count="12" type="stmt"/>
        <line num="23" count="12" type="cond" truecount="1" falsecount="1"/>
        <line num="26" count="12" type="stmt"/>
        <line num="27" count="12" type="stmt"/>
        <line num="30" count="12" type="stmt"/>
        <line num="44" count="0" type="cond" truecount="0" falsecount="2"/>
        <line num="45" count="0" type="stmt"/>
        <line num="77" count="1" type="stmt"/>
        <line num="95" count="1" type="stmt"/>
      </file>
    </package>
    <package name="src.store">
      <metrics statements="73" coveredstatements="0" conditionals="12" coveredconditionals="0" methods="51" coveredmethods="0"/>
      <file name="bookmarksStore.ts" path="/Users/nose/work/codep/TASK_2309/model_b/hacknews-rn/src/store/bookmarksStore.ts">
        <metrics statements="31" coveredstatements="0" conditionals="4" coveredconditionals="0" methods="25" coveredmethods="0"/>
        <line num="29" count="0" type="stmt"/>
        <line num="30" count="0" type="stmt"/>
        <line num="42" count="0" type="stmt"/>
        <line num="44" count="0" type="stmt"/>
        <line num="48" count="0" type="stmt"/>
        <line num="51" count="0" type="cond" truecount="0" falsecount="2"/>
        <line num="52" count="0" type="stmt"/>
        <line num="55" count="0" type="stmt"/>
        <line num="62" count="0" type="stmt"/>
        <line num="68" count="0" type="stmt"/>
        <line num="69" count="0" type="stmt"/>
        <line num="74" count="0" type="stmt"/>
        <line num="78" count="0" type="stmt"/>
        <line num="82" count="0" type="stmt"/>
        <line num="86" count="0" type="stmt"/>
        <line num="90" count="0" type="stmt"/>
        <line num="97" count="0" type="stmt"/>
        <line num="107" count="0" type="stmt"/>
        <line num="108" count="0" type="stmt"/>
        <line num="109" count="0" type="stmt"/>
        <line num="110" count="0" type="stmt"/>
        <line num="111" count="0" type="stmt"/>
        <line num="112" count="0" type="stmt"/>
        <line num="113" count="0" type="stmt"/>
        <line num="114" count="0" type="stmt"/>
        <line num="115" count="0" type="stmt"/>
        <line num="117" count="0" type="stmt"/>
        <line num="118" count="0" type="cond" truecount="0" falsecount="2"/>
        <line num="119" count="0" type="stmt"/>
        <line num="121" count="0" type="stmt"/>
        <line num="125" count="0" type="stmt"/>
      </file>
      <file name="historyStore.ts" path="/Users/nose/work/codep/TASK_2309/model_b/hacknews-rn/src/store/historyStore.ts">
        <metrics statements="28" coveredstatements="0" conditionals="4" coveredconditionals="0" methods="19" coveredmethods="0"/>
        <line num="24" count="0" type="stmt"/>
        <line num="35" count="0" type="stmt"/>
        <line num="37" count="0" type="stmt"/>
        <line num="41" count="0" type="stmt"/>
        <line num="44" count="0" type="stmt"/>
        <line num="48" count="0" type="cond" truecount="0" falsecount="2"/>
        <line num="50" count="0" type="stmt"/>
        <line num="56" count="0" type="stmt"/>
        <line num="63" count="0" type="stmt"/>
        <line num="70" count="0" type="stmt"/>
        <line num="74" count="0" type="cond" truecount="0" falsecount="2"/>
        <line num="75" count="0" type="stmt"/>
        <line num="78" count="0" type="stmt"/>
        <line num="82" count="0" type="stmt"/>
        <line num="86" count="0" type="stmt"/>
        <line num="90" count="0" type="stmt"/>
        <line num="94" count="0" type="stmt"/>
        <line num="98" count="0" type="stmt"/>
        <line num="105" count="0" type="stmt"/>
        <line num="115" count="0" type="stmt"/>
        <line num="116" count="0" type="stmt"/>
        <line num="117" count="0" type="stmt"/>
        <line num="118" count="0" type="stmt"/>
        <line num="119" count="0" type="stmt"/>
        <line num="120" count="0" type="stmt"/>
        <line num="121" count="0" type="stmt"/>
        <line num="122" count="0" type="stmt"/>
        <line num="124" count="0" type="stmt"/>
      </file>
      <file name="preferencesStore.ts" path="/Users/nose/work/codep/TASK_2309/model_b/hacknews-rn/src/store/preferencesStore.ts">
        <metrics statements="5" coveredstatements="0" conditionals="0" coveredconditionals="0" methods="4" coveredmethods="0"/>
        <line num="13" count="0" type="stmt"/>
        <line num="15" count="0" type="stmt"/>
        <line num="18" count="0" type="stmt"/>
        <line num="19" count="0" type="stmt"/>
        <line num="25" count="0" type="stmt"/>
      </file>
      <file name="themeStore.ts" path="/Users/nose/work/codep/TASK_2309/model_b/hacknews-rn/src/store/themeStore.ts">
        <metrics statements="9" coveredstatements="0" conditionals="4" coveredconditionals="0" methods="3" coveredmethods="0"/>
        <line num="11" count="0" type="stmt"/>
        <line num="13" count="0" type="stmt"/>
        <line num="15" count="0" type="stmt"/>
        <line num="25" count="0" type="stmt"/>
        <line num="26" count="0" type="stmt"/>
        <line num="27" count="0" type="stmt"/>
        <line num="31" count="0" type="cond" truecount="0" falsecount="4"/>
        <line num="32" count="0" type="stmt"/>
        <line num="34" count="0" type="stmt"/>
      </file>
    </package>
    <package name="src.store.middleware">
      <metrics statements="182" coveredstatements="0" conditionals="39" coveredconditionals="0" methods="76" coveredmethods="0"/>
      <file name="persistence.test.ts" path="/Users/nose/work/codep/TASK_2309/model_b/hacknews-rn/src/store/middleware/persistence.test.ts">
        <metrics statements="133" coveredstatements="0" conditionals="18" coveredconditionals="0" methods="67" coveredmethods="0"/>
        <line num="6" count="0" type="stmt"/>
        <line num="12" count="0" type="stmt"/>
        <line num="14" count="0" type="stmt"/>
        <line num="15" count="0" type="stmt"/>
        <line num="16" count="0" type="stmt"/>
        <line num="17" count="0" type="stmt"/>
        <line num="18" count="0" type="stmt"/>
        <line num="19" count="0" type="stmt"/>
        <line num="22" count="0" type="stmt"/>
        <line num="28" count="0" type="stmt"/>
        <line num="30" count="0" type="stmt"/>
        <line num="32" count="0" type="stmt"/>
        <line num="38" count="0" type="stmt"/>
        <line num="41" count="0" type="stmt"/>
        <line num="47" count="0" type="stmt"/>
        <line num="49" count="0" type="stmt"/>
        <line num="51" count="0" type="stmt"/>
        <line num="58" count="0" type="stmt"/>
        <line num="61" count="0" type="stmt"/>
        <line num="64" count="0" type="stmt"/>
        <line num="69" count="0" type="stmt"/>
        <line num="75" count="0" type="stmt"/>
        <line num="77" count="0" type="stmt"/>
        <line num="78" count="0" type="cond" truecount="0" falsecount="2"/>
        <line num="79" count="0" type="stmt"/>
        <line num="81" count="0" type="cond" truecount="0" falsecount="2"/>
        <line num="82" count="0" type="stmt"/>
        <line num="84" count="0" type="stmt"/>
        <line num="92" count="0" type="stmt"/>
        <line num="94" count="0" type="stmt"/>
        <line num="96" count="0" type="stmt"/>
        <line num="103" count="0" type="stmt"/>
        <line num="106" count="0" type="stmt"/>
        <line num="109" count="0" type="stmt"/>
        <line num="110" count="0" type="stmt"/>
        <line num="116" count="0" type="stmt"/>
        <line num="117" count="0" type="stmt"/>
        <line num="120" count="0" type="stmt"/>
        <line num="123" count="0" type="stmt"/>
        <line num="126" count="0" type="stmt"/>
        <line num="127" count="0" type="stmt"/>
        <line num="129" count="0" type="stmt"/>
        <line num="135" count="0" type="stmt"/>
        <line num="136" count="0" type="stmt"/>
        <line num="142" count="0" type="stmt"/>
        <line num="145" count="0" type="stmt"/>
        <line num="146" count="0" type="stmt"/>
        <line num="149" count="0" type="stmt"/>
        <line num="151" count="0" type="stmt"/>
        <line num="152" count="0" type="cond" truecount="0" falsecount="2"/>
        <line num="153" count="0" type="stmt"/>
        <line num="155" count="0" type="cond" truecount="0" falsecount="2"/>
        <line num="156" count="0" type="stmt"/>
        <line num="158" count="0" type="stmt"/>
        <line num="165" count="0" type="stmt"/>
        <line num="166" count="0" type="stmt"/>
        <line num="170" count="0" type="cond" truecount="0" falsecount="2"/>
        <line num="172" count="0" type="cond" truecount="0" falsecount="2"/>
        <line num="174" count="0" type="stmt"/>
        <line num="179" count="0" type="stmt"/>
        <line num="182" count="0" type="stmt"/>
        <line num="185" count="0" type="stmt"/>
        <line num="192" count="0" type="stmt"/>
        <line num="194" count="0" type="stmt"/>
        <line num="197" count="0" type="stmt"/>
        <line num="201" count="0" type="stmt"/>
        <line num="206" count="0" type="stmt"/>
        <line num="208" count="0" type="stmt"/>
        <line num="211" count="0" type="stmt"/>
        <line num="212" count="0" type="stmt"/>
        <line num="214" count="0" type="stmt"/>
        <line num="215" count="0" type="stmt"/>
        <line num="218" count="0" type="stmt"/>
        <line num="220" count="0" type="stmt"/>
        <line num="221" count="0" type="cond" truecount="0" falsecount="2"/>
        <line num="222" count="0" type="stmt"/>
        <line num="224" count="0" type="cond" truecount="0" falsecount="2"/>
        <line num="225" count="0" type="stmt"/>
        <line num="227" count="0" type="stmt"/>
        <line num="235" count="0" type="stmt"/>
        <line num="236" count="0" type="stmt"/>
        <line num="238" count="0" type="stmt"/>
        <line num="245" count="0" type="stmt"/>
        <line num="248" count="0" type="stmt"/>
        <line num="249" count="0" type="stmt"/>
        <line num="250" count="0" type="stmt"/>
        <line num="253" count="0" type="stmt"/>
        <line num="259" count="0" type="stmt"/>
        <line num="261" count="0" type="stmt"/>
        <line num="264" count="0" type="stmt"/>
        <line num="265" count="0" type="stmt"/>
        <line num="271" count="0" type="stmt"/>
        <line num="272" count="0" type="stmt"/>
        <line num="274" count="0" type="stmt"/>
        <line num="275" count="0" type="stmt"/>
        <line num="278" count="0" type="stmt"/>
        <line num="280" count="0" type="stmt"/>
        <line num="287" count="0" type="stmt"/>
        <line num="289" count="0" type="stmt"/>
        <line num="291" count="0" type="stmt"/>
        <line num="297" count="0" type="stmt"/>
        <line num="298" count="0" type="stmt"/>
        <line num="301" count="0" type="stmt"/>
        <line num="302" count="0" type="cond" truecount="0" falsecount="2"/>
        <line num="303" count="0" type="stmt"/>
        <line num="305" count="0" type="stmt"/>
        <line num="309" count="0" type="stmt"/>
        <line num="311" count="0" type="stmt"/>
        <line num="313" count="0" type="stmt"/>
        <line num="320" count="0" type="stmt"/>
        <line num="323" count="0" type="stmt"/>
        <line num="326" count="0" type="stmt"/>
        <line num="331" count="0" type="stmt"/>
        <line num="333" count="0" type="stmt"/>
        <line num="334" count="0" type="stmt"/>
        <line num="338" count="0" type="stmt"/>
        <line num="339" count="0" type="stmt"/>
        <line num="341" count="0" type="stmt"/>
        <line num="348" count="0" type="stmt"/>
        <line num="350" count="0" type="stmt"/>
        <line num="352" count="0" type="stmt"/>
        <line num="361" count="0" type="stmt"/>
        <line num="363" count="0" type="stmt"/>
        <line num="366" count="0" type="stmt"/>
        <line num="369" count="0" type="stmt"/>
        <line num="375" count="0" type="stmt"/>
        <line num="377" count="0" type="stmt"/>
        <line num="379" count="0" type="stmt"/>
        <line num="385" count="0" type="stmt"/>
        <line num="387" count="0" type="stmt"/>
        <line num="390" count="0" type="stmt"/>
        <line num="391" count="0" type="stmt"/>
        <line num="393" count="0" type="stmt"/>
      </file>
      <file name="persistence.ts" path="/Users/nose/work/codep/TASK_2309/model_b/hacknews-rn/src/store/middleware/persistence.ts">
        <metrics statements="49" coveredstatements="0" conditionals="21" coveredconditionals="0" methods="9" coveredmethods="0"/>
        <line num="37" count="0" type="stmt"/>
        <line num="38" count="0" type="stmt"/>
        <line num="44" count="0" type="stmt"/>
        <line num="45" count="0" type="stmt"/>
        <line num="75" count="0" type="stmt"/>
        <line num="83" count="0" type="stmt"/>
        <line num="86" count="0" type="stmt"/>
        <line num="91" count="0" type="stmt"/>
        <line num="92" count="0" type="stmt"/>
        <line num="94" count="0" type="stmt"/>
        <line num="99" count="0" type="cond" truecount="0" falsecount="2"/>
        <line num="100" count="0" type="stmt"/>
        <line num="104" count="0" type="stmt"/>
        <line num="107" count="0" type="cond" truecount="0" falsecount="2"/>
        <line num="108" count="0" type="stmt"/>
        <line num="109" count="0" type="cond" truecount="0" falsecount="2"/>
        <line num="111" count="0" type="cond" truecount="0" falsecount="4"/>
        <line num="112" count="0" type="stmt"/>
        <line num="117" count="0" type="stmt"/>
        <line num="118" count="0" type="stmt"/>
        <line num="121" count="0" type="stmt"/>
        <line num="123" count="0" type="stmt"/>
        <line num="124" count="0" type="cond" truecount="0" falsecount="2"/>
        <line num="125" count="0" type="stmt"/>
        <line num="133" count="0" type="stmt"/>
        <line num="134" count="0" type="stmt"/>
        <line num="136" count="0" type="stmt"/>
        <line num="139" count="0" type="stmt"/>
        <line num="145" count="0" type="stmt"/>
        <line num="150" count="0" type="stmt"/>
        <line num="151" count="0" type="cond" truecount="0" falsecount="2"/>
        <line num="152" count="0" type="stmt"/>
        <line num="160" count="0" type="stmt"/>
        <line num="161" count="0" type="stmt"/>
        <line num="162" count="0" type="stmt"/>
        <line num="167" count="0" type="stmt"/>
        <line num="168" count="0" type="cond" truecount="0" falsecount="2"/>
        <line num="169" count="0" type="stmt"/>
        <line num="175" count="0" type="stmt"/>
        <line num="176" count="0" type="stmt"/>
        <line num="179" count="0" type="stmt"/>
        <line num="180" count="0" type="stmt"/>
        <line num="184" count="0" type="stmt"/>
        <line num="187" count="0" type="stmt"/>
        <line num="190" count="0" type="stmt"/>
        <line num="201" count="0" type="stmt"/>
        <line num="204" count="0" type="cond" truecount="0" falsecount="2"/>
        <line num="205" count="0" type="stmt"/>
        <line num="207" count="0" type="stmt"/>
      </file>
    </package>
    <package name="src.theme">
      <metrics statements="3" coveredstatements="3" conditionals="0" coveredconditionals="0" methods="0" coveredmethods="0"/>
      <file name="colors.ts" path="/Users/nose/work/codep/TASK_2309/model_b/hacknews-rn/src/theme/colors.ts">
        <metrics statements="1" coveredstatements="1" conditionals="0" coveredconditionals="0" methods="0" coveredmethods="0"/>
        <line num="3" count="4" type="stmt"/>
      </file>
      <file name="index.ts" path="/Users/nose/work/codep/TASK_2309/model_b/hacknews-rn/src/theme/index.ts">
        <metrics statements="0" coveredstatements="0" conditionals="0" coveredconditionals="0" methods="0" coveredmethods="0"/>
      </file>
      <file name="spacing.ts" path="/Users/nose/work/codep/TASK_2309/model_b/hacknews-rn/src/theme/spacing.ts">
        <metrics statements="1" coveredstatements="1" conditionals="0" coveredconditionals="0" methods="0" coveredmethods="0"/>
        <line num="3" count="4" type="stmt"/>
      </file>
      <file name="typography.ts" path="/Users/nose/work/codep/TASK_2309/model_b/hacknews-rn/src/theme/typography.ts">
        <metrics statements="1" coveredstatements="1" conditionals="0" coveredconditionals="0" methods="0" coveredmethods="0"/>
        <line num="3" count="4" type="stmt"/>
      </file>
    </package>
    <package name="src.utils">
      <metrics statements="49" coveredstatements="47" conditionals="32" coveredconditionals="31" methods="10" coveredmethods="9"/>
      <file name="constants.ts" path="/Users/nose/work/codep/TASK_2309/model_b/hacknews-rn/src/utils/constants.ts">
        <metrics statements="7" coveredstatements="6" conditionals="0" coveredconditionals="0" methods="2" coveredmethods="1"/>
        <line num="4" count="2" type="stmt"/>
        <line num="6" count="2" type="stmt"/>
        <line num="13" count="9" type="stmt"/>
        <line num="14" count="0" type="stmt"/>
        <line num="18" count="2" type="stmt"/>
        <line num="21" count="2" type="stmt"/>
        <line num="28" count="2" type="stmt"/>
      </file>
      <file name="formatTime.ts" path="/Users/nose/work/codep/TASK_2309/model_b/hacknews-rn/src/utils/formatTime.ts">
        <metrics statements="29" coveredstatements="29" conditionals="26" coveredconditionals="26" methods="4" coveredmethods="4"/>
        <line num="6" count="99" type="stmt"/>
        <line num="7" count="99" type="stmt"/>
        <line num="8" count="99" type="stmt"/>
        <line num="9" count="99" type="stmt"/>
        <line num="10" count="99" type="stmt"/>
        <line num="11" count="99" type="stmt"/>
        <line num="12" count="99" type="stmt"/>
        <line num="13" count="99" type="stmt"/>
        <line num="14" count="99" type="stmt"/>
        <line num="16" count="99" type="cond" truecount="2" falsecount="0"/>
        <line num="17" count="79" type="stmt"/>
        <line num="18" count="20" type="cond" truecount="2" falsecount="0"/>
        <line num="19" count="3" type="cond" truecount="2" falsecount="0"/>
        <line num="20" count="17" type="cond" truecount="2" falsecount="0"/>
        <line num="21" count="10" type="cond" truecount="2" falsecount="0"/>
        <line num="22" count="7" type="cond" truecount="2" falsecount="0"/>
        <line num="23" count="3" type="cond" truecount="2" falsecount="0"/>
        <line num="24" count="4" type="cond" truecount="2" falsecount="0"/>
        <line num="25" count="2" type="cond" truecount="2" falsecount="0"/>
        <line num="27" count="2" type="cond" truecount="2" falsecount="0"/>
        <line num="35" count="80" type="cond" truecount="2" falsecount="0"/>
        <line num="36" count="79" type="stmt"/>
        <line num="43" count="82" type="cond" truecount="2" falsecount="0"/>
        <line num="44" count="80" type="cond" truecount="2" falsecount="0"/>
        <line num="45" count="79" type="stmt"/>
        <line num="52" count="81" type="stmt"/>
        <line num="53" count="81" type="stmt"/>
        <line num="54" count="79" type="stmt"/>
        <line num="56" count="2" type="stmt"/>
      </file>
      <file name="parseHtml.ts" path="/Users/nose/work/codep/TASK_2309/model_b/hacknews-rn/src/utils/parseHtml.ts">
        <metrics statements="13" coveredstatements="12" conditionals="6" coveredconditionals="5" methods="4" coveredmethods="4"/>
        <line num="6" count="2" type="stmt"/>
        <line num="14" count="19" type="cond" truecount="2" falsecount="0"/>
        <line num="17" count="17" type="stmt"/>
        <line num="26" count="17" type="stmt"/>
        <line num="30" count="17" type="stmt"/>
        <line num="32" count="17" type="stmt"/>
        <line num="33" count="2" type="cond" truecount="1" falsecount="1"/>
        <line num="34" count="0" type="stmt"/>
        <line num="36" count="2" type="stmt"/>
        <line num="40" count="17" type="stmt"/>
        <line num="47" count="15" type="cond" truecount="2" falsecount="0"/>
        <line num="49" count="13" type="stmt"/>
        <line num="65" count="6" type="stmt"/>
      </file>
    </package>
  </project>
</coverage>
