{"/Users/nose/work/codep/TASK_2309/model_b/hacknews-rn/src/App.tsx": {"path":"/Users/nose/work/codep/TASK_2309/model_b/hacknews-rn/src/App.tsx","statementMap":{"0":{"start":{"line":9,"column":20},"end":{"line":17,"column":2}},"1":{"start":{"line":21,"column":21},"end":{"line":21,"column":31}},"2":{"start":{"line":23,"column":2},"end":{"line":28,"column":4}},"3":{"start":{"line":33,"column":2},"end":{"line":39,"column":4}}},"fnMap":{"0":{"name":"ThemedApp","decl":{"start":{"line":20,"column":9},"end":{"line":20,"column":18}},"loc":{"start":{"line":20,"column":21},"end":{"line":29,"column":1}},"line":20},"1":{"name":"App","decl":{"start":{"line":32,"column":24},"end":{"line":32,"column":27}},"loc":{"start":{"line":32,"column":30},"end":{"line":40,"column":1}},"line":32}},"branchMap":{"0":{"loc":{"start":{"line":25,"column":27},"end":{"line":25,"column":68}},"type":"cond-expr","locations":[{"start":{"line":25,"column":36},"end":{"line":25,"column":51}},{"start":{"line":25,"column":54},"end":{"line":25,"column":68}}],"line":25}},"s":{"0":0,"1":0,"2":0,"3":0},"f":{"0":0,"1":0},"b":{"0":[0,0]}}
,"/Users/nose/work/codep/TASK_2309/model_b/hacknews-rn/src/api/client.ts": {"path":"/Users/nose/work/codep/TASK_2309/model_b/hacknews-rn/src/api/client.ts","statementMap":{"0":{"start":{"line":5,"column":25},"end":{"line":11,"column":2}},"1":{"start":{"line":14,"column":0},"end":{"line":20,"column":2}},"2":{"start":{"line":17,"column":4},"end":{"line":17,"column":18}},"3":{"start":{"line":19,"column":11},"end":{"line":19,"column":32}},"4":{"start":{"line":23,"column":0},"end":{"line":39,"column":2}},"5":{"start":{"line":24,"column":14},"end":{"line":24,"column":27}},"6":{"start":{"line":27,"column":4},"end":{"line":36,"column":5}},"7":{"start":{"line":29,"column":6},"end":{"line":29,"column":78}},"8":{"start":{"line":30,"column":11},"end":{"line":36,"column":5}},"9":{"start":{"line":32,"column":6},"end":{"line":32,"column":53}},"10":{"start":{"line":35,"column":6},"end":{"line":35,"column":45}},"11":{"start":{"line":37,"column":4},"end":{"line":37,"column":33}}},"fnMap":{"0":{"name":"(anonymous_0)","decl":{"start":{"line":15,"column":2},"end":{"line":15,"column":3}},"loc":{"start":{"line":15,"column":12},"end":{"line":18,"column":3}},"line":15},"1":{"name":"(anonymous_1)","decl":{"start":{"line":19,"column":2},"end":{"line":19,"column":3}},"loc":{"start":{"line":19,"column":11},"end":{"line":19,"column":32}},"line":19},"2":{"name":"(anonymous_2)","decl":{"start":{"line":24,"column":2},"end":{"line":24,"column":3}},"loc":{"start":{"line":24,"column":14},"end":{"line":24,"column":27}},"line":24},"3":{"name":"(anonymous_3)","decl":{"start":{"line":25,"column":2},"end":{"line":25,"column":3}},"loc":{"start":{"line":25,"column":11},"end":{"line":38,"column":3}},"line":25}},"branchMap":{"0":{"loc":{"start":{"line":27,"column":4},"end":{"line":36,"column":5}},"type":"if","locations":[{"start":{"line":27,"column":4},"end":{"line":36,"column":5}},{"start":{"line":30,"column":11},"end":{"line":36,"column":5}}],"line":27},"1":{"loc":{"start":{"line":30,"column":11},"end":{"line":36,"column":5}},"type":"if","locations":[{"start":{"line":30,"column":11},"end":{"line":36,"column":5}},{"start":{"line":33,"column":11},"end":{"line":36,"column":5}}],"line":30}},"s":{"0":2,"1":2,"2":15,"3":0,"4":2,"5":15,"6":0,"7":0,"8":0,"9":0,"10":0,"11":0},"f":{"0":15,"1":0,"2":15,"3":0},"b":{"0":[0,0],"1":[0,0]},"_coverageSchema":"1a1c01bbd47fc00a2c39e90264f33305004495a9","hash":"b85beb93b4316208511592d7f9d479409cf4875f"}
,"/Users/nose/work/codep/TASK_2309/model_b/hacknews-rn/src/api/hnApi.ts": {"path":"/Users/nose/work/codep/TASK_2309/model_b/hacknews-rn/src/api/hnApi.ts","statementMap":{"0":{"start":{"line":10,"column":50},"end":{"line":17,"column":5}},"1":{"start":{"line":19,"column":16},"end":{"line":19,"column":37}},"2":{"start":{"line":20,"column":4},"end":{"line":20,"column":50}},"3":{"start":{"line":27,"column":4},"end":{"line":35,"column":5}},"4":{"start":{"line":28,"column":19},"end":{"line":30,"column":7}},"5":{"start":{"line":31,"column":6},"end":{"line":31,"column":18}},"6":{"start":{"line":33,"column":6},"end":{"line":33,"column":58}},"7":{"start":{"line":34,"column":6},"end":{"line":34,"column":18}},"8":{"start":{"line":42,"column":17},"end":{"line":42,"column":39}},"9":{"start":{"line":43,"column":4},"end":{"line":45,"column":5}},"10":{"start":{"line":44,"column":6},"end":{"line":44,"column":18}},"11":{"start":{"line":46,"column":4},"end":{"line":46,"column":25}},"12":{"start":{"line":53,"column":21},"end":{"line":53,"column":53}},"13":{"start":{"line":53,"column":35},"end":{"line":53,"column":52}},"14":{"start":{"line":54,"column":20},"end":{"line":54,"column":47}},"15":{"start":{"line":56,"column":4},"end":{"line":56,"column":69}},"16":{"start":{"line":56,"column":53},"end":{"line":56,"column":67}},"17":{"start":{"line":63,"column":17},"end":{"line":63,"column":39}},"18":{"start":{"line":64,"column":4},"end":{"line":66,"column":5}},"19":{"start":{"line":65,"column":6},"end":{"line":65,"column":18}},"20":{"start":{"line":67,"column":4},"end":{"line":67,"column":27}},"21":{"start":{"line":74,"column":21},"end":{"line":74,"column":55}},"22":{"start":{"line":74,"column":35},"end":{"line":74,"column":54}},"23":{"start":{"line":75,"column":21},"end":{"line":75,"column":48}},"24":{"start":{"line":76,"column":4},"end":{"line":76,"column":78}},"25":{"start":{"line":76,"column":60},"end":{"line":76,"column":76}},"26":{"start":{"line":83,"column":4},"end":{"line":91,"column":5}},"27":{"start":{"line":84,"column":19},"end":{"line":86,"column":7}},"28":{"start":{"line":87,"column":6},"end":{"line":87,"column":18}},"29":{"start":{"line":89,"column":6},"end":{"line":89,"column":58}},"30":{"start":{"line":90,"column":6},"end":{"line":90,"column":18}},"31":{"start":{"line":96,"column":21},"end":{"line":96,"column":40}}},"fnMap":{"0":{"name":"(anonymous_0)","decl":{"start":{"line":9,"column":2},"end":{"line":9,"column":3}},"loc":{"start":{"line":9,"column":58},"end":{"line":21,"column":3}},"line":9},"1":{"name":"(anonymous_1)","decl":{"start":{"line":26,"column":2},"end":{"line":26,"column":3}},"loc":{"start":{"line":26,"column":52},"end":{"line":36,"column":3}},"line":26},"2":{"name":"(anonymous_2)","decl":{"start":{"line":41,"column":2},"end":{"line":41,"column":3}},"loc":{"start":{"line":41,"column":52},"end":{"line":47,"column":3}},"line":41},"3":{"name":"(anonymous_3)","decl":{"start":{"line":52,"column":2},"end":{"line":52,"column":3}},"loc":{"start":{"line":52,"column":52},"end":{"line":57,"column":3}},"line":52},"4":{"name":"(anonymous_4)","decl":{"start":{"line":53,"column":29},"end":{"line":53,"column":30}},"loc":{"start":{"line":53,"column":35},"end":{"line":53,"column":52}},"line":53},"5":{"name":"(anonymous_5)","decl":{"start":{"line":56,"column":26},"end":{"line":56,"column":27}},"loc":{"start":{"line":56,"column":53},"end":{"line":56,"column":67}},"line":56},"6":{"name":"(anonymous_6)","decl":{"start":{"line":62,"column":2},"end":{"line":62,"column":3}},"loc":{"start":{"line":62,"column":56},"end":{"line":68,"column":3}},"line":62},"7":{"name":"(anonymous_7)","decl":{"start":{"line":73,"column":2},"end":{"line":73,"column":3}},"loc":{"start":{"line":73,"column":58},"end":{"line":77,"column":3}},"line":73},"8":{"name":"(anonymous_8)","decl":{"start":{"line":74,"column":29},"end":{"line":74,"column":30}},"loc":{"start":{"line":74,"column":35},"end":{"line":74,"column":54}},"line":74},"9":{"name":"(anonymous_9)","decl":{"start":{"line":76,"column":27},"end":{"line":76,"column":28}},"loc":{"start":{"line":76,"column":60},"end":{"line":76,"column":76}},"line":76},"10":{"name":"(anonymous_10)","decl":{"start":{"line":82,"column":2},"end":{"line":82,"column":3}},"loc":{"start":{"line":82,"column":52},"end":{"line":92,"column":3}},"line":82}},"branchMap":{"0":{"loc":{"start":{"line":43,"column":4},"end":{"line":45,"column":5}},"type":"if","locations":[{"start":{"line":43,"column":4},"end":{"line":45,"column":5}},{"start":{},"end":{}}],"line":43},"1":{"loc":{"start":{"line":43,"column":8},"end":{"line":43,"column":63}},"type":"binary-expr","locations":[{"start":{"line":43,"column":8},"end":{"line":43,"column":13}},{"start":{"line":43,"column":18},"end":{"line":43,"column":39}},{"start":{"line":43,"column":43},"end":{"line":43,"column":62}}],"line":43},"2":{"loc":{"start":{"line":64,"column":4},"end":{"line":66,"column":5}},"type":"if","locations":[{"start":{"line":64,"column":4},"end":{"line":66,"column":5}},{"start":{},"end":{}}],"line":64},"3":{"loc":{"start":{"line":64,"column":8},"end":{"line":64,"column":40}},"type":"binary-expr","locations":[{"start":{"line":64,"column":8},"end":{"line":64,"column":13}},{"start":{"line":64,"column":17},"end":{"line":64,"column":40}}],"line":64}},"s":{"0":6,"1":6,"2":6,"3":9,"4":9,"5":9,"6":0,"7":0,"8":8,"9":8,"10":1,"11":7,"12":1,"13":5,"14":1,"15":1,"16":5,"17":1,"18":1,"19":0,"20":1,"21":0,"22":0,"23":0,"24":0,"25":0,"26":0,"27":0,"28":0,"29":0,"30":0,"31":2},"f":{"0":6,"1":9,"2":8,"3":1,"4":5,"5":5,"6":1,"7":0,"8":0,"9":0,"10":0},"b":{"0":[1,7],"1":[8,7,0],"2":[0,1],"3":[1,1]},"_coverageSchema":"1a1c01bbd47fc00a2c39e90264f33305004495a9","hash":"94d81667828cc8657726161ac75ef6ebb8e7638a"}
,"/Users/nose/work/codep/TASK_2309/model_b/hacknews-rn/src/api/types.ts": {"path":"/Users/nose/work/codep/TASK_2309/model_b/hacknews-rn/src/api/types.ts","statementMap":{},"fnMap":{},"branchMap":{},"s":{},"f":{},"b":{}}
,"/Users/nose/work/codep/TASK_2309/model_b/hacknews-rn/src/components/comment/CommentItem.tsx": {"path":"/Users/nose/work/codep/TASK_2309/model_b/hacknews-rn/src/components/comment/CommentItem.tsx","statementMap":{"0":{"start":{"line":21,"column":20},"end":{"line":21,"column":30}},"1":{"start":{"line":22,"column":36},"end":{"line":22,"column":51}},"2":{"start":{"line":25,"column":34},"end":{"line":27,"column":3}},"3":{"start":{"line":30,"column":2},"end":{"line":43,"column":3}},"4":{"start":{"line":31,"column":4},"end":{"line":42,"column":6}},"5":{"start":{"line":45,"column":22},"end":{"line":45,"column":63}},"6":{"start":{"line":47,"column":2},"end":{"line":124,"column":4}},"7":{"start":{"line":60,"column":25},"end":{"line":60,"column":49}},"8":{"start":{"line":100,"column":12},"end":{"line":105,"column":14}},"9":{"start":{"line":127,"column":15},"end":{"line":169,"column":2}}},"fnMap":{"0":{"name":"CommentItem","decl":{"start":{"line":16,"column":16},"end":{"line":16,"column":27}},"loc":{"start":{"line":20,"column":21},"end":{"line":125,"column":1}},"line":20},"1":{"name":"(anonymous_1)","decl":{"start":{"line":60,"column":19},"end":{"line":60,"column":20}},"loc":{"start":{"line":60,"column":25},"end":{"line":60,"column":49}},"line":60},"2":{"name":"(anonymous_2)","decl":{"start":{"line":99,"column":29},"end":{"line":99,"column":30}},"loc":{"start":{"line":100,"column":12},"end":{"line":105,"column":14}},"line":100}},"branchMap":{"0":{"loc":{"start":{"line":19,"column":2},"end":{"line":19,"column":14}},"type":"default-arg","locations":[{"start":{"line":19,"column":13},"end":{"line":19,"column":14}}],"line":19},"1":{"loc":{"start":{"line":26,"column":4},"end":{"line":26,"column":51}},"type":"cond-expr","locations":[{"start":{"line":26,"column":37},"end":{"line":26,"column":44}},{"start":{"line":26,"column":47},"end":{"line":26,"column":51}}],"line":26},"2":{"loc":{"start":{"line":26,"column":4},"end":{"line":26,"column":34}},"type":"binary-expr","locations":[{"start":{"line":26,"column":4},"end":{"line":26,"column":14}},{"start":{"line":26,"column":18},"end":{"line":26,"column":34}}],"line":26},"3":{"loc":{"start":{"line":30,"column":2},"end":{"line":43,"column":3}},"type":"if","locations":[{"start":{"line":30,"column":2},"end":{"line":43,"column":3}},{"start":{},"end":{}}],"line":30},"4":{"loc":{"start":{"line":30,"column":6},"end":{"line":30,"column":37}},"type":"binary-expr","locations":[{"start":{"line":30,"column":6},"end":{"line":30,"column":21}},{"start":{"line":30,"column":25},"end":{"line":30,"column":37}}],"line":30},"5":{"loc":{"start":{"line":45,"column":22},"end":{"line":45,"column":63}},"type":"binary-expr","locations":[{"start":{"line":45,"column":22},"end":{"line":45,"column":35}},{"start":{"line":45,"column":39},"end":{"line":45,"column":63}}],"line":45},"6":{"loc":{"start":{"line":74,"column":13},"end":{"line":84,"column":13}},"type":"binary-expr","locations":[{"start":{"line":74,"column":13},"end":{"line":74,"column":24}},{"start":{"line":75,"column":14},"end":{"line":83,"column":17}}],"line":74},"7":{"loc":{"start":{"line":81,"column":19},"end":{"line":81,"column":44}},"type":"cond-expr","locations":[{"start":{"line":81,"column":31},"end":{"line":81,"column":36}},{"start":{"line":81,"column":39},"end":{"line":81,"column":44}}],"line":81},"8":{"loc":{"start":{"line":89,"column":9},"end":{"line":93,"column":9}},"type":"binary-expr","locations":[{"start":{"line":89,"column":9},"end":{"line":89,"column":19}},{"start":{"line":89,"column":23},"end":{"line":89,"column":35}},{"start":{"line":90,"column":10},"end":{"line":92,"column":17}}],"line":89},"9":{"loc":{"start":{"line":97,"column":7},"end":{"line":108,"column":7}},"type":"binary-expr","locations":[{"start":{"line":97,"column":7},"end":{"line":97,"column":17}},{"start":{"line":97,"column":21},"end":{"line":97,"column":32}},{"start":{"line":97,"column":36},"end":{"line":97,"column":52}},{"start":{"line":98,"column":8},"end":{"line":107,"column":15}}],"line":97},"10":{"loc":{"start":{"line":111,"column":7},"end":{"line":122,"column":7}},"type":"binary-expr","locations":[{"start":{"line":111,"column":7},"end":{"line":111,"column":17}},{"start":{"line":111,"column":21},"end":{"line":111,"column":32}},{"start":{"line":111,"column":36},"end":{"line":111,"column":53}},{"start":{"line":112,"column":8},"end":{"line":121,"column":15}}],"line":111}},"s":{"0":7,"1":7,"2":7,"3":7,"4":0,"5":7,"6":7,"7":0,"8":0,"9":1},"f":{"0":7,"1":0,"2":0},"b":{"0":[7],"1":[7,0],"2":[7,7],"3":[0,7],"4":[7,7],"5":[7,0],"6":[7,0],"7":[0,0],"8":[7,7,7],"9":[7,7,0,0],"10":[7,7,0,0]},"_coverageSchema":"1a1c01bbd47fc00a2c39e90264f33305004495a9","hash":"5149e73c959566167341958e22a7794a1f3350c0"}
,"/Users/nose/work/codep/TASK_2309/model_b/hacknews-rn/src/components/comment/CommentThread.tsx": {"path":"/Users/nose/work/codep/TASK_2309/model_b/hacknews-rn/src/components/comment/CommentThread.tsx","statementMap":{"0":{"start":{"line":15,"column":20},"end":{"line":15,"column":30}},"1":{"start":{"line":17,"column":2},"end":{"line":19,"column":3}},"2":{"start":{"line":18,"column":4},"end":{"line":18,"column":60}},"3":{"start":{"line":21,"column":2},"end":{"line":23,"column":3}},"4":{"start":{"line":22,"column":4},"end":{"line":22,"column":52}},"5":{"start":{"line":25,"column":2},"end":{"line":34,"column":4}},"6":{"start":{"line":31,"column":8},"end":{"line":31,"column":68}},"7":{"start":{"line":37,"column":15},"end":{"line":44,"column":2}}},"fnMap":{"0":{"name":"CommentThread","decl":{"start":{"line":14,"column":16},"end":{"line":14,"column":29}},"loc":{"start":{"line":14,"column":75},"end":{"line":35,"column":1}},"line":14},"1":{"name":"(anonymous_1)","decl":{"start":{"line":30,"column":20},"end":{"line":30,"column":21}},"loc":{"start":{"line":31,"column":8},"end":{"line":31,"column":68}},"line":31}},"branchMap":{"0":{"loc":{"start":{"line":17,"column":2},"end":{"line":19,"column":3}},"type":"if","locations":[{"start":{"line":17,"column":2},"end":{"line":19,"column":3}},{"start":{},"end":{}}],"line":17},"1":{"loc":{"start":{"line":21,"column":2},"end":{"line":23,"column":3}},"type":"if","locations":[{"start":{"line":21,"column":2},"end":{"line":23,"column":3}},{"start":{},"end":{}}],"line":21},"2":{"loc":{"start":{"line":21,"column":6},"end":{"line":21,"column":40}},"type":"binary-expr","locations":[{"start":{"line":21,"column":6},"end":{"line":21,"column":15}},{"start":{"line":21,"column":19},"end":{"line":21,"column":40}}],"line":21}},"s":{"0":12,"1":12,"2":1,"3":11,"4":7,"5":4,"6":7,"7":1},"f":{"0":12,"1":7},"b":{"0":[1,11],"1":[7,4],"2":[11,9]},"_coverageSchema":"1a1c01bbd47fc00a2c39e90264f33305004495a9","hash":"996aad145c598b4d1580828839793ff7f7e4e849"}
,"/Users/nose/work/codep/TASK_2309/model_b/hacknews-rn/src/components/comment/HtmlRenderer.tsx": {"path":"/Users/nose/work/codep/TASK_2309/model_b/hacknews-rn/src/components/comment/HtmlRenderer.tsx","statementMap":{"0":{"start":{"line":15,"column":20},"end":{"line":15,"column":30}},"1":{"start":{"line":17,"column":2},"end":{"line":17,"column":25}},"2":{"start":{"line":17,"column":13},"end":{"line":17,"column":25}},"3":{"start":{"line":20,"column":20},"end":{"line":20,"column":38}},"4":{"start":{"line":21,"column":20},"end":{"line":21,"column":40}},"5":{"start":{"line":23,"column":2},"end":{"line":25,"column":4}},"6":{"start":{"line":28,"column":15},"end":{"line":33,"column":2}}},"fnMap":{"0":{"name":"HtmlRenderer","decl":{"start":{"line":14,"column":16},"end":{"line":14,"column":28}},"loc":{"start":{"line":14,"column":58},"end":{"line":26,"column":1}},"line":14}},"branchMap":{"0":{"loc":{"start":{"line":17,"column":2},"end":{"line":17,"column":25}},"type":"if","locations":[{"start":{"line":17,"column":2},"end":{"line":17,"column":25}},{"start":{},"end":{}}],"line":17}},"s":{"0":7,"1":7,"2":0,"3":7,"4":7,"5":7,"6":1},"f":{"0":7},"b":{"0":[0,7]},"_coverageSchema":"1a1c01bbd47fc00a2c39e90264f33305004495a9","hash":"a3e5a64626a203a37186d7d4826861555ecf0aa9"}
,"/Users/nose/work/codep/TASK_2309/model_b/hacknews-rn/src/components/common/EmptyState.tsx": {"path":"/Users/nose/work/codep/TASK_2309/model_b/hacknews-rn/src/components/common/EmptyState.tsx","statementMap":{"0":{"start":{"line":11,"column":20},"end":{"line":11,"column":30}},"1":{"start":{"line":13,"column":2},"end":{"line":19,"column":4}},"2":{"start":{"line":22,"column":15},"end":{"line":33,"column":2}}},"fnMap":{"0":{"name":"EmptyState","decl":{"start":{"line":10,"column":16},"end":{"line":10,"column":26}},"loc":{"start":{"line":10,"column":57},"end":{"line":20,"column":1}},"line":10}},"branchMap":{},"s":{"0":10,"1":10,"2":2},"f":{"0":10},"b":{},"_coverageSchema":"1a1c01bbd47fc00a2c39e90264f33305004495a9","hash":"7d95836eac89e060cc854d921e4dbd44a52188f3"}
,"/Users/nose/work/codep/TASK_2309/model_b/hacknews-rn/src/components/common/ErrorMessage.tsx": {"path":"/Users/nose/work/codep/TASK_2309/model_b/hacknews-rn/src/components/common/ErrorMessage.tsx","statementMap":{"0":{"start":{"line":12,"column":20},"end":{"line":12,"column":30}},"1":{"start":{"line":14,"column":2},"end":{"line":26,"column":4}},"2":{"start":{"line":29,"column":15},"end":{"line":51,"column":2}}},"fnMap":{"0":{"name":"ErrorMessage","decl":{"start":{"line":11,"column":16},"end":{"line":11,"column":28}},"loc":{"start":{"line":11,"column":70},"end":{"line":27,"column":1}},"line":11}},"branchMap":{"0":{"loc":{"start":{"line":17,"column":7},"end":{"line":24,"column":7}},"type":"binary-expr","locations":[{"start":{"line":17,"column":7},"end":{"line":17,"column":14}},{"start":{"line":18,"column":8},"end":{"line":23,"column":27}}],"line":17}},"s":{"0":0,"1":0,"2":0},"f":{"0":0},"b":{"0":[0,0]}}
,"/Users/nose/work/codep/TASK_2309/model_b/hacknews-rn/src/components/common/LoadingSpinner.tsx": {"path":"/Users/nose/work/codep/TASK_2309/model_b/hacknews-rn/src/components/common/LoadingSpinner.tsx","statementMap":{"0":{"start":{"line":15,"column":20},"end":{"line":15,"column":30}},"1":{"start":{"line":17,"column":2},"end":{"line":26,"column":4}},"2":{"start":{"line":29,"column":15},"end":{"line":41,"column":2}}},"fnMap":{"0":{"name":"LoadingSpinner","decl":{"start":{"line":11,"column":16},"end":{"line":11,"column":30}},"loc":{"start":{"line":14,"column":24},"end":{"line":27,"column":1}},"line":14}},"branchMap":{"0":{"loc":{"start":{"line":13,"column":2},"end":{"line":13,"column":16}},"type":"default-arg","locations":[{"start":{"line":13,"column":9},"end":{"line":13,"column":16}}],"line":13},"1":{"loc":{"start":{"line":20,"column":7},"end":{"line":24,"column":7}},"type":"binary-expr","locations":[{"start":{"line":20,"column":7},"end":{"line":20,"column":14}},{"start":{"line":21,"column":8},"end":{"line":23,"column":15}}],"line":20}},"s":{"0":6,"1":6,"2":3},"f":{"0":6},"b":{"0":[5],"1":[6,3]},"_coverageSchema":"1a1c01bbd47fc00a2c39e90264f33305004495a9","hash":"6f6c65b213df1f707829aae5aff8ed7ac459aa27"}
,"/Users/nose/work/codep/TASK_2309/model_b/hacknews-rn/src/components/story/StoryList.tsx": {"path":"/Users/nose/work/codep/TASK_2309/model_b/hacknews-rn/src/components/story/StoryList.tsx","statementMap":{"0":{"start":{"line":32,"column":20},"end":{"line":32,"column":30}},"1":{"start":{"line":34,"column":2},"end":{"line":36,"column":3}},"2":{"start":{"line":35,"column":4},"end":{"line":35,"column":59}},"3":{"start":{"line":38,"column":2},"end":{"line":40,"column":3}},"4":{"start":{"line":39,"column":4},"end":{"line":39,"column":53}},"5":{"start":{"line":42,"column":2},"end":{"line":68,"column":4}},"6":{"start":{"line":47,"column":10},"end":{"line":52,"column":12}},"7":{"start":{"line":50,"column":27},"end":{"line":50,"column":45}},"8":{"start":{"line":51,"column":35},"end":{"line":51,"column":56}},"9":{"start":{"line":54,"column":30},"end":{"line":54,"column":48}},"10":{"start":{"line":71,"column":15},"end":{"line":75,"column":2}}},"fnMap":{"0":{"name":"StoryList","decl":{"start":{"line":22,"column":16},"end":{"line":22,"column":25}},"loc":{"start":{"line":31,"column":19},"end":{"line":69,"column":1}},"line":31},"1":{"name":"(anonymous_1)","decl":{"start":{"line":46,"column":20},"end":{"line":46,"column":21}},"loc":{"start":{"line":47,"column":10},"end":{"line":52,"column":12}},"line":47},"2":{"name":"(anonymous_2)","decl":{"start":{"line":50,"column":21},"end":{"line":50,"column":22}},"loc":{"start":{"line":50,"column":27},"end":{"line":50,"column":45}},"line":50},"3":{"name":"(anonymous_3)","decl":{"start":{"line":51,"column":29},"end":{"line":51,"column":30}},"loc":{"start":{"line":51,"column":35},"end":{"line":51,"column":56}},"line":51},"4":{"name":"(anonymous_4)","decl":{"start":{"line":54,"column":22},"end":{"line":54,"column":23}},"loc":{"start":{"line":54,"column":30},"end":{"line":54,"column":48}},"line":54}},"branchMap":{"0":{"loc":{"start":{"line":34,"column":2},"end":{"line":36,"column":3}},"type":"if","locations":[{"start":{"line":34,"column":2},"end":{"line":36,"column":3}},{"start":{},"end":{}}],"line":34},"1":{"loc":{"start":{"line":34,"column":6},"end":{"line":34,"column":56}},"type":"binary-expr","locations":[{"start":{"line":34,"column":6},"end":{"line":34,"column":15}},{"start":{"line":34,"column":19},"end":{"line":34,"column":32}},{"start":{"line":34,"column":36},"end":{"line":34,"column":56}}],"line":34},"2":{"loc":{"start":{"line":38,"column":2},"end":{"line":40,"column":3}},"type":"if","locations":[{"start":{"line":38,"column":2},"end":{"line":40,"column":3}},{"start":{},"end":{}}],"line":38},"3":{"loc":{"start":{"line":38,"column":6},"end":{"line":38,"column":40}},"type":"binary-expr","locations":[{"start":{"line":38,"column":6},"end":{"line":38,"column":16}},{"start":{"line":38,"column":20},"end":{"line":38,"column":40}}],"line":38}},"s":{"0":13,"1":13,"2":1,"3":12,"4":3,"5":9,"6":58,"7":2,"8":1,"9":82,"10":1},"f":{"0":13,"1":58,"2":2,"3":1,"4":82},"b":{"0":[1,12],"1":[13,1,1],"2":[3,9],"3":[12,12]},"_coverageSchema":"1a1c01bbd47fc00a2c39e90264f33305004495a9","hash":"6afc562ae31830356229911ee24b2c963a5667aa"}
,"/Users/nose/work/codep/TASK_2309/model_b/hacknews-rn/src/components/story/StoryListItem.tsx": {"path":"/Users/nose/work/codep/TASK_2309/model_b/hacknews-rn/src/components/story/StoryListItem.tsx","statementMap":{"0":{"start":{"line":24,"column":20},"end":{"line":24,"column":30}},"1":{"start":{"line":25,"column":43},"end":{"line":25,"column":57}},"2":{"start":{"line":26,"column":21},"end":{"line":26,"column":33}},"3":{"start":{"line":28,"column":17},"end":{"line":28,"column":58}},"4":{"start":{"line":29,"column":21},"end":{"line":29,"column":43}},"5":{"start":{"line":30,"column":15},"end":{"line":30,"column":31}},"6":{"start":{"line":32,"column":30},"end":{"line":34,"column":3}},"7":{"start":{"line":33,"column":4},"end":{"line":33,"column":26}},"8":{"start":{"line":36,"column":2},"end":{"line":102,"column":4}},"9":{"start":{"line":105,"column":15},"end":{"line":144,"column":2}}},"fnMap":{"0":{"name":"StoryListItem","decl":{"start":{"line":18,"column":16},"end":{"line":18,"column":29}},"loc":{"start":{"line":23,"column":23},"end":{"line":103,"column":1}},"line":23},"1":{"name":"(anonymous_1)","decl":{"start":{"line":32,"column":30},"end":{"line":32,"column":31}},"loc":{"start":{"line":32,"column":36},"end":{"line":34,"column":3}},"line":32}},"branchMap":{"0":{"loc":{"start":{"line":28,"column":17},"end":{"line":28,"column":58}},"type":"cond-expr","locations":[{"start":{"line":28,"column":29},"end":{"line":28,"column":53}},{"start":{"line":28,"column":56},"end":{"line":28,"column":58}}],"line":28},"1":{"loc":{"start":{"line":59,"column":25},"end":{"line":59,"column":64}},"type":"cond-expr","locations":[{"start":{"line":59,"column":32},"end":{"line":59,"column":51}},{"start":{"line":59,"column":54},"end":{"line":59,"column":64}}],"line":59},"2":{"loc":{"start":{"line":64,"column":13},"end":{"line":68,"column":13}},"type":"binary-expr","locations":[{"start":{"line":64,"column":13},"end":{"line":64,"column":19}},{"start":{"line":65,"column":14},"end":{"line":67,"column":21}}],"line":64},"3":{"loc":{"start":{"line":78,"column":30},"end":{"line":78,"column":52}},"type":"binary-expr","locations":[{"start":{"line":78,"column":30},"end":{"line":78,"column":47}},{"start":{"line":78,"column":51},"end":{"line":78,"column":52}}],"line":78},"4":{"loc":{"start":{"line":94,"column":23},"end":{"line":94,"column":69}},"type":"cond-expr","locations":[{"start":{"line":94,"column":36},"end":{"line":94,"column":48}},{"start":{"line":94,"column":51},"end":{"line":94,"column":69}}],"line":94},"5":{"loc":{"start":{"line":97,"column":13},"end":{"line":97,"column":35}},"type":"cond-expr","locations":[{"start":{"line":97,"column":26},"end":{"line":97,"column":29}},{"start":{"line":97,"column":32},"end":{"line":97,"column":35}}],"line":97}},"s":{"0":65,"1":65,"2":65,"3":65,"4":65,"5":65,"6":65,"7":0,"8":65,"9":2},"f":{"0":65,"1":0},"b":{"0":[63,2],"1":[0,65],"2":[65,63],"3":[65,1],"4":[0,65],"5":[0,65]},"_coverageSchema":"1a1c01bbd47fc00a2c39e90264f33305004495a9","hash":"a54f8999738fd3c609b930c4cc9e5c755c354743"}
,"/Users/nose/work/codep/TASK_2309/model_b/hacknews-rn/src/components/story/StoryMetadata.tsx": {"path":"/Users/nose/work/codep/TASK_2309/model_b/hacknews-rn/src/components/story/StoryMetadata.tsx","statementMap":{"0":{"start":{"line":24,"column":20},"end":{"line":24,"column":30}},"1":{"start":{"line":26,"column":2},"end":{"line":59,"column":4}},"2":{"start":{"line":62,"column":15},"end":{"line":74,"column":2}}},"fnMap":{"0":{"name":"StoryMetadata","decl":{"start":{"line":18,"column":16},"end":{"line":18,"column":29}},"loc":{"start":{"line":23,"column":23},"end":{"line":60,"column":1}},"line":23}},"branchMap":{"0":{"loc":{"start":{"line":22,"column":2},"end":{"line":22,"column":18}},"type":"default-arg","locations":[{"start":{"line":22,"column":17},"end":{"line":22,"column":18}}],"line":22},"1":{"loc":{"start":{"line":28,"column":7},"end":{"line":32,"column":7}},"type":"binary-expr","locations":[{"start":{"line":28,"column":7},"end":{"line":28,"column":27}},{"start":{"line":29,"column":8},"end":{"line":31,"column":15}}],"line":28},"2":{"loc":{"start":{"line":33,"column":7},"end":{"line":43,"column":7}},"type":"binary-expr","locations":[{"start":{"line":33,"column":7},"end":{"line":33,"column":9}},{"start":{"line":34,"column":8},"end":{"line":42,"column":11}}],"line":33}},"s":{"0":77,"1":77,"2":3},"f":{"0":77},"b":{"0":[0],"1":[77,76],"2":[77,77]},"_coverageSchema":"1a1c01bbd47fc00a2c39e90264f33305004495a9","hash":"4618903f39a6131be903a03b371a5b691a207a6a"}
,"/Users/nose/work/codep/TASK_2309/model_b/hacknews-rn/src/hooks/useInfiniteStories.test.ts": {"path":"/Users/nose/work/codep/TASK_2309/model_b/hacknews-rn/src/hooks/useInfiniteStories.test.ts","statementMap":{"0":{"start":{"line":9,"column":0},"end":{"line":9,"column":26}},"1":{"start":{"line":11,"column":18},"end":{"line":11,"column":52}},"2":{"start":{"line":13,"column":22},"end":{"line":25,"column":1}},"3":{"start":{"line":14,"column":22},"end":{"line":20,"column":4}},"4":{"start":{"line":22,"column":2},"end":{"line":24,"column":4}},"5":{"start":{"line":23,"column":4},"end":{"line":23,"column":87}},"6":{"start":{"line":27,"column":0},"end":{"line":191,"column":3}},"7":{"start":{"line":28,"column":2},"end":{"line":30,"column":5}},"8":{"start":{"line":29,"column":4},"end":{"line":29,"column":25}},"9":{"start":{"line":32,"column":2},"end":{"line":58,"column":5}},"10":{"start":{"line":33,"column":20},"end":{"line":33,"column":64}},"11":{"start":{"line":33,"column":58},"end":{"line":33,"column":63}},"12":{"start":{"line":34,"column":24},"end":{"line":42,"column":7}},"13":{"start":{"line":34,"column":62},"end":{"line":42,"column":5}},"14":{"start":{"line":44,"column":4},"end":{"line":44,"column":52}},"15":{"start":{"line":45,"column":4},"end":{"line":45,"column":56}},"16":{"start":{"line":47,"column":23},"end":{"line":49,"column":6}},"17":{"start":{"line":47,"column":40},"end":{"line":47,"column":77}},"18":{"start":{"line":51,"column":4},"end":{"line":51,"column":69}},"19":{"start":{"line":51,"column":24},"end":{"line":51,"column":67}},"20":{"start":{"line":53,"column":4},"end":{"line":53,"column":61}},"21":{"start":{"line":54,"column":4},"end":{"line":54,"column":76}},"22":{"start":{"line":55,"column":4},"end":{"line":55,"column":55}},"23":{"start":{"line":56,"column":4},"end":{"line":56,"column":67}},"24":{"start":{"line":57,"column":4},"end":{"line":57,"column":50}},"25":{"start":{"line":60,"column":2},"end":{"line":104,"column":5}},"26":{"start":{"line":61,"column":20},"end":{"line":61,"column":64}},"27":{"start":{"line":61,"column":58},"end":{"line":61,"column":63}},"28":{"start":{"line":62,"column":29},"end":{"line":70,"column":7}},"29":{"start":{"line":62,"column":67},"end":{"line":70,"column":5}},"30":{"start":{"line":71,"column":29},"end":{"line":79,"column":7}},"31":{"start":{"line":71,"column":67},"end":{"line":79,"column":5}},"32":{"start":{"line":81,"column":4},"end":{"line":81,"column":52}},"33":{"start":{"line":82,"column":4},"end":{"line":84,"column":47}},"34":{"start":{"line":86,"column":23},"end":{"line":88,"column":6}},"35":{"start":{"line":86,"column":40},"end":{"line":86,"column":77}},"36":{"start":{"line":91,"column":4},"end":{"line":91,"column":69}},"37":{"start":{"line":91,"column":24},"end":{"line":91,"column":67}},"38":{"start":{"line":92,"column":4},"end":{"line":92,"column":55}},"39":{"start":{"line":95,"column":4},"end":{"line":95,"column":35}},"40":{"start":{"line":97,"column":4},"end":{"line":97,"column":76}},"41":{"start":{"line":97,"column":24},"end":{"line":97,"column":74}},"42":{"start":{"line":100,"column":4},"end":{"line":100,"column":67}},"43":{"start":{"line":101,"column":4},"end":{"line":101,"column":67}},"44":{"start":{"line":102,"column":4},"end":{"line":102,"column":64}},"45":{"start":{"line":103,"column":4},"end":{"line":103,"column":65}},"46":{"start":{"line":106,"column":2},"end":{"line":148,"column":5}},"47":{"start":{"line":107,"column":20},"end":{"line":107,"column":63}},"48":{"start":{"line":107,"column":57},"end":{"line":107,"column":62}},"49":{"start":{"line":108,"column":29},"end":{"line":116,"column":7}},"50":{"start":{"line":108,"column":67},"end":{"line":116,"column":5}},"51":{"start":{"line":117,"column":29},"end":{"line":125,"column":7}},"52":{"start":{"line":117,"column":67},"end":{"line":125,"column":5}},"53":{"start":{"line":127,"column":4},"end":{"line":127,"column":52}},"54":{"start":{"line":128,"column":4},"end":{"line":130,"column":47}},"55":{"start":{"line":132,"column":23},"end":{"line":134,"column":6}},"56":{"start":{"line":132,"column":40},"end":{"line":132,"column":77}},"57":{"start":{"line":137,"column":4},"end":{"line":137,"column":69}},"58":{"start":{"line":137,"column":24},"end":{"line":137,"column":67}},"59":{"start":{"line":138,"column":4},"end":{"line":138,"column":50}},"60":{"start":{"line":141,"column":4},"end":{"line":141,"column":35}},"61":{"start":{"line":143,"column":4},"end":{"line":143,"column":76}},"62":{"start":{"line":143,"column":24},"end":{"line":143,"column":74}},"63":{"start":{"line":146,"column":4},"end":{"line":146,"column":51}},"64":{"start":{"line":147,"column":4},"end":{"line":147,"column":67}},"65":{"start":{"line":150,"column":2},"end":{"line":160,"column":5}},"66":{"start":{"line":151,"column":4},"end":{"line":151,"column":71}},"67":{"start":{"line":153,"column":23},"end":{"line":155,"column":6}},"68":{"start":{"line":153,"column":40},"end":{"line":153,"column":77}},"69":{"start":{"line":157,"column":4},"end":{"line":157,"column":67}},"70":{"start":{"line":157,"column":24},"end":{"line":157,"column":65}},"71":{"start":{"line":159,"column":4},"end":{"line":159,"column":69}},"72":{"start":{"line":162,"column":2},"end":{"line":190,"column":5}},"73":{"start":{"line":163,"column":20},"end":{"line":163,"column":64}},"74":{"start":{"line":163,"column":58},"end":{"line":163,"column":63}},"75":{"start":{"line":164,"column":24},"end":{"line":172,"column":7}},"76":{"start":{"line":164,"column":62},"end":{"line":172,"column":5}},"77":{"start":{"line":174,"column":4},"end":{"line":174,"column":52}},"78":{"start":{"line":175,"column":4},"end":{"line":175,"column":56}},"79":{"start":{"line":177,"column":23},"end":{"line":179,"column":6}},"80":{"start":{"line":177,"column":40},"end":{"line":177,"column":77}},"81":{"start":{"line":181,"column":4},"end":{"line":181,"column":69}},"82":{"start":{"line":181,"column":24},"end":{"line":181,"column":67}},"83":{"start":{"line":184,"column":4},"end":{"line":184,"column":35}},"84":{"start":{"line":186,"column":4},"end":{"line":186,"column":79}},"85":{"start":{"line":186,"column":24},"end":{"line":186,"column":77}},"86":{"start":{"line":189,"column":4},"end":{"line":189,"column":83}},"87":{"start":{"line":193,"column":0},"end":{"line":249,"column":3}},"88":{"start":{"line":194,"column":2},"end":{"line":219,"column":5}},"89":{"start":{"line":195,"column":18},"end":{"line":210,"column":5}},"90":{"start":{"line":212,"column":22},"end":{"line":212,"column":51}},"91":{"start":{"line":214,"column":4},"end":{"line":214,"column":38}},"92":{"start":{"line":215,"column":4},"end":{"line":215,"column":36}},"93":{"start":{"line":216,"column":4},"end":{"line":216,"column":36}},"94":{"start":{"line":217,"column":4},"end":{"line":217,"column":36}},"95":{"start":{"line":218,"column":4},"end":{"line":218,"column":36}},"96":{"start":{"line":221,"column":2},"end":{"line":225,"column":5}},"97":{"start":{"line":222,"column":22},"end":{"line":222,"column":55}},"98":{"start":{"line":224,"column":4},"end":{"line":224,"column":34}},"99":{"start":{"line":227,"column":2},"end":{"line":231,"column":5}},"100":{"start":{"line":228,"column":22},"end":{"line":228,"column":48}},"101":{"start":{"line":230,"column":4},"end":{"line":230,"column":34}},"102":{"start":{"line":233,"column":2},"end":{"line":248,"column":5}},"103":{"start":{"line":234,"column":18},"end":{"line":242,"column":5}},"104":{"start":{"line":244,"column":22},"end":{"line":244,"column":51}},"105":{"start":{"line":246,"column":4},"end":{"line":246,"column":38}},"106":{"start":{"line":247,"column":4},"end":{"line":247,"column":36}}},"fnMap":{"0":{"name":"(anonymous_0)","decl":{"start":{"line":13,"column":22},"end":{"line":13,"column":23}},"loc":{"start":{"line":13,"column":28},"end":{"line":25,"column":1}},"line":13},"1":{"name":"Wrapper","decl":{"start":{"line":22,"column":18},"end":{"line":22,"column":25}},"loc":{"start":{"line":22,"column":65},"end":{"line":24,"column":3}},"line":22},"2":{"name":"(anonymous_2)","decl":{"start":{"line":27,"column":31},"end":{"line":27,"column":32}},"loc":{"start":{"line":27,"column":37},"end":{"line":191,"column":1}},"line":27},"3":{"name":"(anonymous_3)","decl":{"start":{"line":28,"column":13},"end":{"line":28,"column":14}},"loc":{"start":{"line":28,"column":19},"end":{"line":30,"column":3}},"line":28},"4":{"name":"(anonymous_4)","decl":{"start":{"line":32,"column":45},"end":{"line":32,"column":46}},"loc":{"start":{"line":32,"column":57},"end":{"line":58,"column":3}},"line":32},"5":{"name":"(anonymous_5)","decl":{"start":{"line":33,"column":48},"end":{"line":33,"column":49}},"loc":{"start":{"line":33,"column":58},"end":{"line":33,"column":63}},"line":33},"6":{"name":"(anonymous_6)","decl":{"start":{"line":34,"column":51},"end":{"line":34,"column":52}},"loc":{"start":{"line":34,"column":62},"end":{"line":42,"column":5}},"line":34},"7":{"name":"(anonymous_7)","decl":{"start":{"line":47,"column":34},"end":{"line":47,"column":35}},"loc":{"start":{"line":47,"column":40},"end":{"line":47,"column":77}},"line":47},"8":{"name":"(anonymous_8)","decl":{"start":{"line":51,"column":18},"end":{"line":51,"column":19}},"loc":{"start":{"line":51,"column":24},"end":{"line":51,"column":67}},"line":51},"9":{"name":"(anonymous_9)","decl":{"start":{"line":60,"column":59},"end":{"line":60,"column":60}},"loc":{"start":{"line":60,"column":71},"end":{"line":104,"column":3}},"line":60},"10":{"name":"(anonymous_10)","decl":{"start":{"line":61,"column":48},"end":{"line":61,"column":49}},"loc":{"start":{"line":61,"column":58},"end":{"line":61,"column":63}},"line":61},"11":{"name":"(anonymous_11)","decl":{"start":{"line":62,"column":56},"end":{"line":62,"column":57}},"loc":{"start":{"line":62,"column":67},"end":{"line":70,"column":5}},"line":62},"12":{"name":"(anonymous_12)","decl":{"start":{"line":71,"column":56},"end":{"line":71,"column":57}},"loc":{"start":{"line":71,"column":67},"end":{"line":79,"column":5}},"line":71},"13":{"name":"(anonymous_13)","decl":{"start":{"line":86,"column":34},"end":{"line":86,"column":35}},"loc":{"start":{"line":86,"column":40},"end":{"line":86,"column":77}},"line":86},"14":{"name":"(anonymous_14)","decl":{"start":{"line":91,"column":18},"end":{"line":91,"column":19}},"loc":{"start":{"line":91,"column":24},"end":{"line":91,"column":67}},"line":91},"15":{"name":"(anonymous_15)","decl":{"start":{"line":97,"column":18},"end":{"line":97,"column":19}},"loc":{"start":{"line":97,"column":24},"end":{"line":97,"column":74}},"line":97},"16":{"name":"(anonymous_16)","decl":{"start":{"line":106,"column":63},"end":{"line":106,"column":64}},"loc":{"start":{"line":106,"column":75},"end":{"line":148,"column":3}},"line":106},"17":{"name":"(anonymous_17)","decl":{"start":{"line":107,"column":47},"end":{"line":107,"column":48}},"loc":{"start":{"line":107,"column":57},"end":{"line":107,"column":62}},"line":107},"18":{"name":"(anonymous_18)","decl":{"start":{"line":108,"column":56},"end":{"line":108,"column":57}},"loc":{"start":{"line":108,"column":67},"end":{"line":116,"column":5}},"line":108},"19":{"name":"(anonymous_19)","decl":{"start":{"line":117,"column":56},"end":{"line":117,"column":57}},"loc":{"start":{"line":117,"column":67},"end":{"line":125,"column":5}},"line":117},"20":{"name":"(anonymous_20)","decl":{"start":{"line":132,"column":34},"end":{"line":132,"column":35}},"loc":{"start":{"line":132,"column":40},"end":{"line":132,"column":77}},"line":132},"21":{"name":"(anonymous_21)","decl":{"start":{"line":137,"column":18},"end":{"line":137,"column":19}},"loc":{"start":{"line":137,"column":24},"end":{"line":137,"column":67}},"line":137},"22":{"name":"(anonymous_22)","decl":{"start":{"line":143,"column":18},"end":{"line":143,"column":19}},"loc":{"start":{"line":143,"column":24},"end":{"line":143,"column":74}},"line":143},"23":{"name":"(anonymous_23)","decl":{"start":{"line":150,"column":40},"end":{"line":150,"column":41}},"loc":{"start":{"line":150,"column":52},"end":{"line":160,"column":3}},"line":150},"24":{"name":"(anonymous_24)","decl":{"start":{"line":153,"column":34},"end":{"line":153,"column":35}},"loc":{"start":{"line":153,"column":40},"end":{"line":153,"column":77}},"line":153},"25":{"name":"(anonymous_25)","decl":{"start":{"line":157,"column":18},"end":{"line":157,"column":19}},"loc":{"start":{"line":157,"column":24},"end":{"line":157,"column":65}},"line":157},"26":{"name":"(anonymous_26)","decl":{"start":{"line":162,"column":58},"end":{"line":162,"column":59}},"loc":{"start":{"line":162,"column":70},"end":{"line":190,"column":3}},"line":162},"27":{"name":"(anonymous_27)","decl":{"start":{"line":163,"column":48},"end":{"line":163,"column":49}},"loc":{"start":{"line":163,"column":58},"end":{"line":163,"column":63}},"line":163},"28":{"name":"(anonymous_28)","decl":{"start":{"line":164,"column":51},"end":{"line":164,"column":52}},"loc":{"start":{"line":164,"column":62},"end":{"line":172,"column":5}},"line":164},"29":{"name":"(anonymous_29)","decl":{"start":{"line":177,"column":34},"end":{"line":177,"column":35}},"loc":{"start":{"line":177,"column":40},"end":{"line":177,"column":77}},"line":177},"30":{"name":"(anonymous_30)","decl":{"start":{"line":181,"column":18},"end":{"line":181,"column":19}},"loc":{"start":{"line":181,"column":24},"end":{"line":181,"column":67}},"line":181},"31":{"name":"(anonymous_31)","decl":{"start":{"line":186,"column":18},"end":{"line":186,"column":19}},"loc":{"start":{"line":186,"column":24},"end":{"line":186,"column":77}},"line":186},"32":{"name":"(anonymous_32)","decl":{"start":{"line":193,"column":35},"end":{"line":193,"column":36}},"loc":{"start":{"line":193,"column":41},"end":{"line":249,"column":1}},"line":193},"33":{"name":"(anonymous_33)","decl":{"start":{"line":194,"column":47},"end":{"line":194,"column":48}},"loc":{"start":{"line":194,"column":53},"end":{"line":219,"column":3}},"line":194},"34":{"name":"(anonymous_34)","decl":{"start":{"line":221,"column":54},"end":{"line":221,"column":55}},"loc":{"start":{"line":221,"column":60},"end":{"line":225,"column":3}},"line":221},"35":{"name":"(anonymous_35)","decl":{"start":{"line":227,"column":50},"end":{"line":227,"column":51}},"loc":{"start":{"line":227,"column":56},"end":{"line":231,"column":3}},"line":227},"36":{"name":"(anonymous_36)","decl":{"start":{"line":233,"column":54},"end":{"line":233,"column":55}},"loc":{"start":{"line":233,"column":60},"end":{"line":248,"column":3}},"line":233}},"branchMap":{},"s":{"0":0,"1":0,"2":0,"3":0,"4":0,"5":0,"6":0,"7":0,"8":0,"9":0,"10":0,"11":0,"12":0,"13":0,"14":0,"15":0,"16":0,"17":0,"18":0,"19":0,"20":0,"21":0,"22":0,"23":0,"24":0,"25":0,"26":0,"27":0,"28":0,"29":0,"30":0,"31":0,"32":0,"33":0,"34":0,"35":0,"36":0,"37":0,"38":0,"39":0,"40":0,"41":0,"42":0,"43":0,"44":0,"45":0,"46":0,"47":0,"48":0,"49":0,"50":0,"51":0,"52":0,"53":0,"54":0,"55":0,"56":0,"57":0,"58":0,"59":0,"60":0,"61":0,"62":0,"63":0,"64":0,"65":0,"66":0,"67":0,"68":0,"69":0,"70":0,"71":0,"72":0,"73":0,"74":0,"75":0,"76":0,"77":0,"78":0,"79":0,"80":0,"81":0,"82":0,"83":0,"84":0,"85":0,"86":0,"87":0,"88":0,"89":0,"90":0,"91":0,"92":0,"93":0,"94":0,"95":0,"96":0,"97":0,"98":0,"99":0,"100":0,"101":0,"102":0,"103":0,"104":0,"105":0,"106":0},"f":{"0":0,"1":0,"2":0,"3":0,"4":0,"5":0,"6":0,"7":0,"8":0,"9":0,"10":0,"11":0,"12":0,"13":0,"14":0,"15":0,"16":0,"17":0,"18":0,"19":0,"20":0,"21":0,"22":0,"23":0,"24":0,"25":0,"26":0,"27":0,"28":0,"29":0,"30":0,"31":0,"32":0,"33":0,"34":0,"35":0,"36":0},"b":{}}
,"/Users/nose/work/codep/TASK_2309/model_b/hacknews-rn/src/hooks/useInfiniteStories.ts": {"path":"/Users/nose/work/codep/TASK_2309/model_b/hacknews-rn/src/hooks/useInfiniteStories.ts","statementMap":{"0":{"start":{"line":22,"column":2},"end":{"line":49,"column":5}},"1":{"start":{"line":26,"column":18},"end":{"line":26,"column":50}},"2":{"start":{"line":29,"column":25},"end":{"line":29,"column":53}},"3":{"start":{"line":30,"column":23},"end":{"line":30,"column":52}},"4":{"start":{"line":31,"column":22},"end":{"line":31,"column":53}},"5":{"start":{"line":34,"column":22},"end":{"line":34,"column":53}},"6":{"start":{"line":37,"column":22},"end":{"line":37,"column":43}},"7":{"start":{"line":38,"column":23},"end":{"line":38,"column":58}},"8":{"start":{"line":40,"column":6},"end":{"line":43,"column":8}},"9":{"start":{"line":45,"column":36},"end":{"line":45,"column":53}},"10":{"start":{"line":58,"column":2},"end":{"line":58,"column":23}},"11":{"start":{"line":58,"column":13},"end":{"line":58,"column":23}},"12":{"start":{"line":59,"column":2},"end":{"line":59,"column":46}},"13":{"start":{"line":59,"column":32},"end":{"line":59,"column":44}}},"fnMap":{"0":{"name":"useInfiniteStories","decl":{"start":{"line":19,"column":16},"end":{"line":19,"column":34}},"loc":{"start":{"line":21,"column":68},"end":{"line":50,"column":1}},"line":21},"1":{"name":"(anonymous_1)","decl":{"start":{"line":24,"column":13},"end":{"line":24,"column":14}},"loc":{"start":{"line":24,"column":42},"end":{"line":44,"column":5}},"line":24},"2":{"name":"(anonymous_2)","decl":{"start":{"line":45,"column":22},"end":{"line":45,"column":23}},"loc":{"start":{"line":45,"column":36},"end":{"line":45,"column":53}},"line":45},"3":{"name":"flattenInfiniteStories","decl":{"start":{"line":55,"column":16},"end":{"line":55,"column":38}},"loc":{"start":{"line":57,"column":11},"end":{"line":60,"column":1}},"line":57},"4":{"name":"(anonymous_4)","decl":{"start":{"line":59,"column":22},"end":{"line":59,"column":23}},"loc":{"start":{"line":59,"column":32},"end":{"line":59,"column":44}},"line":59}},"branchMap":{"0":{"loc":{"start":{"line":24,"column":22},"end":{"line":24,"column":35}},"type":"default-arg","locations":[{"start":{"line":24,"column":34},"end":{"line":24,"column":35}}],"line":24},"1":{"loc":{"start":{"line":38,"column":23},"end":{"line":38,"column":58}},"type":"cond-expr","locations":[{"start":{"line":38,"column":33},"end":{"line":38,"column":46}},{"start":{"line":38,"column":49},"end":{"line":38,"column":58}}],"line":38},"2":{"loc":{"start":{"line":58,"column":2},"end":{"line":58,"column":23}},"type":"if","locations":[{"start":{"line":58,"column":2},"end":{"line":58,"column":23}},{"start":{},"end":{}}],"line":58}},"s":{"0":0,"1":0,"2":0,"3":0,"4":0,"5":0,"6":0,"7":0,"8":0,"9":0,"10":0,"11":0,"12":0,"13":0},"f":{"0":0,"1":0,"2":0,"3":0,"4":0},"b":{"0":[0],"1":[0,0],"2":[0,0]},"_coverageSchema":"1a1c01bbd47fc00a2c39e90264f33305004495a9","hash":"5bdafa08b749773823d496f5684db26a609cef43"}
,"/Users/nose/work/codep/TASK_2309/model_b/hacknews-rn/src/hooks/useStoryDetail.ts": {"path":"/Users/nose/work/codep/TASK_2309/model_b/hacknews-rn/src/hooks/useStoryDetail.ts","statementMap":{"0":{"start":{"line":12,"column":2},"end":{"line":24,"column":5}},"1":{"start":{"line":15,"column":20},"end":{"line":15,"column":49}},"2":{"start":{"line":16,"column":6},"end":{"line":18,"column":7}},"3":{"start":{"line":17,"column":8},"end":{"line":17,"column":54}},"4":{"start":{"line":19,"column":6},"end":{"line":19,"column":19}},"5":{"start":{"line":33,"column":2},"end":{"line":45,"column":5}},"6":{"start":{"line":36,"column":6},"end":{"line":38,"column":7}},"7":{"start":{"line":37,"column":8},"end":{"line":37,"column":18}},"8":{"start":{"line":39,"column":23},"end":{"line":39,"column":61}},"9":{"start":{"line":40,"column":6},"end":{"line":40,"column":22}},"10":{"start":{"line":54,"column":2},"end":{"line":66,"column":5}},"11":{"start":{"line":57,"column":6},"end":{"line":59,"column":7}},"12":{"start":{"line":58,"column":8},"end":{"line":58,"column":18}},"13":{"start":{"line":60,"column":28},"end":{"line":60,"column":74}},"14":{"start":{"line":61,"column":6},"end":{"line":61,"column":27}}},"fnMap":{"0":{"name":"useStoryDetail","decl":{"start":{"line":9,"column":16},"end":{"line":9,"column":30}},"loc":{"start":{"line":11,"column":32},"end":{"line":25,"column":1}},"line":11},"1":{"name":"(anonymous_1)","decl":{"start":{"line":14,"column":13},"end":{"line":14,"column":14}},"loc":{"start":{"line":14,"column":25},"end":{"line":20,"column":5}},"line":14},"2":{"name":"useComments","decl":{"start":{"line":30,"column":16},"end":{"line":30,"column":27}},"loc":{"start":{"line":32,"column":36},"end":{"line":46,"column":1}},"line":32},"3":{"name":"(anonymous_3)","decl":{"start":{"line":35,"column":13},"end":{"line":35,"column":14}},"loc":{"start":{"line":35,"column":25},"end":{"line":41,"column":5}},"line":35},"4":{"name":"useNestedComments","decl":{"start":{"line":51,"column":16},"end":{"line":51,"column":33}},"loc":{"start":{"line":53,"column":36},"end":{"line":67,"column":1}},"line":53},"5":{"name":"(anonymous_5)","decl":{"start":{"line":56,"column":13},"end":{"line":56,"column":14}},"loc":{"start":{"line":56,"column":25},"end":{"line":62,"column":5}},"line":56}},"branchMap":{"0":{"loc":{"start":{"line":16,"column":6},"end":{"line":18,"column":7}},"type":"if","locations":[{"start":{"line":16,"column":6},"end":{"line":18,"column":7}},{"start":{},"end":{}}],"line":16},"1":{"loc":{"start":{"line":36,"column":6},"end":{"line":38,"column":7}},"type":"if","locations":[{"start":{"line":36,"column":6},"end":{"line":38,"column":7}},{"start":{},"end":{}}],"line":36},"2":{"loc":{"start":{"line":36,"column":10},"end":{"line":36,"column":48}},"type":"binary-expr","locations":[{"start":{"line":36,"column":10},"end":{"line":36,"column":21}},{"start":{"line":36,"column":25},"end":{"line":36,"column":48}}],"line":36},"3":{"loc":{"start":{"line":44,"column":13},"end":{"line":44,"column":50}},"type":"binary-expr","locations":[{"start":{"line":44,"column":13},"end":{"line":44,"column":25}},{"start":{"line":44,"column":29},"end":{"line":44,"column":50}}],"line":44},"4":{"loc":{"start":{"line":57,"column":6},"end":{"line":59,"column":7}},"type":"if","locations":[{"start":{"line":57,"column":6},"end":{"line":59,"column":7}},{"start":{},"end":{}}],"line":57},"5":{"loc":{"start":{"line":57,"column":10},"end":{"line":57,"column":65}},"type":"binary-expr","locations":[{"start":{"line":57,"column":10},"end":{"line":57,"column":30}},{"start":{"line":57,"column":34},"end":{"line":57,"column":65}}],"line":57},"6":{"loc":{"start":{"line":65,"column":13},"end":{"line":65,"column":67}},"type":"binary-expr","locations":[{"start":{"line":65,"column":13},"end":{"line":65,"column":34}},{"start":{"line":65,"column":38},"end":{"line":65,"column":67}}],"line":65}},"s":{"0":0,"1":0,"2":0,"3":0,"4":0,"5":0,"6":0,"7":0,"8":0,"9":0,"10":0,"11":0,"12":0,"13":0,"14":0},"f":{"0":0,"1":0,"2":0,"3":0,"4":0,"5":0},"b":{"0":[0,0],"1":[0,0],"2":[0,0],"3":[0,0],"4":[0,0],"5":[0,0],"6":[0,0]}}
,"/Users/nose/work/codep/TASK_2309/model_b/hacknews-rn/src/navigation/AppNavigator.tsx": {"path":"/Users/nose/work/codep/TASK_2309/model_b/hacknews-rn/src/navigation/AppNavigator.tsx","statementMap":{"0":{"start":{"line":14,"column":14},"end":{"line":14,"column":62}},"1":{"start":{"line":15,"column":12},"end":{"line":15,"column":52}},"2":{"start":{"line":19,"column":20},"end":{"line":19,"column":30}},"3":{"start":{"line":21,"column":2},"end":{"line":68,"column":4}},"4":{"start":{"line":73,"column":21},"end":{"line":73,"column":36}},"5":{"start":{"line":74,"column":20},"end":{"line":74,"column":30}},"6":{"start":{"line":76,"column":2},"end":{"line":95,"column":4}},"7":{"start":{"line":79,"column":23},"end":{"line":79,"column":55}},"8":{"start":{"line":87,"column":23},"end":{"line":87,"column":53}},"9":{"start":{"line":100,"column":28},"end":{"line":100,"column":38}},"10":{"start":{"line":102,"column":2},"end":{"line":177,"column":4}},"11":{"start":{"line":152,"column":31},"end":{"line":152,"column":48}},"12":{"start":{"line":163,"column":35},"end":{"line":163,"column":64}},"13":{"start":{"line":180,"column":15},"end":{"line":187,"column":2}}},"fnMap":{"0":{"name":"TabNavigator","decl":{"start":{"line":18,"column":9},"end":{"line":18,"column":21}},"loc":{"start":{"line":18,"column":24},"end":{"line":69,"column":1}},"line":18},"1":{"name":"HeaderButtons","decl":{"start":{"line":72,"column":9},"end":{"line":72,"column":22}},"loc":{"start":{"line":72,"column":25},"end":{"line":96,"column":1}},"line":72},"2":{"name":"(anonymous_2)","decl":{"start":{"line":79,"column":17},"end":{"line":79,"column":18}},"loc":{"start":{"line":79,"column":23},"end":{"line":79,"column":55}},"line":79},"3":{"name":"(anonymous_3)","decl":{"start":{"line":87,"column":17},"end":{"line":87,"column":18}},"loc":{"start":{"line":87,"column":23},"end":{"line":87,"column":53}},"line":87},"4":{"name":"AppNavigator","decl":{"start":{"line":99,"column":24},"end":{"line":99,"column":36}},"loc":{"start":{"line":99,"column":39},"end":{"line":178,"column":1}},"line":99},"5":{"name":"(anonymous_5)","decl":{"start":{"line":152,"column":25},"end":{"line":152,"column":26}},"loc":{"start":{"line":152,"column":31},"end":{"line":152,"column":48}},"line":152},"6":{"name":"(anonymous_6)","decl":{"start":{"line":163,"column":19},"end":{"line":163,"column":20}},"loc":{"start":{"line":163,"column":35},"end":{"line":163,"column":64}},"line":163}},"branchMap":{},"s":{"0":0,"1":0,"2":0,"3":0,"4":0,"5":0,"6":0,"7":0,"8":0,"9":0,"10":0,"11":0,"12":0,"13":0},"f":{"0":0,"1":0,"2":0,"3":0,"4":0,"5":0,"6":0},"b":{}}
,"/Users/nose/work/codep/TASK_2309/model_b/hacknews-rn/src/navigation/types.ts": {"path":"/Users/nose/work/codep/TASK_2309/model_b/hacknews-rn/src/navigation/types.ts","statementMap":{"0":{"start":{"line":35,"column":33},"end":{"line":47,"column":1}},"1":{"start":{"line":38,"column":52},"end":{"line":45,"column":3}},"2":{"start":{"line":46,"column":2},"end":{"line":46,"column":24}}},"fnMap":{"0":{"name":"(anonymous_0)","decl":{"start":{"line":35,"column":33},"end":{"line":35,"column":34}},"loc":{"start":{"line":37,"column":15},"end":{"line":47,"column":1}},"line":37}},"branchMap":{},"s":{"0":1,"1":15,"2":15},"f":{"0":15},"b":{},"_coverageSchema":"1a1c01bbd47fc00a2c39e90264f33305004495a9","hash":"c65b9929c3b9309587df66b02a848a9899924818"}
,"/Users/nose/work/codep/TASK_2309/model_b/hacknews-rn/src/screens/ArticleScreen.tsx": {"path":"/Users/nose/work/codep/TASK_2309/model_b/hacknews-rn/src/screens/ArticleScreen.tsx","statementMap":{"0":{"start":{"line":10,"column":16},"end":{"line":10,"column":68}},"1":{"start":{"line":11,"column":20},"end":{"line":11,"column":30}},"2":{"start":{"line":12,"column":25},"end":{"line":12,"column":37}},"3":{"start":{"line":13,"column":32},"end":{"line":13,"column":46}},"4":{"start":{"line":14,"column":25},"end":{"line":14,"column":37}},"5":{"start":{"line":17,"column":2},"end":{"line":19,"column":29}},"6":{"start":{"line":18,"column":4},"end":{"line":18,"column":33}},"7":{"start":{"line":21,"column":2},"end":{"line":40,"column":4}},"8":{"start":{"line":25,"column":27},"end":{"line":25,"column":43}},"9":{"start":{"line":26,"column":25},"end":{"line":26,"column":42}},"10":{"start":{"line":43,"column":15},"end":{"line":56,"column":2}}},"fnMap":{"0":{"name":"ArticleScreen","decl":{"start":{"line":9,"column":24},"end":{"line":9,"column":37}},"loc":{"start":{"line":9,"column":40},"end":{"line":41,"column":1}},"line":9},"1":{"name":"(anonymous_1)","decl":{"start":{"line":17,"column":12},"end":{"line":17,"column":13}},"loc":{"start":{"line":17,"column":18},"end":{"line":19,"column":3}},"line":17},"2":{"name":"(anonymous_2)","decl":{"start":{"line":25,"column":21},"end":{"line":25,"column":22}},"loc":{"start":{"line":25,"column":27},"end":{"line":25,"column":43}},"line":25},"3":{"name":"(anonymous_3)","decl":{"start":{"line":26,"column":19},"end":{"line":26,"column":20}},"loc":{"start":{"line":26,"column":25},"end":{"line":26,"column":42}},"line":26}},"branchMap":{"0":{"loc":{"start":{"line":34,"column":7},"end":{"line":38,"column":7}},"type":"binary-expr","locations":[{"start":{"line":34,"column":7},"end":{"line":34,"column":14}},{"start":{"line":35,"column":8},"end":{"line":37,"column":15}}],"line":34}},"s":{"0":0,"1":0,"2":0,"3":0,"4":0,"5":0,"6":0,"7":0,"8":0,"9":0,"10":0},"f":{"0":0,"1":0,"2":0,"3":0},"b":{"0":[0,0]}}
,"/Users/nose/work/codep/TASK_2309/model_b/hacknews-rn/src/screens/BookmarksScreen.tsx": {"path":"/Users/nose/work/codep/TASK_2309/model_b/hacknews-rn/src/screens/BookmarksScreen.tsx","statementMap":{"0":{"start":{"line":11,"column":21},"end":{"line":11,"column":36}},"1":{"start":{"line":12,"column":20},"end":{"line":12,"column":30}},"2":{"start":{"line":13,"column":34},"end":{"line":13,"column":48}},"3":{"start":{"line":16,"column":27},"end":{"line":16,"column":70}},"4":{"start":{"line":16,"column":55},"end":{"line":16,"column":69}},"5":{"start":{"line":18,"column":27},"end":{"line":28,"column":3}},"6":{"start":{"line":19,"column":4},"end":{"line":27,"column":5}},"7":{"start":{"line":20,"column":6},"end":{"line":24,"column":9}},"8":{"start":{"line":26,"column":6},"end":{"line":26,"column":52}},"9":{"start":{"line":30,"column":30},"end":{"line":32,"column":3}},"10":{"start":{"line":31,"column":4},"end":{"line":31,"column":50}},"11":{"start":{"line":34,"column":25},"end":{"line":36,"column":3}},"12":{"start":{"line":35,"column":4},"end":{"line":35,"column":15}},"13":{"start":{"line":38,"column":2},"end":{"line":54,"column":3}},"14":{"start":{"line":39,"column":4},"end":{"line":53,"column":6}},"15":{"start":{"line":56,"column":2},"end":{"line":77,"column":4}},"16":{"start":{"line":80,"column":15},"end":{"line":120,"column":2}}},"fnMap":{"0":{"name":"BookmarksScreen","decl":{"start":{"line":10,"column":24},"end":{"line":10,"column":39}},"loc":{"start":{"line":10,"column":42},"end":{"line":78,"column":1}},"line":10},"1":{"name":"(anonymous_1)","decl":{"start":{"line":16,"column":41},"end":{"line":16,"column":42}},"loc":{"start":{"line":16,"column":55},"end":{"line":16,"column":69}},"line":16},"2":{"name":"(anonymous_2)","decl":{"start":{"line":18,"column":27},"end":{"line":18,"column":28}},"loc":{"start":{"line":18,"column":45},"end":{"line":28,"column":3}},"line":18},"3":{"name":"(anonymous_3)","decl":{"start":{"line":30,"column":30},"end":{"line":30,"column":31}},"loc":{"start":{"line":30,"column":48},"end":{"line":32,"column":3}},"line":30},"4":{"name":"(anonymous_4)","decl":{"start":{"line":34,"column":25},"end":{"line":34,"column":26}},"loc":{"start":{"line":34,"column":31},"end":{"line":36,"column":3}},"line":34},"5":{"name":"(anonymous_5)","decl":{"start":{"line":72,"column":19},"end":{"line":72,"column":20}},"loc":{"start":{"line":72,"column":25},"end":{"line":72,"column":27}},"line":72}},"branchMap":{"0":{"loc":{"start":{"line":19,"column":4},"end":{"line":27,"column":5}},"type":"if","locations":[{"start":{"line":19,"column":4},"end":{"line":27,"column":5}},{"start":{"line":25,"column":11},"end":{"line":27,"column":5}}],"line":19},"1":{"loc":{"start":{"line":38,"column":2},"end":{"line":54,"column":3}},"type":"if","locations":[{"start":{"line":38,"column":2},"end":{"line":54,"column":3}},{"start":{},"end":{}}],"line":38},"2":{"loc":{"start":{"line":60,"column":38},"end":{"line":60,"column":71}},"type":"cond-expr","locations":[{"start":{"line":60,"column":63},"end":{"line":60,"column":66}},{"start":{"line":60,"column":69},"end":{"line":60,"column":71}}],"line":60}},"s":{"0":0,"1":0,"2":0,"3":0,"4":0,"5":0,"6":0,"7":0,"8":0,"9":0,"10":0,"11":0,"12":0,"13":0,"14":0,"15":0,"16":0},"f":{"0":0,"1":0,"2":0,"3":0,"4":0,"5":0},"b":{"0":[0,0],"1":[0,0],"2":[0,0]}}
,"/Users/nose/work/codep/TASK_2309/model_b/hacknews-rn/src/screens/FeedScreen.tsx": {"path":"/Users/nose/work/codep/TASK_2309/model_b/hacknews-rn/src/screens/FeedScreen.tsx","statementMap":{"0":{"start":{"line":14,"column":16},"end":{"line":14,"column":26}},"1":{"start":{"line":15,"column":21},"end":{"line":15,"column":36}},"2":{"start":{"line":16,"column":20},"end":{"line":16,"column":30}},"3":{"start":{"line":19,"column":19},"end":{"line":19,"column":65}},"4":{"start":{"line":30,"column":6},"end":{"line":30,"column":34}},"5":{"start":{"line":33,"column":18},"end":{"line":33,"column":71}},"6":{"start":{"line":35,"column":24},"end":{"line":37,"column":3}},"7":{"start":{"line":36,"column":4},"end":{"line":36,"column":14}},"8":{"start":{"line":39,"column":25},"end":{"line":43,"column":3}},"9":{"start":{"line":40,"column":4},"end":{"line":42,"column":5}},"10":{"start":{"line":41,"column":6},"end":{"line":41,"column":22}},"11":{"start":{"line":45,"column":27},"end":{"line":56,"column":3}},"12":{"start":{"line":46,"column":4},"end":{"line":55,"column":5}},"13":{"start":{"line":47,"column":6},"end":{"line":51,"column":9}},"14":{"start":{"line":54,"column":6},"end":{"line":54,"column":52}},"15":{"start":{"line":58,"column":30},"end":{"line":60,"column":3}},"16":{"start":{"line":59,"column":4},"end":{"line":59,"column":50}},"17":{"start":{"line":63,"column":23},"end":{"line":100,"column":3}},"18":{"start":{"line":64,"column":4},"end":{"line":64,"column":54}},"19":{"start":{"line":64,"column":42},"end":{"line":64,"column":54}},"20":{"start":{"line":67,"column":4},"end":{"line":76,"column":5}},"21":{"start":{"line":68,"column":6},"end":{"line":75,"column":8}},"22":{"start":{"line":79,"column":4},"end":{"line":90,"column":5}},"23":{"start":{"line":80,"column":6},"end":{"line":89,"column":8}},"24":{"start":{"line":93,"column":4},"end":{"line":99,"column":6}},"25":{"start":{"line":102,"column":2},"end":{"line":116,"column":3}},"26":{"start":{"line":103,"column":4},"end":{"line":115,"column":6}},"27":{"start":{"line":110,"column":25},"end":{"line":110,"column":34}},"28":{"start":{"line":118,"column":2},"end":{"line":130,"column":4}},"29":{"start":{"line":133,"column":15},"end":{"line":177,"column":2}}},"fnMap":{"0":{"name":"FeedScreen","decl":{"start":{"line":13,"column":24},"end":{"line":13,"column":34}},"loc":{"start":{"line":13,"column":37},"end":{"line":131,"column":1}},"line":13},"1":{"name":"(anonymous_1)","decl":{"start":{"line":35,"column":24},"end":{"line":35,"column":25}},"loc":{"start":{"line":35,"column":30},"end":{"line":37,"column":3}},"line":35},"2":{"name":"(anonymous_2)","decl":{"start":{"line":39,"column":25},"end":{"line":39,"column":26}},"loc":{"start":{"line":39,"column":31},"end":{"line":43,"column":3}},"line":39},"3":{"name":"(anonymous_3)","decl":{"start":{"line":45,"column":27},"end":{"line":45,"column":28}},"loc":{"start":{"line":45,"column":45},"end":{"line":56,"column":3}},"line":45},"4":{"name":"(anonymous_4)","decl":{"start":{"line":58,"column":30},"end":{"line":58,"column":31}},"loc":{"start":{"line":58,"column":48},"end":{"line":60,"column":3}},"line":58},"5":{"name":"(anonymous_5)","decl":{"start":{"line":63,"column":23},"end":{"line":63,"column":24}},"loc":{"start":{"line":63,"column":29},"end":{"line":100,"column":3}},"line":63},"6":{"name":"(anonymous_6)","decl":{"start":{"line":110,"column":19},"end":{"line":110,"column":20}},"loc":{"start":{"line":110,"column":25},"end":{"line":110,"column":34}},"line":110}},"branchMap":{"0":{"loc":{"start":{"line":33,"column":41},"end":{"line":33,"column":70}},"type":"cond-expr","locations":[{"start":{"line":33,"column":48},"end":{"line":33,"column":58}},{"start":{"line":33,"column":61},"end":{"line":33,"column":70}}],"line":33},"1":{"loc":{"start":{"line":40,"column":4},"end":{"line":42,"column":5}},"type":"if","locations":[{"start":{"line":40,"column":4},"end":{"line":42,"column":5}},{"start":{},"end":{}}],"line":40},"2":{"loc":{"start":{"line":40,"column":8},"end":{"line":40,"column":42}},"type":"binary-expr","locations":[{"start":{"line":40,"column":8},"end":{"line":40,"column":19}},{"start":{"line":40,"column":23},"end":{"line":40,"column":42}}],"line":40},"3":{"loc":{"start":{"line":46,"column":4},"end":{"line":55,"column":5}},"type":"if","locations":[{"start":{"line":46,"column":4},"end":{"line":55,"column":5}},{"start":{"line":52,"column":11},"end":{"line":55,"column":5}}],"line":46},"4":{"loc":{"start":{"line":64,"column":4},"end":{"line":64,"column":54}},"type":"if","locations":[{"start":{"line":64,"column":4},"end":{"line":64,"column":54}},{"start":{},"end":{}}],"line":64},"5":{"loc":{"start":{"line":64,"column":8},"end":{"line":64,"column":40}},"type":"binary-expr","locations":[{"start":{"line":64,"column":8},"end":{"line":64,"column":16}},{"start":{"line":64,"column":20},"end":{"line":64,"column":40}}],"line":64},"6":{"loc":{"start":{"line":67,"column":4},"end":{"line":76,"column":5}},"type":"if","locations":[{"start":{"line":67,"column":4},"end":{"line":76,"column":5}},{"start":{},"end":{}}],"line":67},"7":{"loc":{"start":{"line":79,"column":4},"end":{"line":90,"column":5}},"type":"if","locations":[{"start":{"line":79,"column":4},"end":{"line":90,"column":5}},{"start":{},"end":{}}],"line":79},"8":{"loc":{"start":{"line":102,"column":2},"end":{"line":116,"column":3}},"type":"if","locations":[{"start":{"line":102,"column":2},"end":{"line":116,"column":3}},{"start":{},"end":{}}],"line":102},"9":{"loc":{"start":{"line":106,"column":11},"end":{"line":106,"column":52}},"type":"binary-expr","locations":[{"start":{"line":106,"column":11},"end":{"line":106,"column":24}},{"start":{"line":106,"column":28},"end":{"line":106,"column":52}}],"line":106},"10":{"loc":{"start":{"line":121,"column":17},"end":{"line":121,"column":30}},"type":"binary-expr","locations":[{"start":{"line":121,"column":17},"end":{"line":121,"column":24}},{"start":{"line":121,"column":28},"end":{"line":121,"column":30}}],"line":121}},"s":{"0":15,"1":15,"2":15,"3":15,"4":15,"5":15,"6":15,"7":0,"8":15,"9":1,"10":1,"11":15,"12":2,"13":1,"14":1,"15":15,"16":1,"17":15,"18":13,"19":4,"20":9,"21":1,"22":8,"23":4,"24":4,"25":15,"26":2,"27":1,"28":13,"29":1},"f":{"0":15,"1":0,"2":1,"3":2,"4":1,"5":13,"6":1},"b":{"0":[12,3],"1":[1,0],"2":[1,1],"3":[1,1],"4":[4,9],"5":[13,13],"6":[1,8],"7":[4,4],"8":[2,13],"9":[2,0],"10":[13,0]},"_coverageSchema":"1a1c01bbd47fc00a2c39e90264f33305004495a9","hash":"7bbcfeb95752f45d200c742ff1a4636d113acd70"}
,"/Users/nose/work/codep/TASK_2309/model_b/hacknews-rn/src/screens/HistoryScreen.tsx": {"path":"/Users/nose/work/codep/TASK_2309/model_b/hacknews-rn/src/screens/HistoryScreen.tsx","statementMap":{"0":{"start":{"line":11,"column":21},"end":{"line":11,"column":36}},"1":{"start":{"line":12,"column":20},"end":{"line":12,"column":30}},"2":{"start":{"line":13,"column":36},"end":{"line":13,"column":48}},"3":{"start":{"line":16,"column":27},"end":{"line":16,"column":62}},"4":{"start":{"line":16,"column":50},"end":{"line":16,"column":61}},"5":{"start":{"line":18,"column":27},"end":{"line":28,"column":3}},"6":{"start":{"line":19,"column":4},"end":{"line":27,"column":5}},"7":{"start":{"line":20,"column":6},"end":{"line":24,"column":9}},"8":{"start":{"line":26,"column":6},"end":{"line":26,"column":52}},"9":{"start":{"line":30,"column":30},"end":{"line":32,"column":3}},"10":{"start":{"line":31,"column":4},"end":{"line":31,"column":50}},"11":{"start":{"line":34,"column":25},"end":{"line":36,"column":3}},"12":{"start":{"line":35,"column":4},"end":{"line":35,"column":19}},"13":{"start":{"line":38,"column":2},"end":{"line":54,"column":3}},"14":{"start":{"line":39,"column":4},"end":{"line":53,"column":6}},"15":{"start":{"line":56,"column":2},"end":{"line":77,"column":4}},"16":{"start":{"line":80,"column":15},"end":{"line":120,"column":2}}},"fnMap":{"0":{"name":"HistoryScreen","decl":{"start":{"line":10,"column":24},"end":{"line":10,"column":37}},"loc":{"start":{"line":10,"column":40},"end":{"line":78,"column":1}},"line":10},"1":{"name":"(anonymous_1)","decl":{"start":{"line":16,"column":39},"end":{"line":16,"column":40}},"loc":{"start":{"line":16,"column":50},"end":{"line":16,"column":61}},"line":16},"2":{"name":"(anonymous_2)","decl":{"start":{"line":18,"column":27},"end":{"line":18,"column":28}},"loc":{"start":{"line":18,"column":45},"end":{"line":28,"column":3}},"line":18},"3":{"name":"(anonymous_3)","decl":{"start":{"line":30,"column":30},"end":{"line":30,"column":31}},"loc":{"start":{"line":30,"column":48},"end":{"line":32,"column":3}},"line":30},"4":{"name":"(anonymous_4)","decl":{"start":{"line":34,"column":25},"end":{"line":34,"column":26}},"loc":{"start":{"line":34,"column":31},"end":{"line":36,"column":3}},"line":34},"5":{"name":"(anonymous_5)","decl":{"start":{"line":72,"column":19},"end":{"line":72,"column":20}},"loc":{"start":{"line":72,"column":25},"end":{"line":72,"column":27}},"line":72}},"branchMap":{"0":{"loc":{"start":{"line":19,"column":4},"end":{"line":27,"column":5}},"type":"if","locations":[{"start":{"line":19,"column":4},"end":{"line":27,"column":5}},{"start":{"line":25,"column":11},"end":{"line":27,"column":5}}],"line":19},"1":{"loc":{"start":{"line":38,"column":2},"end":{"line":54,"column":3}},"type":"if","locations":[{"start":{"line":38,"column":2},"end":{"line":54,"column":3}},{"start":{},"end":{}}],"line":38},"2":{"loc":{"start":{"line":60,"column":28},"end":{"line":60,"column":70}},"type":"cond-expr","locations":[{"start":{"line":60,"column":51},"end":{"line":60,"column":60}},{"start":{"line":60,"column":63},"end":{"line":60,"column":70}}],"line":60}},"s":{"0":0,"1":0,"2":0,"3":0,"4":0,"5":0,"6":0,"7":0,"8":0,"9":0,"10":0,"11":0,"12":0,"13":0,"14":0,"15":0,"16":0},"f":{"0":0,"1":0,"2":0,"3":0,"4":0,"5":0},"b":{"0":[0,0],"1":[0,0],"2":[0,0]}}
,"/Users/nose/work/codep/TASK_2309/model_b/hacknews-rn/src/screens/StoryDetailScreen.tsx": {"path":"/Users/nose/work/codep/TASK_2309/model_b/hacknews-rn/src/screens/StoryDetailScreen.tsx","statementMap":{"0":{"start":{"line":14,"column":16},"end":{"line":14,"column":72}},"1":{"start":{"line":15,"column":21},"end":{"line":15,"column":36}},"2":{"start":{"line":16,"column":20},"end":{"line":16,"column":30}},"3":{"start":{"line":17,"column":20},"end":{"line":17,"column":32}},"4":{"start":{"line":18,"column":25},"end":{"line":18,"column":37}},"5":{"start":{"line":21,"column":40},"end":{"line":21,"column":63}},"6":{"start":{"line":23,"column":17},"end":{"line":23,"column":58}},"7":{"start":{"line":26,"column":2},"end":{"line":28,"column":29}},"8":{"start":{"line":27,"column":4},"end":{"line":27,"column":34}},"9":{"start":{"line":30,"column":2},"end":{"line":92,"column":4}},"10":{"start":{"line":44,"column":12},"end":{"line":50,"column":13}},"11":{"start":{"line":45,"column":14},"end":{"line":49,"column":17}},"12":{"start":{"line":77,"column":14},"end":{"line":81,"column":16}},"13":{"start":{"line":95,"column":15},"end":{"line":128,"column":2}}},"fnMap":{"0":{"name":"StoryDetailScreen","decl":{"start":{"line":13,"column":24},"end":{"line":13,"column":41}},"loc":{"start":{"line":13,"column":44},"end":{"line":93,"column":1}},"line":13},"1":{"name":"(anonymous_1)","decl":{"start":{"line":26,"column":12},"end":{"line":26,"column":13}},"loc":{"start":{"line":26,"column":18},"end":{"line":28,"column":3}},"line":26},"2":{"name":"(anonymous_2)","decl":{"start":{"line":43,"column":19},"end":{"line":43,"column":20}},"loc":{"start":{"line":43,"column":25},"end":{"line":51,"column":11}},"line":43},"3":{"name":"(anonymous_3)","decl":{"start":{"line":76,"column":21},"end":{"line":76,"column":22}},"loc":{"start":{"line":77,"column":14},"end":{"line":81,"column":16}},"line":77}},"branchMap":{"0":{"loc":{"start":{"line":23,"column":17},"end":{"line":23,"column":58}},"type":"cond-expr","locations":[{"start":{"line":23,"column":29},"end":{"line":23,"column":53}},{"start":{"line":23,"column":56},"end":{"line":23,"column":58}}],"line":23},"1":{"loc":{"start":{"line":44,"column":12},"end":{"line":50,"column":13}},"type":"if","locations":[{"start":{"line":44,"column":12},"end":{"line":50,"column":13}},{"start":{},"end":{}}],"line":44},"2":{"loc":{"start":{"line":57,"column":11},"end":{"line":61,"column":11}},"type":"binary-expr","locations":[{"start":{"line":57,"column":11},"end":{"line":57,"column":17}},{"start":{"line":58,"column":12},"end":{"line":60,"column":19}}],"line":57},"3":{"loc":{"start":{"line":69,"column":26},"end":{"line":69,"column":48}},"type":"binary-expr","locations":[{"start":{"line":69,"column":26},"end":{"line":69,"column":43}},{"start":{"line":69,"column":47},"end":{"line":69,"column":48}}],"line":69},"4":{"loc":{"start":{"line":73,"column":9},"end":{"line":86,"column":9}},"type":"binary-expr","locations":[{"start":{"line":73,"column":9},"end":{"line":73,"column":18}},{"start":{"line":74,"column":10},"end":{"line":85,"column":29}}],"line":73}},"s":{"0":12,"1":12,"2":12,"3":12,"4":12,"5":12,"6":12,"7":12,"8":12,"9":12,"10":0,"11":0,"12":1,"13":1},"f":{"0":12,"1":12,"2":0,"3":1},"b":{"0":[12,0],"1":[0,0],"2":[12,12],"3":[12,0],"4":[12,12]},"_coverageSchema":"1a1c01bbd47fc00a2c39e90264f33305004495a9","hash":"56e6914d4f2465d97a93438e72cd2d856fb7f478"}
,"/Users/nose/work/codep/TASK_2309/model_b/hacknews-rn/src/store/bookmarksStore.ts": {"path":"/Users/nose/work/codep/TASK_2309/model_b/hacknews-rn/src/store/bookmarksStore.ts","statementMap":{"0":{"start":{"line":29,"column":19},"end":{"line":31,"column":1}},"1":{"start":{"line":30,"column":2},"end":{"line":30,"column":68}},"2":{"start":{"line":42,"column":33},"end":{"line":102,"column":1}},"3":{"start":{"line":44,"column":19},"end":{"line":92,"column":5}},"4":{"start":{"line":48,"column":30},"end":{"line":48,"column":35}},"5":{"start":{"line":51,"column":8},"end":{"line":53,"column":9}},"6":{"start":{"line":51,"column":34},"end":{"line":51,"column":56}},"7":{"start":{"line":52,"column":10},"end":{"line":52,"column":17}},"8":{"start":{"line":55,"column":38},"end":{"line":60,"column":9}},"9":{"start":{"line":62,"column":8},"end":{"line":64,"column":11}},"10":{"start":{"line":68,"column":8},"end":{"line":70,"column":12}},"11":{"start":{"line":68,"column":24},"end":{"line":70,"column":9}},"12":{"start":{"line":69,"column":51},"end":{"line":69,"column":72}},"13":{"start":{"line":74,"column":8},"end":{"line":74,"column":66}},"14":{"start":{"line":74,"column":43},"end":{"line":74,"column":64}},"15":{"start":{"line":78,"column":8},"end":{"line":78,"column":66}},"16":{"start":{"line":78,"column":43},"end":{"line":78,"column":64}},"17":{"start":{"line":82,"column":8},"end":{"line":82,"column":38}},"18":{"start":{"line":86,"column":8},"end":{"line":86,"column":31}},"19":{"start":{"line":90,"column":8},"end":{"line":90,"column":31}},"20":{"start":{"line":97,"column":30},"end":{"line":99,"column":7}},"21":{"start":{"line":107,"column":28},"end":{"line":136,"column":1}},"22":{"start":{"line":108,"column":20},"end":{"line":108,"column":65}},"23":{"start":{"line":108,"column":49},"end":{"line":108,"column":64}},"24":{"start":{"line":109,"column":22},"end":{"line":109,"column":69}},"25":{"start":{"line":109,"column":51},"end":{"line":109,"column":68}},"26":{"start":{"line":110,"column":25},"end":{"line":110,"column":75}},"27":{"start":{"line":110,"column":54},"end":{"line":110,"column":74}},"28":{"start":{"line":111,"column":23},"end":{"line":111,"column":71}},"29":{"start":{"line":111,"column":52},"end":{"line":111,"column":70}},"30":{"start":{"line":112,"column":22},"end":{"line":112,"column":69}},"31":{"start":{"line":112,"column":51},"end":{"line":112,"column":68}},"32":{"start":{"line":113,"column":27},"end":{"line":113,"column":79}},"33":{"start":{"line":113,"column":56},"end":{"line":113,"column":78}},"34":{"start":{"line":114,"column":26},"end":{"line":114,"column":77}},"35":{"start":{"line":114,"column":55},"end":{"line":114,"column":76}},"36":{"start":{"line":115,"column":19},"end":{"line":115,"column":63}},"37":{"start":{"line":115,"column":48},"end":{"line":115,"column":62}},"38":{"start":{"line":117,"column":25},"end":{"line":123,"column":3}},"39":{"start":{"line":118,"column":4},"end":{"line":122,"column":5}},"40":{"start":{"line":119,"column":6},"end":{"line":119,"column":31}},"41":{"start":{"line":121,"column":6},"end":{"line":121,"column":25}},"42":{"start":{"line":125,"column":2},"end":{"line":135,"column":4}}},"fnMap":{"0":{"name":"(anonymous_0)","decl":{"start":{"line":29,"column":19},"end":{"line":29,"column":20}},"loc":{"start":{"line":29,"column":33},"end":{"line":31,"column":1}},"line":29},"1":{"name":"(anonymous_1)","decl":{"start":{"line":44,"column":4},"end":{"line":44,"column":5}},"loc":{"start":{"line":44,"column":19},"end":{"line":92,"column":5}},"line":44},"2":{"name":"(anonymous_2)","decl":{"start":{"line":47,"column":19},"end":{"line":47,"column":20}},"loc":{"start":{"line":47,"column":37},"end":{"line":65,"column":7}},"line":47},"3":{"name":"(anonymous_3)","decl":{"start":{"line":51,"column":27},"end":{"line":51,"column":28}},"loc":{"start":{"line":51,"column":34},"end":{"line":51,"column":56}},"line":51},"4":{"name":"(anonymous_4)","decl":{"start":{"line":67,"column":22},"end":{"line":67,"column":23}},"loc":{"start":{"line":67,"column":43},"end":{"line":71,"column":7}},"line":67},"5":{"name":"(anonymous_5)","decl":{"start":{"line":68,"column":12},"end":{"line":68,"column":13}},"loc":{"start":{"line":68,"column":24},"end":{"line":70,"column":9}},"line":68},"6":{"name":"(anonymous_6)","decl":{"start":{"line":69,"column":44},"end":{"line":69,"column":45}},"loc":{"start":{"line":69,"column":51},"end":{"line":69,"column":72}},"line":69},"7":{"name":"(anonymous_7)","decl":{"start":{"line":73,"column":20},"end":{"line":73,"column":21}},"loc":{"start":{"line":73,"column":41},"end":{"line":75,"column":7}},"line":73},"8":{"name":"(anonymous_8)","decl":{"start":{"line":74,"column":36},"end":{"line":74,"column":37}},"loc":{"start":{"line":74,"column":43},"end":{"line":74,"column":64}},"line":74},"9":{"name":"(anonymous_9)","decl":{"start":{"line":77,"column":19},"end":{"line":77,"column":20}},"loc":{"start":{"line":77,"column":40},"end":{"line":79,"column":7}},"line":77},"10":{"name":"(anonymous_10)","decl":{"start":{"line":78,"column":36},"end":{"line":78,"column":37}},"loc":{"start":{"line":78,"column":43},"end":{"line":78,"column":64}},"line":78},"11":{"name":"(anonymous_11)","decl":{"start":{"line":81,"column":24},"end":{"line":81,"column":25}},"loc":{"start":{"line":81,"column":30},"end":{"line":83,"column":7}},"line":81},"12":{"name":"(anonymous_12)","decl":{"start":{"line":85,"column":23},"end":{"line":85,"column":24}},"loc":{"start":{"line":85,"column":29},"end":{"line":87,"column":7}},"line":85},"13":{"name":"(anonymous_13)","decl":{"start":{"line":89,"column":16},"end":{"line":89,"column":17}},"loc":{"start":{"line":89,"column":22},"end":{"line":91,"column":7}},"line":89},"14":{"name":"(anonymous_14)","decl":{"start":{"line":97,"column":18},"end":{"line":97,"column":19}},"loc":{"start":{"line":97,"column":30},"end":{"line":99,"column":7}},"line":97},"15":{"name":"(anonymous_15)","decl":{"start":{"line":107,"column":28},"end":{"line":107,"column":29}},"loc":{"start":{"line":107,"column":34},"end":{"line":136,"column":1}},"line":107},"16":{"name":"(anonymous_16)","decl":{"start":{"line":108,"column":38},"end":{"line":108,"column":39}},"loc":{"start":{"line":108,"column":49},"end":{"line":108,"column":64}},"line":108},"17":{"name":"(anonymous_17)","decl":{"start":{"line":109,"column":40},"end":{"line":109,"column":41}},"loc":{"start":{"line":109,"column":51},"end":{"line":109,"column":68}},"line":109},"18":{"name":"(anonymous_18)","decl":{"start":{"line":110,"column":43},"end":{"line":110,"column":44}},"loc":{"start":{"line":110,"column":54},"end":{"line":110,"column":74}},"line":110},"19":{"name":"(anonymous_19)","decl":{"start":{"line":111,"column":41},"end":{"line":111,"column":42}},"loc":{"start":{"line":111,"column":52},"end":{"line":111,"column":70}},"line":111},"20":{"name":"(anonymous_20)","decl":{"start":{"line":112,"column":40},"end":{"line":112,"column":41}},"loc":{"start":{"line":112,"column":51},"end":{"line":112,"column":68}},"line":112},"21":{"name":"(anonymous_21)","decl":{"start":{"line":113,"column":45},"end":{"line":113,"column":46}},"loc":{"start":{"line":113,"column":56},"end":{"line":113,"column":78}},"line":113},"22":{"name":"(anonymous_22)","decl":{"start":{"line":114,"column":44},"end":{"line":114,"column":45}},"loc":{"start":{"line":114,"column":55},"end":{"line":114,"column":76}},"line":114},"23":{"name":"(anonymous_23)","decl":{"start":{"line":115,"column":37},"end":{"line":115,"column":38}},"loc":{"start":{"line":115,"column":48},"end":{"line":115,"column":62}
[...]
5":{"start":{"line":75,"column":63},"end":{"line":196,"column":1}},"6":{"start":{"line":83,"column":6},"end":{"line":83,"column":13}},"7":{"start":{"line":86,"column":22},"end":{"line":86,"column":40}},"8":{"start":{"line":91,"column":18},"end":{"line":128,"column":3}},"9":{"start":{"line":92,"column":4},"end":{"line":127,"column":5}},"10":{"start":{"line":94,"column":39},"end":{"line":97,"column":8}},"11":{"start":{"line":99,"column":6},"end":{"line":101,"column":7}},"12":{"start":{"line":100,"column":8},"end":{"line":100,"column":15}},"13":{"start":{"line":104,"column":27},"end":{"line":104,"column":47}},"14":{"start":{"line":107,"column":6},"end":{"line":114,"column":7}},"15":{"start":{"line":108,"column":25},"end":{"line":108,"column":49}},"16":{"start":{"line":109,"column":33},"end":{"line":109,"column":54}},"17":{"start":{"line":111,"column":8},"end":{"line":113,"column":9}},"18":{"start":{"line":112,"column":10},"end":{"line":112,"column":69}},"19":{"start":{"line":117,"column":27},"end":{"line":117,"column":32}},"20":{"start":{"line":118,"column":24},"end":{"line":118,"column":59}},"21":{"start":{"line":121,"column":6},"end":{"line":121,"column":36}},"22":{"start":{"line":123,"column":6},"end":{"line":123,"column":67}},"23":{"start":{"line":124,"column":6},"end":{"line":126,"column":7}},"24":{"start":{"line":125,"column":8},"end":{"line":125,"column":32}},"25":{"start":{"line":133,"column":23},"end":{"line":155,"column":3}},"26":{"start":{"line":134,"column":4},"end":{"line":154,"column":5}},"27":{"start":{"line":136,"column":29},"end":{"line":136,"column":46}},"28":{"start":{"line":139,"column":23},"end":{"line":142,"column":7}},"29":{"start":{"line":145,"column":6},"end":{"line":148,"column":9}},"30":{"start":{"line":150,"column":6},"end":{"line":150,"column":67}},"31":{"start":{"line":151,"column":6},"end":{"line":153,"column":7}},"32":{"start":{"line":152,"column":8},"end":{"line":152,"column":32}},"33":{"start":{"line":160,"column":30},"end":{"line":172,"column":3}},"34":{"start":{"line":161,"column":4},"end":{"line":171,"column":5}},"35":{"start":{"line":162,"column":6},"end":{"line":165,"column":9}},"36":{"start":{"line":167,"column":6},"end":{"line":167,"column":65}},"37":{"start":{"line":168,"column":6},"end":{"line":170,"column":7}},"38":{"start":{"line":169,"column":8},"end":{"line":169,"column":32}},"39":{"start":{"line":175,"column":24},"end":{"line":181,"column":3}},"40":{"start":{"line":176,"column":4},"end":{"line":176,"column":26}},"41":{"start":{"line":179,"column":18},"end":{"line":179,"column":23}},"42":{"start":{"line":180,"column":4},"end":{"line":180,"column":24}},"43":{"start":{"line":184,"column":16},"end":{"line":184,"column":54}},"44":{"start":{"line":187,"column":2},"end":{"line":187,"column":12}},"45":{"start":{"line":190,"column":2},"end":{"line":195,"column":12}},"46":{"start":{"line":201,"column":31},"end":{"line":208,"column":1}},"47":{"start":{"line":204,"column":2},"end":{"line":206,"column":3}},"48":{"start":{"line":205,"column":4},"end":{"line":205,"column":66}},"49":{"start":{"line":207,"column":2},"end":{"line":207,"column":23}}},"fnMap":{"0":{"name":"(anonymous_0)","decl":{"start":{"line":37,"column":21},"end":{"line":37,"column":22}},"loc":{"start":{"line":37,"column":77},"end":{"line":39,"column":1}},"line":37},"1":{"name":"(anonymous_1)","decl":{"start":{"line":44,"column":26},"end":{"line":44,"column":27}},"loc":{"start":{"line":44,"column":55},"end":{"line":46,"column":1}},"line":44},"2":{"name":"(anonymous_2)","decl":{"start":{"line":75,"column":42},"end":{"line":75,"column":43}},"loc":{"start":{"line":75,"column":63},"end":{"line":196,"column":1}},"line":75},"3":{"name":"(anonymous_3)","decl":{"start":{"line":75,"column":63},"end":{"line":75,"column":64}},"loc":{"start":{"line":75,"column":82},"end":{"line":196,"column":1}},"line":75},"4":{"name":"(anonymous_4)","decl":{"start":{"line":91,"column":18},"end":{"line":91,"column":19}},"loc":{"start":{"line":91,"column":30},"end":{"line":128,"column":3}},"line":91},"5":{"name":"(anonymous_5)","decl":{"start":{"line":133,"column":23},"end":{"line":133,"column":24}},"loc":{"start":{"line":133,"column":45},"end":{"line":155,"column":3}},"line":133},"6":{"name":"(anonymous_6)","decl":{"start":{"line":160,"column":30},"end":{"line":160,"column":31}},"loc":{"start":{"line":160,"column":42},"end":{"line":172,"column":3}},"line":160},"7":{"name":"(anonymous_7)","decl":{"start":{"line":175,"column":24},"end":{"line":175,"column":25}},"loc":{"start":{"line":175,"column":57},"end":{"line":181,"column":3}},"line":175},"8":{"name":"(anonymous_8)","decl":{"start":{"line":201,"column":31},"end":{"line":201,"column":32}},"loc":{"start":{"line":203,"column":81},"end":{"line":208,"column":1}},"line":203}},"branchMap":{"0":{"loc":{"start":{"line":78,"column":4},"end":{"line":78,"column":15}},"type":"default-arg","locations":[{"start":{"line":78,"column":14},"end":{"line":78,"column":15}}],"line":78},"1":{"loc":{"start":{"line":80,"column":4},"end":{"line":80,"column":24}},"type":"default-arg","locations":[{"start":{"line":80,"column":12},"end":{"line":80,"column":24}}],"line":80},"2":{"loc":{"start":{"line":81,"column":4},"end":{"line":81,"column":34}},"type":"default-arg","locations":[{"start":{"line":81,"column":17},"end":{"line":81,"column":34}}],"line":81},"3":{"loc":{"start":{"line":99,"column":6},"end":{"line":101,"column":7}},"type":"if","locations":[{"start":{"line":99,"column":6},"end":{"line":101,"column":7}},{"start":{},"end":{}}],"line":99},"4":{"loc":{"start":{"line":107,"column":6},"end":{"line":114,"column":7}},"type":"if","locations":[{"start":{"line":107,"column":6},"end":{"line":114,"column":7}},{"start":{},"end":{}}],"line":107},"5":{"loc":{"start":{"line":109,"column":33},"end":{"line":109,"column":54}},"type":"binary-expr","locations":[{"start":{"line":109,"column":33},"end":{"line":109,"column":49}},{"start":{"line":109,"column":53},"end":{"line":109,"column":54}}],"line":109},"6":{"loc":{"start":{"line":111,"column":8},"end":{"line":113,"column":9}},"type":"if","locations":[{"start":{"line":111,"column":8},"end":{"line":113,"column":9}},{"start":{},"end":{}}],"line":111},"7":{"loc":{"start":{"line":111,"column":12},"end":{"line":111,"column":49}},"type":"binary-expr","locations":[{"start":{"line":111,"column":12},"end":{"line":111,"column":38}},{"start":{"line":111,"column":42},"end":{"line":111,"column":49}}],"line":111},"8":{"loc":{"start":{"line":124,"column":6},"end":{"line":126,"column":7}},"type":"if","locations":[{"start":{"line":124,"column":6},"end":{"line":126,"column":7}},{"start":{},"end":{}}],"line":124},"9":{"loc":{"start":{"line":151,"column":6},"end":{"line":153,"column":7}},"type":"if","locations":[{"start":{"line":151,"column":6},"end":{"line":153,"column":7}},{"start":{},"end":{}}],"line":151},"10":{"loc":{"start":{"line":168,"column":6},"end":{"line":170,"column":7}},"type":"if","locations":[{"start":{"line":168,"column":6},"end":{"line":170,"column":7}},{"start":{},"end":{}}],"line":168},"11":{"loc":{"start":{"line":204,"column":2},"end":{"line":206,"column":3}},"type":"if","locations":[{"start":{"line":204,"column":2},"end":{"line":206,"column":3}},{"start":{},"end":{}}],"line":204}},"s":{"0":0,"1":0,"2":0,"3":0,"4":0,"5":0,"6":0,"7":0,"8":0,"9":0,"10":0,"11":0,"12":0,"13":0,"14":0,"15":0,"16":0,"17":0,"18":0,"19":0,"20":0,"21":0,"22":0,"23":0,"24":0,"25":0,"26":0,"27":0,"28":0,"29":0,"30":0,"31":0,"32":0,"33":0,"34":0,"35":0,"36":0,"37":0,"38":0,"39":0,"40":0,"41":0,"42":0,"43":0,"44":0,"45":0,"46":0,"47":0,"48":0,"49":0},"f":{"0":0,"1":0,"2":0,"3":0,"4":0,"5":0,"6":0,"7":0,"8":0},"b":{"0":[0],"1":[0],"2":[0],"3":[0,0],"4":[0,0],"5":[0,0],"6":[0,0],"7":[0,0],"8":[0,0],"9":[0,0],"10":[0,0],"11":[0,0]}}
,"/Users/nose/work/codep/TASK_2309/model_b/hacknews-rn/src/theme/colors.ts": {"path":"/Users/nose/work/codep/TASK_2309/model_b/hacknews-rn/src/theme/colors.ts","statementMap":{"0":{"start":{"line":3,"column":22},"end":{"line":35,"column":10}}},"fnMap":{},"branchMap":{},"s":{"0":4},"f":{},"b":{},"_coverageSchema":"1a1c01bbd47fc00a2c39e90264f33305004495a9","hash":"b1001e1c8d202dcf1d3bf7c82d01b56067ce08f9"}
,"/Users/nose/work/codep/TASK_2309/model_b/hacknews-rn/src/theme/index.ts": {"path":"/Users/nose/work/codep/TASK_2309/model_b/hacknews-rn/src/theme/index.ts","statementMap":{},"fnMap":{},"branchMap":{},"s":{},"f":{},"b":{},"_coverageSchema":"1a1c01bbd47fc00a2c39e90264f33305004495a9","hash":"7e746ba982cb03d9edddeefe6b27925cb3bc59f6"}
,"/Users/nose/work/codep/TASK_2309/model_b/hacknews-rn/src/theme/spacing.ts": {"path":"/Users/nose/work/codep/TASK_2309/model_b/hacknews-rn/src/theme/spacing.ts","statementMap":{"0":{"start":{"line":3,"column":23},"end":{"line":12,"column":10}}},"fnMap":{},"branchMap":{},"s":{"0":4},"f":{},"b":{},"_coverageSchema":"1a1c01bbd47fc00a2c39e90264f33305004495a9","hash":"d4f2df5712fd61eb04720814eaa76047273ffa63"}
,"/Users/nose/work/codep/TASK_2309/model_b/hacknews-rn/src/theme/typography.ts": {"path":"/Users/nose/work/codep/TASK_2309/model_b/hacknews-rn/src/theme/typography.ts","statementMap":{"0":{"start":{"line":3,"column":26},"end":{"line":24,"column":10}}},"fnMap":{},"branchMap":{},"s":{"0":4},"f":{},"b":{},"_coverageSchema":"1a1c01bbd47fc00a2c39e90264f33305004495a9","hash":"6617d7c9b6d9a35dedcc031e46c2efd028bf2b54"}
,"/Users/nose/work/codep/TASK_2309/model_b/hacknews-rn/src/utils/constants.ts": {"path":"/Users/nose/work/codep/TASK_2309/model_b/hacknews-rn/src/utils/constants.ts","statementMap":{"0":{"start":{"line":4,"column":27},"end":{"line":4,"column":66}},"1":{"start":{"line":6,"column":32},"end":{"line":15,"column":10}},"2":{"start":{"line":13,"column":24},"end":{"line":13,"column":56}},"3":{"start":{"line":14,"column":24},"end":{"line":14,"column":56}},"4":{"start":{"line":18,"column":32},"end":{"line":18,"column":34}},"5":{"start":{"line":21,"column":27},"end":{"line":25,"column":10}},"6":{"start":{"line":28,"column":26},"end":{"line":28,"column":56}}},"fnMap":{"0":{"name":"(anonymous_0)","decl":{"start":{"line":13,"column":8},"end":{"line":13,"column":9}},"loc":{"start":{"line":13,"column":24},"end":{"line":13,"column":56}},"line":13},"1":{"name":"(anonymous_1)","decl":{"start":{"line":14,"column":8},"end":{"line":14,"column":9}},"loc":{"start":{"line":14,"column":24},"end":{"line":14,"column":56}},"line":14}},"branchMap":{},"s":{"0":2,"1":2,"2":9,"3":0,"4":2,"5":2,"6":2},"f":{"0":9,"1":0},"b":{},"_coverageSchema":"1a1c01bbd47fc00a2c39e90264f33305004495a9","hash":"338b23a28dd770cd731992f5f34a4b850a5034d4"}
,"/Users/nose/work/codep/TASK_2309/model_b/hacknews-rn/src/utils/formatTime.ts": {"path":"/Users/nose/work/codep/TASK_2309/model_b/hacknews-rn/src/utils/formatTime.ts","statementMap":{"0":{"start":{"line":6,"column":14},"end":{"line":6,"column":24}},"1":{"start":{"line":7,"column":22},"end":{"line":7,"column":37}},"2":{"start":{"line":8,"column":17},"end":{"line":8,"column":34}},"3":{"start":{"line":9,"column":22},"end":{"line":9,"column":47}},"4":{"start":{"line":10,"column":22},"end":{"line":10,"column":50}},"5":{"start":{"line":11,"column":20},"end":{"line":11,"column":48}},"6":{"start":{"line":12,"column":19},"end":{"line":12,"column":45}},"7":{"start":{"line":13,"column":21},"end":{"line":13,"column":46}},"8":{"start":{"line":14,"column":20},"end":{"line":14,"column":46}},"9":{"start":{"line":16,"column":2},"end":{"line":28,"column":3}},"10":{"start":{"line":17,"column":4},"end":{"line":17,"column":22}},"11":{"start":{"line":18,"column":9},"end":{"line":28,"column":3}},"12":{"start":{"line":19,"column":4},"end":{"line":19,"column":70}},"13":{"start":{"line":20,"column":9},"end":{"line":28,"column":3}},"14":{"start":{"line":21,"column":4},"end":{"line":21,"column":64}},"15":{"start":{"line":22,"column":9},"end":{"line":28,"column":3}},"16":{"start":{"line":23,"column":4},"end":{"line":23,"column":61}},"17":{"start":{"line":24,"column":9},"end":{"line":28,"column":3}},"18":{"start":{"line":25,"column":4},"end":{"line":25,"column":67}},"19":{"start":{"line":27,"column":4},"end":{"line":27,"column":64}},"20":{"start":{"line":35,"column":2},"end":{"line":35,"column":37}},"21":{"start":{"line":35,"column":20},"end":{"line":35,"column":37}},"22":{"start":{"line":36,"column":2},"end":{"line":36,"column":28}},"23":{"start":{"line":43,"column":2},"end":{"line":43,"column":36}},"24":{"start":{"line":43,"column":19},"end":{"line":43,"column":36}},"25":{"start":{"line":44,"column":2},"end":{"line":44,"column":38}},"26":{"start":{"line":44,"column":19},"end":{"line":44,"column":38}},"27":{"start":{"line":45,"column":2},"end":{"line":45,"column":29}},"28":{"start":{"line":52,"column":2},"end":{"line":57,"column":3}},"29":{"start":{"line":53,"column":19},"end":{"line":53,"column":31}},"30":{"start":{"line":54,"column":4},"end":{"line":54,"column":47}},"31":{"start":{"line":56,"column":4},"end":{"line":56,"column":14}}},"fnMap":{"0":{"name":"formatRelativeTime","decl":{"start":{"line":5,"column":16},"end":{"line":5,"column":34}},"loc":{"start":{"line":5,"column":61},"end":{"line":29,"column":1}},"line":5},"1":{"name":"formatPoints","decl":{"start":{"line":34,"column":16},"end":{"line":34,"column":28}},"loc":{"start":{"line":34,"column":53},"end":{"line":37,"column":1}},"line":34},"2":{"name":"formatCommentCount","decl":{"start":{"line":42,"column":16},"end":{"line":42,"column":34}},"loc":{"start":{"line":42,"column":58},"end":{"line":46,"column":1}},"line":42},"3":{"name":"extractDomain","decl":{"start":{"line":51,"column":16},"end":{"line":51,"column":29}},"loc":{"start":{"line":51,"column":51},"end":{"line":58,"column":1}},"line":51}},"branchMap":{"0":{"loc":{"start":{"line":16,"column":2},"end":{"line":28,"column":3}},"type":"if","locations":[{"start":{"line":16,"column":2},"end":{"line":28,"column":3}},{"start":{"line":18,"column":9},"end":{"line":28,"column":3}}],"line":16},"1":{"loc":{"start":{"line":18,"column":9},"end":{"line":28,"column":3}},"type":"if","locations":[{"start":{"line":18,"column":9},"end":{"line":28,"column":3}},{"start":{"line":20,"column":9},"end":{"line":28,"column":3}}],"line":18},"2":{"loc":{"start":{"line":19,"column":35},"end":{"line":19,"column":63}},"type":"cond-expr","locations":[{"start":{"line":19,"column":55},"end":{"line":19,"column":57}},{"start":{"line":19,"column":60},"end":{"line":19,"column":63}}],"line":19},"3":{"loc":{"start":{"line":20,"column":9},"end":{"line":28,"column":3}},"type":"if","locations":[{"start":{"line":20,"column":9},"end":{"line":28,"column":3}},{"start":{"line":22,"column":9},"end":{"line":28,"column":3}}],"line":20},"4":{"loc":{"start":{"line":21,"column":31},"end":{"line":21,"column":57}},"type":"cond-expr","locations":[{"start":{"line":21,"column":49},"end":{"line":21,"column":51}},{"start":{"line":21,"column":54},"end":{"line":21,"column":57}}],"line":21},"5":{"loc":{"start":{"line":22,"column":9},"end":{"line":28,"column":3}},"type":"if","locations":[{"start":{"line":22,"column":9},"end":{"line":28,"column":3}},{"start":{"line":24,"column":9},"end":{"line":28,"column":3}}],"line":22},"6":{"loc":{"start":{"line":23,"column":29},"end":{"line":23,"column":54}},"type":"cond-expr","locations":[{"start":{"line":23,"column":46},"end":{"line":23,"column":48}},{"start":{"line":23,"column":51},"end":{"line":23,"column":54}}],"line":23},"7":{"loc":{"start":{"line":24,"column":9},"end":{"line":28,"column":3}},"type":"if","locations":[{"start":{"line":24,"column":9},"end":{"line":28,"column":3}},{"start":{"line":26,"column":9},"end":{"line":28,"column":3}}],"line":24},"8":{"loc":{"start":{"line":25,"column":33},"end":{"line":25,"column":60}},"type":"cond-expr","locations":[{"start":{"line":25,"column":52},"end":{"line":25,"column":54}},{"start":{"line":25,"column":57},"end":{"line":25,"column":60}}],"line":25},"9":{"loc":{"start":{"line":27,"column":31},"end":{"line":27,"column":57}},"type":"cond-expr","locations":[{"start":{"line":27,"column":49},"end":{"line":27,"column":51}},{"start":{"line":27,"column":54},"end":{"line":27,"column":57}}],"line":27},"10":{"loc":{"start":{"line":35,"column":2},"end":{"line":35,"column":37}},"type":"if","locations":[{"start":{"line":35,"column":2},"end":{"line":35,"column":37}},{"start":{},"end":{}}],"line":35},"11":{"loc":{"start":{"line":43,"column":2},"end":{"line":43,"column":36}},"type":"if","locations":[{"start":{"line":43,"column":2},"end":{"line":43,"column":36}},{"start":{},"end":{}}],"line":43},"12":{"loc":{"start":{"line":44,"column":2},"end":{"line":44,"column":38}},"type":"if","locations":[{"start":{"line":44,"column":2},"end":{"line":44,"column":38}},{"start":{},"end":{}}],"line":44}},"s":{"0":99,"1":99,"2":99,"3":99,"4":99,"5":99,"6":99,"7":99,"8":99,"9":99,"10":79,"11":20,"12":3,"13":17,"14":10,"15":7,"16":3,"17":4,"18":2,"19":2,"20":80,"21":1,"22":79,"23":82,"24":2,"25":80,"26":1,"27":79,"28":81,"29":81,"30":79,"31":2},"f":{"0":99,"1":80,"2":82,"3":81},"b":{"0":[79,20],"1":[3,17],"2":[1,2],"3":[10,7],"4":[8,2],"5":[3,4],"6":[1,2],"7":[2,2],"8":[1,1],"9":[1,1],"10":[1,79],"11":[2,80],"12":[1,79]},"_coverageSchema":"1a1c01bbd47fc00a2c39e90264f33305004495a9","hash":"d8a033c3d6e676afaa3759decf14f3ca0613a631"}
,"/Users/nose/work/codep/TASK_2309/model_b/hacknews-rn/src/utils/parseHtml.ts": {"path":"/Users/nose/work/codep/TASK_2309/model_b/hacknews-rn/src/utils/parseHtml.ts","statementMap":{"0":{"start":{"line":6,"column":21},"end":{"line":6,"column":78}},"1":{"start":{"line":14,"column":2},"end":{"line":14,"column":23}},"2":{"start":{"line":14,"column":13},"end":{"line":14,"column":23}},"3":{"start":{"line":17,"column":16},"end":{"line":23,"column":28}},"4":{"start":{"line":26,"column":2},"end":{"line":26,"column":68}},"5":{"start":{"line":30,"column":19},"end":{"line":30,"column":51}},"6":{"start":{"line":32,"column":20},"end":{"line":37,"column":4}},"7":{"start":{"line":33,"column":4},"end":{"line":35,"column":5}},"8":{"start":{"line":34,"column":6},"end":{"line":34,"column":19}},"9":{"start":{"line":36,"column":4},"end":{"line":36,"column":14}},"10":{"start":{"line":40,"column":2},"end":{"line":40,"column":53}},"11":{"start":{"line":47,"column":2},"end":{"line":47,"column":23}},"12":{"start":{"line":47,"column":13},"end":{"line":47,"column":23}},"13":{"start":{"line":49,"column":2},"end":{"line":58,"column":12}},"14":{"start":{"line":65,"column":2},"end":{"line":65,"column":30}}},"fnMap":{"0":{"name":"sanitizeHtml","decl":{"start":{"line":13,"column":16},"end":{"line":13,"column":28}},"loc":{"start":{"line":13,"column":51},"end":{"line":41,"column":1}},"line":13},"1":{"name":"(anonymous_1)","decl":{"start":{"line":32,"column":46},"end":{"line":32,"column":47}},"loc":{"start":{"line":32,"column":66},"end":{"line":37,"column":3}},"line":32},"2":{"name":"stripHtml","decl":{"start":{"line":46,"column":16},"end":{"line":46,"column":25}},"loc":{"start":{"line":46,"column":48},"end":{"line":59,"column":1}},"line":46},"3":{"name":"containsHtml","decl":{"start":{"line":64,"column":16},"end":{"line":64,"column":28}},"loc":{"start":{"line":64,"column":51},"end":{"line":66,"column":1}},"line":64}},"branchMap":{"0":{"loc":{"start":{"line":14,"column":2},"end":{"line":14,"column":23}},"type":"if","locations":[{"start":{"line":14,"column":2},"end":{"line":14,"column":23}},{"start":{},"end":{}}],"line":14},"1":{"loc":{"start":{"line":33,"column":4},"end":{"line":35,"column":5}},"type":"if","locations":[{"start":{"line":33,"column":4},"end":{"line":35,"column":5}},{"start":{},"end":{}}],"line":33},"2":{"loc":{"start":{"line":47,"column":2},"end":{"line":47,"column":23}},"type":"if","locations":[{"start":{"line":47,"column":2},"end":{"line":47,"column":23}},{"start":{},"end":{}}],"line":47}},"s":{"0":2,"1":19,"2":2,"3":17,"4":17,"5":17,"6":17,"7":2,"8":0,"9":2,"10":17,"11":15,"12":2,"13":13,"14":6},"f":{"0":19,"1":2,"2":15,"3":6},"b":{"0":[2,17],"1":[0,2],"2":[2,13]},"_coverageSchema":"1a1c01bbd47fc00a2c39e90264f33305004495a9","hash":"9eabeca4c91988500cc44a03109a13ae9f0b0692"}
}
