TN:
SF:src/App.tsx
FN:20,ThemedApp
FN:32,App
FNF:2
FNH:0
FNDA:0,ThemedApp
FNDA:0,App
DA:9,0
DA:21,0
DA:23,0
DA:33,0
LF:4
LH:0
BRDA:25,0,0,0
BRDA:25,0,1,0
BRF:2
BRH:0
end_of_record
TN:
SF:src/api/client.ts
FN:15,(anonymous_0)
FN:19,(anonymous_1)
FN:24,(anonymous_2)
FN:25,(anonymous_3)
FNF:4
FNH:2
FNDA:15,(anonymous_0)
FNDA:0,(anonymous_1)
FNDA:15,(anonymous_2)
FNDA:0,(anonymous_3)
DA:5,2
DA:14,2
DA:17,15
DA:19,0
DA:23,2
DA:24,15
DA:27,0
DA:29,0
DA:30,0
DA:32,0
DA:35,0
DA:37,0
LF:12
LH:5
BRDA:27,0,0,0
BRDA:27,0,1,0
BRDA:30,1,0,0
BRDA:30,1,1,0
BRF:4
BRH:0
end_of_record
TN:
SF:src/api/hnApi.ts
FN:9,(anonymous_0)
FN:26,(anonymous_1)
FN:41,(anonymous_2)
FN:52,(anonymous_3)
FN:53,(anonymous_4)
FN:56,(anonymous_5)
FN:62,(anonymous_6)
FN:73,(anonymous_7)
FN:74,(anonymous_8)
FN:76,(anonymous_9)
FN:82,(anonymous_10)
FNF:11
FNH:7
FNDA:6,(anonymous_0)
FNDA:9,(anonymous_1)
FNDA:8,(anonymous_2)
FNDA:1,(anonymous_3)
FNDA:5,(anonymous_4)
FNDA:5,(anonymous_5)
FNDA:1,(anonymous_6)
FNDA:0,(anonymous_7)
FNDA:0,(anonymous_8)
FNDA:0,(anonymous_9)
FNDA:0,(anonymous_10)
DA:10,6
DA:19,6
DA:20,6
DA:27,9
DA:28,9
DA:31,9
DA:33,0
DA:34,0
DA:42,8
DA:43,8
DA:44,1
DA:46,7
DA:53,5
DA:54,1
DA:56,5
DA:63,1
DA:64,1
DA:65,0
DA:67,1
DA:74,0
DA:75,0
DA:76,0
DA:83,0
DA:84,0
DA:87,0
DA:89,0
DA:90,0
DA:96,2
LF:28
LH:17
BRDA:43,0,0,1
BRDA:43,0,1,7
BRDA:43,1,0,8
BRDA:43,1,1,7
BRDA:43,1,2,0
BRDA:64,2,0,0
BRDA:64,2,1,1
BRDA:64,3,0,1
BRDA:64,3,1,1
BRF:9
BRH:7
end_of_record
TN:
SF:src/api/types.ts
FNF:0
FNH:0
LF:0
LH:0
BRF:0
BRH:0
end_of_record
TN:
SF:src/components/comment/CommentItem.tsx
FN:16,CommentItem
FN:60,(anonymous_1)
FN:99,(anonymous_2)
FNF:3
FNH:1
FNDA:7,CommentItem
FNDA:0,(anonymous_1)
FNDA:0,(anonymous_2)
DA:21,7
DA:22,7
DA:25,7
DA:30,7
DA:31,0
DA:45,7
DA:47,7
DA:60,0
DA:100,0
DA:127,1
LF:10
LH:7
BRDA:19,0,0,7
BRDA:26,1,0,7
BRDA:26,1,1,0
BRDA:26,2,0,7
BRDA:26,2,1,7
BRDA:30,3,0,0
BRDA:30,3,1,7
BRDA:30,4,0,7
BRDA:30,4,1,7
BRDA:45,5,0,7
BRDA:45,5,1,0
BRDA:74,6,0,7
BRDA:74,6,1,0
BRDA:81,7,0,0
BRDA:81,7,1,0
BRDA:89,8,0,7
BRDA:89,8,1,7
BRDA:89,8,2,7
BRDA:97,9,0,7
BRDA:97,9,1,7
BRDA:97,9,2,0
BRDA:97,9,3,0
BRDA:111,10,0,7
BRDA:111,10,1,7
BRDA:111,10,2,0
BRDA:111,10,3,0
BRF:26
BRH:16
end_of_record
TN:
SF:src/components/comment/CommentThread.tsx
FN:14,CommentThread
FN:30,(anonymous_1)
FNF:2
FNH:2
FNDA:12,CommentThread
FNDA:7,(anonymous_1)
DA:15,12
DA:17,12
DA:18,1
DA:21,11
DA:22,7
DA:25,4
DA:31,7
DA:37,1
LF:8
LH:8
BRDA:17,0,0,1
BRDA:17,0,1,11
BRDA:21,1,0,7
BRDA:21,1,1,4
BRDA:21,2,0,11
BRDA:21,2,1,9
BRF:6
BRH:6
end_of_record
TN:
SF:src/components/comment/HtmlRenderer.tsx
FN:14,HtmlRenderer
FNF:1
FNH:1
FNDA:7,HtmlRenderer
DA:15,7
DA:17,7
DA:20,7
DA:21,7
DA:23,7
DA:28,1
LF:6
LH:6
BRDA:17,0,0,0
BRDA:17,0,1,7
BRF:2
BRH:1
end_of_record
TN:
SF:src/components/common/EmptyState.tsx
FN:10,EmptyState
FNF:1
FNH:1
FNDA:10,EmptyState
DA:11,10
DA:13,10
DA:22,2
LF:3
LH:3
BRF:0
BRH:0
end_of_record
TN:
SF:src/components/common/ErrorMessage.tsx
FN:11,ErrorMessage
FNF:1
FNH:0
FNDA:0,ErrorMessage
DA:12,0
DA:14,0
DA:29,0
LF:3
LH:0
BRDA:17,0,0,0
BRDA:17,0,1,0
BRF:2
BRH:0
end_of_record
TN:
SF:src/components/common/LoadingSpinner.tsx
FN:11,LoadingSpinner
FNF:1
FNH:1
FNDA:6,LoadingSpinner
DA:15,6
DA:17,6
DA:29,3
LF:3
LH:3
BRDA:13,0,0,5
BRDA:20,1,0,6
BRDA:20,1,1,3
BRF:3
BRH:3
end_of_record
TN:
SF:src/components/story/StoryList.tsx
FN:22,StoryList
FN:46,(anonymous_1)
FN:50,(anonymous_2)
FN:51,(anonymous_3)
FN:54,(anonymous_4)
FNF:5
FNH:5
FNDA:13,StoryList
FNDA:58,(anonymous_1)
FNDA:2,(anonymous_2)
FNDA:1,(anonymous_3)
FNDA:82,(anonymous_4)
DA:32,13
DA:34,13
DA:35,1
DA:38,12
DA:39,3
DA:42,9
DA:47,58
DA:50,2
DA:51,1
DA:54,82
DA:71,1
LF:11
LH:11
BRDA:34,0,0,1
BRDA:34,0,1,12
BRDA:34,1,0,13
BRDA:34,1,1,1
BRDA:34,1,2,1
BRDA:38,2,0,3
BRDA:38,2,1,9
BRDA:38,3,0,12
BRDA:38,3,1,12
BRF:9
BRH:9
end_of_record
TN:
SF:src/components/story/StoryListItem.tsx
FN:18,StoryListItem
FN:32,(anonymous_1)
FNF:2
FNH:1
FNDA:65,StoryListItem
FNDA:0,(anonymous_1)
DA:24,65
DA:25,65
DA:26,65
DA:28,65
DA:29,65
DA:30,65
DA:32,65
DA:33,0
DA:36,65
DA:105,2
LF:10
LH:9
BRDA:28,0,0,63
BRDA:28,0,1,2
BRDA:59,1,0,0
BRDA:59,1,1,65
BRDA:64,2,0,65
BRDA:64,2,1,63
BRDA:78,3,0,65
BRDA:78,3,1,1
BRDA:94,4,0,0
BRDA:94,4,1,65
BRDA:97,5,0,0
BRDA:97,5,1,65
BRF:12
BRH:9
end_of_record
TN:
SF:src/components/story/StoryMetadata.tsx
FN:18,StoryMetadata
FNF:1
FNH:1
FNDA:77,StoryMetadata
DA:24,77
DA:26,77
DA:62,3
LF:3
LH:3
BRDA:22,0,0,0
BRDA:28,1,0,77
BRDA:28,1,1,76
BRDA:33,2,0,77
BRDA:33,2,1,77
BRF:5
BRH:4
end_of_record
TN:
SF:src/hooks/useInfiniteStories.test.ts
FN:13,(anonymous_0)
FN:22,Wrapper
FN:27,(anonymous_2)
FN:28,(anonymous_3)
FN:32,(anonymous_4)
FN:33,(anonymous_5)
FN:34,(anonymous_6)
FN:47,(anonymous_7)
FN:51,(anonymous_8)
FN:60,(anonymous_9)
FN:61,(anonymous_10)
FN:62,(anonymous_11)
FN:71,(anonymous_12)
FN:86,(anonymous_13)
FN:91,(anonymous_14)
FN:97,(anonymous_15)
FN:106,(anonymous_16)
FN:107,(anonymous_17)
FN:108,(anonymous_18)
FN:117,(anonymous_19)
FN:132,(anonymous_20)
FN:137,(anonymous_21)
FN:143,(anonymous_22)
FN:150,(anonymous_23)
FN:153,(anonymous_24)
FN:157,(anonymous_25)
FN:162,(anonymous_26)
FN:163,(anonymous_27)
FN:164,(anonymous_28)
FN:177,(anonymous_29)
FN:181,(anonymous_30)
FN:186,(anonymous_31)
FN:193,(anonymous_32)
FN:194,(anonymous_33)
FN:221,(anonymous_34)
FN:227,(anonymous_35)
FN:233,(anonymous_36)
FNF:37
FNH:0
FNDA:0,(anonymous_0)
FNDA:0,Wrapper
FNDA:0,(anonymous_2)
FNDA:0,(anonymous_3)
FNDA:0,(anonymous_4)
FNDA:0,(anonymous_5)
FNDA:0,(anonymous_6)
FNDA:0,(anonymous_7)
FNDA:0,(anonymous_8)
FNDA:0,(anonymous_9)
FNDA:0,(anonymous_10)
FNDA:0,(anonymous_11)
FNDA:0,(anonymous_12)
FNDA:0,(anonymous_13)
FNDA:0,(anonymous_14)
FNDA:0,(anonymous_15)
FNDA:0,(anonymous_16)
FNDA:0,(anonymous_17)
FNDA:0,(anonymous_18)
FNDA:0,(anonymous_19)
FNDA:0,(anonymous_20)
FNDA:0,(anonymous_21)
FNDA:0,(anonymous_22)
FNDA:0,(anonymous_23)
FNDA:0,(anonymous_24)
FNDA:0,(anonymous_25)
FNDA:0,(anonymous_26)
FNDA:0,(anonymous_27)
FNDA:0,(anonymous_28)
FNDA:0,(anonymous_29)
FNDA:0,(anonymous_30)
FNDA:0,(anonymous_31)
FNDA:0,(anonymous_32)
FNDA:0,(anonymous_33)
FNDA:0,(anonymous_34)
FNDA:0,(anonymous_35)
FNDA:0,(anonymous_36)
DA:9,0
DA:11,0
DA:13,0
DA:14,0
DA:22,0
DA:23,0
DA:27,0
DA:28,0
DA:29,0
DA:32,0
DA:33,0
DA:34,0
DA:44,0
DA:45,0
DA:47,0
DA:51,0
DA:53,0
DA:54,0
DA:55,0
DA:56,0
DA:57,0
DA:60,0
DA:61,0
DA:62,0
DA:71,0
DA:81,0
DA:82,0
DA:86,0
DA:91,0
DA:92,0
DA:95,0
DA:97,0
DA:100,0
DA:101,0
DA:102,0
DA:103,0
DA:106,0
DA:107,0
DA:108,0
DA:117,0
DA:127,0
DA:128,0
DA:132,0
DA:137,0
DA:138,0
DA:141,0
DA:143,0
DA:146,0
DA:147,0
DA:150,0
DA:151,0
DA:153,0
DA:157,0
DA:159,0
DA:162,0
DA:163,0
DA:164,0
DA:174,0
DA:175,0
DA:177,0
DA:181,0
DA:184,0
DA:186,0
DA:189,0
DA:193,0
DA:194,0
DA:195,0
DA:212,0
DA:214,0
DA:215,0
DA:216,0
DA:217,0
DA:218,0
DA:221,0
DA:222,0
DA:224,0
DA:227,0
DA:228,0
DA:230,0
DA:233,0
DA:234,0
DA:244,0
DA:246,0
DA:247,0
LF:84
LH:0
BRF:0
BRH:0
end_of_record
TN:
SF:src/hooks/useInfiniteStories.ts
FN:19,useInfiniteStories
FN:24,(anonymous_1)
FN:45,(anonymous_2)
FN:55,flattenInfiniteStories
FN:59,(anonymous_4)
FNF:5
FNH:0
FNDA:0,useInfiniteStories
FNDA:0,(anonymous_1)
FNDA:0,(anonymous_2)
FNDA:0,flattenInfiniteStories
FNDA:0,(anonymous_4)
DA:22,0
DA:26,0
DA:29,0
DA:30,0
DA:31,0
DA:34,0
DA:37,0
DA:38,0
DA:40,0
DA:45,0
DA:58,0
DA:59,0
LF:12
LH:0
BRDA:24,0,0,0
BRDA:38,1,0,0
BRDA:38,1,1,0
BRDA:58,2,0,0
BRDA:58,2,1,0
BRF:5
BRH:0
end_of_record
TN:
SF:src/hooks/useStoryDetail.ts
FN:9,useStoryDetail
FN:14,(anonymous_1)
FN:30,useComments
FN:35,(anonymous_3)
FN:51,useNestedComments
FN:56,(anonymous_5)
FNF:6
FNH:0
FNDA:0,useStoryDetail
FNDA:0,(anonymous_1)
FNDA:0,useComments
FNDA:0,(anonymous_3)
FNDA:0,useNestedComments
FNDA:0,(anonymous_5)
DA:12,0
DA:15,0
DA:16,0
DA:17,0
DA:19,0
DA:33,0
DA:36,0
DA:37,0
DA:39,0
DA:40,0
DA:54,0
DA:57,0
DA:58,0
DA:60,0
DA:61,0
LF:15
LH:0
BRDA:16,0,0,0
BRDA:16,0,1,0
BRDA:36,1,0,0
BRDA:36,1,1,0
BRDA:36,2,0,0
BRDA:36,2,1,0
BRDA:44,3,0,0
BRDA:44,3,1,0
BRDA:57,4,0,0
BRDA:57,4,1,0
BRDA:57,5,0,0
BRDA:57,5,1,0
BRDA:65,6,0,0
BRDA:65,6,1,0
BRF:14
BRH:0
end_of_record
TN:
SF:src/navigation/AppNavigator.tsx
FN:18,TabNavigator
FN:72,HeaderButtons
FN:79,(anonymous_2)
FN:87,(anonymous_3)
FN:99,AppNavigator
FN:152,(anonymous_5)
FN:163,(anonymous_6)
FNF:7
FNH:0
FNDA:0,TabNavigator
FNDA:0,HeaderButtons
FNDA:0,(anonymous_2)
FNDA:0,(anonymous_3)
FNDA:0,AppNavigator
FNDA:0,(anonymous_5)
FNDA:0,(anonymous_6)
DA:14,0
DA:15,0
DA:19,0
DA:21,0
DA:73,0
DA:74,0
DA:76,0
DA:79,0
DA:87,0
DA:100,0
DA:102,0
DA:152,0
DA:163,0
DA:180,0
LF:14
LH:0
BRF:0
BRH:0
end_of_record
TN:
SF:src/navigation/types.ts
FN:35,(anonymous_0)
FNF:1
FNH:1
FNDA:15,(anonymous_0)
DA:35,1
DA:38,15
DA:46,15
LF:3
LH:3
BRF:0
BRH:0
end_of_record
TN:
SF:src/screens/ArticleScreen.tsx
FN:9,ArticleScreen
FN:17,(anonymous_1)
FN:25,(anonymous_2)
FN:26,(anonymous_3)
FNF:4
FNH:0
FNDA:0,ArticleScreen
FNDA:0,(anonymous_1)
FNDA:0,(anonymous_2)
FNDA:0,(anonymous_3)
DA:10,0
DA:11,0
DA:12,0
DA:13,0
DA:14,0
DA:17,0
DA:18,0
DA:21,0
DA:25,0
DA:26,0
DA:43,0
LF:11
LH:0
BRDA:34,0,0,0
BRDA:34,0,1,0
BRF:2
BRH:0
end_of_record
TN:
SF:src/screens/BookmarksScreen.tsx
FN:10,BookmarksScreen
FN:16,(anonymous_1)
FN:18,(anonymous_2)
FN:30,(anonymous_3)
FN:34,(anonymous_4)
FN:72,(anonymous_5)
FNF:6
FNH:0
FNDA:0,BookmarksScreen
FNDA:0,(anonymous_1)
FNDA:0,(anonymous_2)
FNDA:0,(anonymous_3)
FNDA:0,(anonymous_4)
FNDA:0,(anonymous_5)
DA:11,0
DA:12,0
DA:13,0
DA:16,0
DA:18,0
DA:19,0
DA:20,0
DA:26,0
DA:30,0
DA:31,0
DA:34,0
DA:35,0
DA:38,0
DA:39,0
DA:56,0
DA:80,0
LF:16
LH:0
BRDA:19,0,0,0
BRDA:19,0,1,0
BRDA:38,1,0,0
BRDA:38,1,1,0
BRDA:60,2,0,0
BRDA:60,2,1,0
BRF:6
BRH:0
end_of_record
TN:
SF:src/screens/FeedScreen.tsx
FN:13,FeedScreen
FN:35,(anonymous_1)
FN:39,(anonymous_2)
FN:45,(anonymous_3)
FN:58,(anonymous_4)
FN:63,(anonymous_5)
FN:110,(anonymous_6)
FNF:7
FNH:6
FNDA:15,FeedScreen
FNDA:0,(anonymous_1)
FNDA:1,(anonymous_2)
FNDA:2,(anonymous_3)
FNDA:1,(anonymous_4)
FNDA:13,(anonymous_5)
FNDA:1,(anonymous_6)
DA:14,15
DA:15,15
DA:16,15
DA:19,15
DA:30,15
DA:33,15
DA:35,15
DA:36,0
DA:39,15
DA:40,1
DA:41,1
DA:45,15
DA:46,2
DA:47,1
DA:54,1
DA:58,15
DA:59,1
DA:63,15
DA:64,13
DA:67,9
DA:68,1
DA:79,8
DA:80,4
DA:93,4
DA:102,15
DA:103,2
DA:110,1
DA:118,13
DA:133,1
LF:29
LH:28
BRDA:33,0,0,12
BRDA:33,0,1,3
BRDA:40,1,0,1
BRDA:40,1,1,0
BRDA:40,2,0,1
BRDA:40,2,1,1
BRDA:46,3,0,1
BRDA:46,3,1,1
BRDA:64,4,0,4
BRDA:64,4,1,9
BRDA:64,5,0,13
BRDA:64,5,1,13
BRDA:67,6,0,1
BRDA:67,6,1,8
BRDA:79,7,0,4
BRDA:79,7,1,4
BRDA:102,8,0,2
BRDA:102,8,1,13
BRDA:106,9,0,2
BRDA:106,9,1,0
BRDA:121,10,0,13
BRDA:121,10,1,0
BRF:22
BRH:19
end_of_record
TN:
SF:src/screens/HistoryScreen.tsx
FN:10,HistoryScreen
FN:16,(anonymous_1)
FN:18,(anonymous_2)
FN:30,(anonymous_3)
FN:34,(anonymous_4)
FN:72,(anonymous_5)
FNF:6
FNH:0
FNDA:0,HistoryScreen
FNDA:0,(anonymous_1)
FNDA:0,(anonymous_2)
FNDA:0,(anonymous_3)
FNDA:0,(anonymous_4)
FNDA:0,(anonymous_5)
DA:11,0
DA:12,0
DA:13,0
DA:16,0
DA:18,0
DA:19,0
DA:20,0
DA:26,0
DA:30,0
DA:31,0
DA:34,0
DA:35,0
DA:38,0
DA:39,0
DA:56,0
DA:80,0
LF:16
LH:0
BRDA:19,0,0,0
BRDA:19,0,1,0
BRDA:38,1,0,0
BRDA:38,1,1,0
BRDA:60,2,0,0
BRDA:60,2,1,0
BRF:6
BRH:0
end_of_record
TN:
SF:src/screens/StoryDetailScreen.tsx
FN:13,StoryDetailScreen
FN:26,(anonymous_1)
FN:43,(anonymous_2)
FN:76,(anonymous_3)
FNF:4
FNH:3
FNDA:12,StoryDetailScreen
FNDA:12,(anonymous_1)
FNDA:0,(anonymous_2)
FNDA:1,(anonymous_3)
DA:14,12
DA:15,12
DA:16,12
DA:17,12
DA:18,12
DA:21,12
DA:23,12
DA:26,12
DA:27,12
DA:30,12
DA:44,0
DA:45,0
DA:77,1
DA:95,1
LF:14
LH:12
BRDA:23,0,0,12
BRDA:23,0,1,0
BRDA:44,1,0,0
BRDA:44,1,1,0
BRDA:57,2,0,12
BRDA:57,2,1,12
BRDA:69,3,0,12
BRDA:69,3,1,0
BRDA:73,4,0,12
BRDA:73,4,1,12
BRF:10
BRH:6
end_of_record
TN:
SF:src/store/bookmarksStore.ts
FN:29,(anonymous_0)
FN:44,(anonymous_1)
FN:47,(anonymous_2)
FN:51,(anonymous_3)
FN:67,(anonymous_4)
FN:68,(anonymous_5)
FN:69,(anonymous_6)
FN:73,(anonymous_7)
FN:74,(anonymous_8)
FN:77,(anonymous_9)
FN:78,(anonymous_10)
FN:81,(anonymous_11)
FN:85,(anonymous_12)
FN:89,(anonymous_13)
FN:97,(anonymous_14)
FN:107,(anonymous_15)
FN:108,(anonymous_16)
FN:109,(anonymous_17)
FN:110,(anonymous_18)
FN:111,(anonymous_19)
FN:112,(anonymous_20)
FN:113,(anonymous_21)
FN:114,(anonymous_22)
FN:115,(anonymous_23)
FN:117,(anonymous_24)
FNF:25
FNH:0
FNDA:0,(anonymous_0)
FNDA:0,(anonymous_1)
FNDA:0,(anonymous_2)
FNDA:0,(anonymous_3)
FNDA:0,(anonymous_4)
FNDA:0,(anonymous_5)
FNDA:0,(anonymous_6)
FNDA:0,(anonymous_7)
FNDA:0,(anonymous_8)
FNDA:0,(anonymous_9)
FNDA:0,(anonymous_10)
FNDA:0,(anonymous_11)
FNDA:0,(anonymous_12)
FNDA:0,(anonymous_13)
FNDA:0,(anonymous_14)
FNDA:0,(anonymous_15)
FNDA:0,(anonymous_16)
FNDA:0,(anonymous_17)
FNDA:0,(anonymous_18)
FNDA:0,(anonymous_19)
FNDA:0,(anonymous_20)
FNDA:0,(anonymous_21)
FNDA:0,(anonymous_22)
FNDA:0,(anonymous_23)
FNDA:0,(anonymous_24)
DA:29,0
DA:30,0
DA:42,0
DA:44,0
DA:48,0
DA:51,0
DA:52,0
DA:55,0
DA:62,0
DA:68,0
DA:69,0
DA:74,0
DA:78,0
DA:82,0
DA:86,0
DA:90,0
DA:97,0
DA:107,0
DA:108,0
DA:109,0
DA:110,0
DA:111,0
DA:112,0
DA:113,0
DA:114,0
DA:115,0
DA:117,0
DA:118,0
DA:119,0
DA:121,0
DA:125,0
LF:31
LH:0
BRDA:51,0,0,0
BRDA:51,0,1,0
BRDA:118,1,0,0
BRDA:118,1,1,0
BRF:4
BRH:0
end_of_record
TN:
SF:src/store/historyStore.ts
FN:37,(anonymous_0)
FN:40,(anonymous_1)
FN:44,(anonymous_2)
FN:81,(anonymous_3)
FN:82,(anonymous_4)
FN:85,(anonymous_5)
FN:86,(anonymous_6)
FN:89,(anonymous_7)
FN:93,(anonymous_8)
FN:97,(anonymous_9)
FN:105,(anonymous_10)
FN:115,(anonymous_11)
FN:116,(anonymous_12)
FN:117,(anonymous_13)
FN:118,(anonymous_14)
FN:119,(anonymous_15)
FN:120,(anonymous_16)
FN:121,(anonymous_17)
FN:122,(anonymous_18)
FNF:19
FNH:0
FNDA:0,(anonymous_0)
FNDA:0,(anonymous_1)
FNDA:0,(anonymous_2)
FNDA:0,(anonymous_3)
FNDA:0,(anonymous_4)
FNDA:0,(anonymous_5)
FNDA:0,(anonymous_6)
FNDA:0,(anonymous_7)
FNDA:0,(anonymous_8)
FNDA:0,(anonymous_9)
FNDA:0,(anonymous_10)
FNDA:0,(anonymous_11)
FNDA:0,(anonymous_12)
FNDA:0,(anonymous_13)
FNDA:0,(anonymous_14)
FNDA:0,(anonymous_15)
FNDA:0,(anonymous_16)
FNDA:0,(anonymous_17)
FNDA:0,(anonymous_18)
DA:24,0
DA:35,0
DA:37,0
DA:41,0
DA:44,0
DA:48,0
DA:50,0
DA:56,0
DA:63,0
DA:70,0
DA:74,0
DA:75,0
DA:78,0
DA:82,0
DA:86,0
DA:90,0
DA:94,0
DA:98,0
DA:105,0
DA:115,0
DA:116,0
DA:117,0
DA:118,0
DA:119,0
DA:120,0
DA:121,0
DA:122,0
DA:124,0
LF:28
LH:0
BRDA:48,0,0,0
BRDA:48,0,1,0
BRDA:74,1,0,0
BRDA:74,1,1,0
BRF:4
BRH:0
end_of_record
TN:
SF:src/store/preferencesStore.ts
FN:15,(anonymous_0)
FN:18,(anonymous_1)
FN:19,(anonymous_2)
FN:25,(anonymous_3)
FNF:4
FNH:0
FNDA:0,(anonymous_0)
FNDA:0,(anonymous_1)
FNDA:0,(anonymous_2)
FNDA:0,(anonymous_3)
DA:13,0
DA:15,0
DA:18,0
DA:19,0
DA:25,0
LF:5
LH:0
BRF:0
BRH:0
end_of_record
TN:
SF:src/store/themeStore.ts
FN:13,(anonymous_0)
FN:15,(anonymous_1)
FN:25,(anonymous_2)
FNF:3
FNH:0
FNDA:0,(anonymous_0)
FNDA:0,(anonymous_1)
FNDA:0,(anonymous_2)
DA:11,0
DA:13,0
DA:15,0
DA:25,0
DA:26,0
DA:27,0
DA:31,0
DA:32,0
DA:34,0
LF:9
LH:0
BRDA:31,0,0,0
BRDA:31,0,1,0
BRDA:31,1,0,0
BRDA:31,1,1,0
BRF:4
BRH:0
end_of_record
TN:
SF:src/store/middleware/persistence.test.ts
FN:6,(anonymous_0)
FN:14,(anonymous_1)
FN:15,(anonymous_2)
FN:22,(anonymous_3)
FN:30,(anonymous_4)
FN:32,(anonymous_5)
FN:32,(anonymous_6)
FN:41,(anonymous_7)
FN:49,(anonymous_8)
FN:51,(anonymous_9)
FN:51,(anonymous_10)
FN:61,(anonymous_11)
FN:75,(anonymous_12)
FN:77,(anonymous_13)
FN:94,(anonymous_14)
FN:96,(anonymous_15)
FN:96,(anonymous_16)
FN:103,(anonymous_17)
FN:109,(anonymous_18)
FN:117,(anonymous_19)
FN:120,(anonymous_20)
FN:126,(anonymous_21)
FN:136,(anonymous_22)
FN:142,(anonymous_23)
FN:149,(anonymous_24)
FN:151,(anonymous_25)
FN:166,(anonymous_26)
FN:169,(anonymous_27)
FN:179,(anonymous_28)
FN:185,(anonymous_29)
FN:194,(anonymous_30)
FN:197,(anonymous_31)
FN:197,(anonymous_32)
FN:201,(anonymous_33)
FN:208,(anonymous_34)
FN:212,(anonymous_35)
FN:218,(anonymous_36)
FN:220,(anonymous_37)
FN:236,(anonymous_38)
FN:238,(anonymous_39)
FN:245,(anonymous_40)
FN:253,(anonymous_41)
FN:262,(anonymous_42)
FN:278,(anonymous_43)
FN:289,(anonymous_44)
FN:291,(anonymous_45)
FN:291,(anonymous_46)
FN:298,(anonymous_47)
FN:301,(anonymous_48)
FN:311,(anonymous_49)
FN:313,(anonymous_50)
FN:313,(anonymous_51)
FN:320,(anonymous_52)
FN:326,(anonymous_53)
FN:331,(anonymous_54)
FN:333,(anonymous_55)
FN:338,(anonymous_56)
FN:350,(anonymous_57)
FN:352,(anonymous_58)
FN:352,(anonymous_59)
FN:363,(anonymous_60)
FN:369,(anonymous_61)
FN:377,(anonymous_62)
FN:379,(anonymous_63)
FN:379,(anonymous_64)
FN:387,(anonymous_65)
FN:391,(anonymous_66)
FNF:67
FNH:0
FNDA:0,(anonymous_0)
FNDA:0,(anonymous_1)
FNDA:0,(anonymous_2)
FNDA:0,(anonymous_3)
FNDA:0,(anonymous_4)
FNDA:0,(anonymous_5)
FNDA:0,(anonymous_6)
FNDA:0,(anonymous_7)
FNDA:0,(anonymous_8)
FNDA:0,(anonymous_9)
FNDA:0,(anonymous_10)
FNDA:0,(anonymous_11)
FNDA:0,(anonymous_12)
FNDA:0,(anonymous_13)
FNDA:0,(anonymous_14)
FNDA:0,(anonymous_15)
FNDA:0,(anonymous_16)
FNDA:0,(anonymous_17)
FNDA:0,(anonymous_18)
FNDA:0,(anonymous_19)
FNDA:0,(anonymous_20)
FNDA:0,(anonymous_21)
FNDA:0,(anonymous_22)
FNDA:0,(anonymous_23)
FNDA:0,(anonymous_24)
FNDA:0,(anonymous_25)
FNDA:0,(anonymous_26)
FNDA:0,(anonymous_27)
FNDA:0,(anonymous_28)
FNDA:0,(anonymous_29)
FNDA:0,(anonymous_30)
FNDA:0,(anonymous_31)
FNDA:0,(anonymous_32)
FNDA:0,(anonymous_33)
FNDA:0,(anonymous_34)
FNDA:0,(anonymous_35)
FNDA:0,(anonymous_36)
FNDA:0,(anonymous_37)
FNDA:0,(anonymous_38)
FNDA:0,(anonymous_39)
FNDA:0,(anonymous_40)
FNDA:0,(anonymous_41)
FNDA:0,(anonymous_42)
FNDA:0,(anonymous_43)
FNDA:0,(anonymous_44)
FNDA:0,(anonymous_45)
FNDA:0,(anonymous_46)
FNDA:0,(anonymous_47)
FNDA:0,(anonymous_48)
FNDA:0,(anonymous_49)
FNDA:0,(anonymous_50)
FNDA:0,(anonymous_51)
FNDA:0,(anonymous_52)
FNDA:0,(anonymous_53)
FNDA:0,(anonymous_54)
FNDA:0,(anonymous_55)
FNDA:0,(anonymous_56)
FNDA:0,(anonymous_57)
FNDA:0,(anonymous_58)
FNDA:0,(anonymous_59)
FNDA:0,(anonymous_60)
FNDA:0,(anonymous_61)
FNDA:0,(anonymous_62)
FNDA:0,(anonymous_63)
FNDA:0,(anonymous_64)
FNDA:0,(anonymous_65)
FNDA:0,(anonymous_66)
DA:6,0
DA:12,0
DA:14,0
DA:15,0
DA:16,0
DA:17,0
DA:18,0
DA:19,0
DA:22,0
DA:28,0
DA:30,0
DA:32,0
DA:38,0
DA:41,0
DA:47,0
DA:49,0
DA:51,0
DA:58,0
DA:61,0
DA:64,0
DA:69,0
DA:75,0
DA:77,0
DA:78,0
DA:79,0
DA:81,0
DA:82,0
DA:84,0
DA:92,0
DA:94,0
DA:96,0
DA:103,0
DA:106,0
DA:109,0
DA:110,0
DA:116,0
DA:117,0
DA:120,0
DA:123,0
DA:126,0
DA:127,0
DA:129,0
DA:135,0
DA:136,0
DA:142,0
DA:145,0
DA:146,0
DA:149,0
DA:151,0
DA:152,0
DA:153,0
DA:155,0
DA:156,0
DA:158,0
DA:165,0
DA:166,0
DA:170,0
DA:172,0
DA:174,0
DA:179,0
DA:182,0
DA:185,0
DA:192,0
DA:194,0
DA:197,0
DA:201,0
DA:206,0
DA:208,0
DA:211,0
DA:212,0
DA:214,0
DA:215,0
DA:218,0
DA:220,0
DA:221,0
DA:222,0
DA:224,0
DA:225,0
DA:227,0
DA:235,0
DA:236,0
DA:238,0
DA:245,0
DA:248,0
DA:249,0
DA:250,0
DA:253,0
DA:259,0
DA:261,0
DA:264,0
DA:265,0
DA:271,0
DA:272,0
DA:274,0
DA:275,0
DA:278,0
DA:280,0
DA:287,0
DA:289,0
DA:291,0
DA:297,0
DA:298,0
DA:301,0
DA:302,0
DA:303,0
DA:305,0
DA:309,0
DA:311,0
DA:313,0
DA:320,0
DA:323,0
DA:326,0
DA:331,0
DA:333,0
DA:334,0
DA:338,0
DA:339,0
DA:341,0
DA:348,0
DA:350,0
DA:352,0
DA:361,0
DA:363,0
DA:366,0
DA:369,0
DA:375,0
DA:377,0
DA:379,0
DA:385,0
DA:387,0
DA:390,0
DA:391,0
DA:393,0
LF:133
LH:0
BRDA:78,0,0,0
BRDA:78,0,1,0
BRDA:81,1,0,0
BRDA:81,1,1,0
BRDA:152,2,0,0
BRDA:152,2,1,0
BRDA:155,3,0,0
BRDA:155,3,1,0
BRDA:170,4,0,0
BRDA:170,4,1,0
BRDA:172,5,0,0
BRDA:172,5,1,0
BRDA:221,6,0,0
BRDA:221,6,1,0
BRDA:224,7,0,0
BRDA:224,7,1,0
BRDA:302,8,0,0
BRDA:302,8,1,0
BRF:18
BRH:0
end_of_record
TN:
SF:src/store/middleware/persistence.ts
FN:37,(anonymous_0)
FN:44,(anonymous_1)
FN:75,(anonymous_2)
FN:75,(anonymous_3)
FN:91,(anonymous_4)
FN:133,(anonymous_5)
FN:160,(anonymous_6)
FN:175,(anonymous_7)
FN:201,(anonymous_8)
FNF:9
FNH:0
FNDA:0,(anonymous_0)
FNDA:0,(anonymous_1)
FNDA:0,(anonymous_2)
FNDA:0,(anonymous_3)
FNDA:0,(anonymous_4)
FNDA:0,(anonymous_5)
FNDA:0,(anonymous_6)
FNDA:0,(anonymous_7)
FNDA:0,(anonymous_8)
DA:37,0
DA:38,0
DA:44,0
DA:45,0
DA:75,0
DA:83,0
DA:86,0
DA:91,0
DA:92,0
DA:94,0
DA:99,0
DA:100,0
DA:104,0
DA:107,0
DA:108,0
DA:109,0
DA:111,0
DA:112,0
DA:117,0
DA:118,0
DA:121,0
DA:123,0
DA:124,0
DA:125,0
DA:133,0
DA:134,0
DA:136,0
DA:139,0
DA:145,0
DA:150,0
DA:151,0
DA:152,0
DA:160,0
DA:161,0
DA:162,0
DA:167,0
DA:168,0
DA:169,0
DA:175,0
DA:176,0
DA:179,0
DA:180,0
DA:184,0
DA:187,0
DA:190,0
DA:201,0
DA:204,0
DA:205,0
DA:207,0
LF:49
LH:0
BRDA:78,0,0,0
BRDA:80,1,0,0
BRDA:81,2,0,0
BRDA:99,3,0,0
BRDA:99,3,1,0
BRDA:107,4,0,0
BRDA:107,4,1,0
BRDA:109,5,0,0
BRDA:109,5,1,0
BRDA:111,6,0,0
BRDA:111,6,1,0
BRDA:111,7,0,0
BRDA:111,7,1,0
BRDA:124,8,0,0
BRDA:124,8,1,0
BRDA:151,9,0,0
BRDA:151,9,1,0
BRDA:168,10,0,0
BRDA:168,10,1,0
BRDA:204,11,0,0
BRDA:204,11,1,0
BRF:21
BRH:0
end_of_record
TN:
SF:src/theme/colors.ts
FNF:0
FNH:0
DA:3,4
LF:1
LH:1
BRF:0
BRH:0
end_of_record
TN:
SF:src/theme/index.ts
FNF:0
FNH:0
LF:0
LH:0
BRF:0
BRH:0
end_of_record
TN:
SF:src/theme/spacing.ts
FNF:0
FNH:0
DA:3,4
LF:1
LH:1
BRF:0
BRH:0
end_of_record
TN:
SF:src/theme/typography.ts
FNF:0
FNH:0
DA:3,4
LF:1
LH:1
BRF:0
BRH:0
end_of_record
TN:
SF:src/utils/constants.ts
FN:13,(anonymous_0)
FN:14,(anonymous_1)
FNF:2
FNH:1
FNDA:9,(anonymous_0)
FNDA:0,(anonymous_1)
DA:4,2
DA:6,2
DA:13,9
DA:14,0
DA:18,2
DA:21,2
DA:28,2
LF:7
LH:6
BRF:0
BRH:0
end_of_record
TN:
SF:src/utils/formatTime.ts
FN:5,formatRelativeTime
FN:34,formatPoints
FN:42,formatCommentCount
FN:51,extractDomain
FNF:4
FNH:4
FNDA:99,formatRelativeTime
FNDA:80,formatPoints
FNDA:82,formatCommentCount
FNDA:81,extractDomain
DA:6,99
DA:7,99
DA:8,99
DA:9,99
DA:10,99
DA:11,99
DA:12,99
DA:13,99
DA:14,99
DA:16,99
DA:17,79
DA:18,20
DA:19,3
DA:20,17
DA:21,10
DA:22,7
DA:23,3
DA:24,4
DA:25,2
DA:27,2
DA:35,80
DA:36,79
DA:43,82
DA:44,80
DA:45,79
DA:52,81
DA:53,81
DA:54,79
DA:56,2
LF:29
LH:29
BRDA:16,0,0,79
BRDA:16,0,1,20
BRDA:18,1,0,3
BRDA:18,1,1,17
BRDA:19,2,0,1
BRDA:19,2,1,2
BRDA:20,3,0,10
BRDA:20,3,1,7
BRDA:21,4,0,8
BRDA:21,4,1,2
BRDA:22,5,0,3
BRDA:22,5,1,4
BRDA:23,6,0,1
BRDA:23,6,1,2
BRDA:24,7,0,2
BRDA:24,7,1,2
BRDA:25,8,0,1
BRDA:25,8,1,1
BRDA:27,9,0,1
BRDA:27,9,1,1
BRDA:35,10,0,1
BRDA:35,10,1,79
BRDA:43,11,0,2
BRDA:43,11,1,80
BRDA:44,12,0,1
BRDA:44,12,1,79
BRF:26
BRH:26
end_of_record
TN:
SF:src/utils/parseHtml.ts
FN:13,sanitizeHtml
FN:32,(anonymous_1)
FN:46,stripHtml
FN:64,containsHtml
FNF:4
FNH:4
FNDA:19,sanitizeHtml
FNDA:2,(anonymous_1)
FNDA:15,stripHtml
FNDA:6,containsHtml
DA:6,2
DA:14,19
DA:17,17
DA:26,17
DA:30,17
DA:32,17
DA:33,2
DA:34,0
DA:36,2
DA:40,17
DA:47,15
DA:49,13
DA:65,6
LF:13
LH:12
BRDA:14,0,0,2
BRDA:14,0,1,17
BRDA:33,1,0,0
BRDA:33,1,1,2
BRDA:47,2,0,2
BRDA:47,2,1,13
BRF:6
BRH:5
end_of_record
